-1 1495932419.788184 1068.933938 -53.438867 -574.759928
-1 1495932419.819944 1040.871129 -25.483272 -567.107599
-1 1495932419.852686 1053.577123 -12.447324 -575.347346
-1 1495932419.884494 1048.57076 -13.095292 -554.209576
-1 1495932419.916887 1066.730106 -36.163463 -586.657345
-1 1495932419.950448 1060.367422 -34.846662 -587.844386
-1 1495932419.982873 1058.447728 -83.837028 -581.78563
-1 1495932420.015203 1073.863636 -128.344727 -562.470037
-1 1495932420.050599 1068.36141 -114.402406 -538.36189
-1 1495932420.080803 1079.905978 -98.537014 -524.446984
-1 1495932420.115210 1077.634823 -80.889196 -529.794774
-1 1495932420.148142 1078.390549 -65.667227 -537.717877
-1 1495932420.186023 1062.193067 -45.012333 -526.379764
-1 1495932420.213245 1073.260128 -46.678925 -504.449278
-1 1495932420.247974 1090.170196 -85.450944 -489.382472
-1 1495932420.285931 1096.095507 -108.261506 -462.328362
-1 1495932420.311082 1084.319005 -107.465926 -440.527344
-1 1495932420.347445 1091.11194 -112.746529 -432.213246
-1 1495932420.377103 1104.44003 -133.574212 -405.938906
-1 1495932420.409404 1105.458577 -152.958746 -388.792836
-1 1495932420.444911 1138.885729 -233.710413 -329.752604
-1 1495932420.478145 1144.112234 -297.66922 -281.575521
-1 1495932420.508084 1188.019122 -397.314586 -177.432158
-1 1495932420.545918 1193.268655 -454.60424 -92.80451
-1 1495932420.579770 1192.591303 -463.193578 -53.192694
-1 1495932420.607067 1204.925676 -494.998202 -43.293901
-1 1495932420.650536 1214.847403 -490.537328 -8.598189
-1 1495932420.676885 1220.958317 -499.145276 -23.940208
-1 1495932420.709316 1216.889954 -478.041607 0.952888
-1 1495932420.743995 1223.987279 -478.173762 8.708052
-1 1495932420.773131 1213.968127 -492.131706 13.273112
-1 1495932420.801559 1242.701952 -542.004162 78.341767
-1 1495932420.846253 1269.74344 -716.378519 114.379143
-1 1495932420.874301 1257.509914 -769.748588 207.64678
-1 1495932420.906715 1220.28337 -832.745162 278.361003
-1 1495932420.942392 1201.95257 -867.755724 318.983413
-1 1495932420.974712 1175.339485 -891.529813 345.798932
-1 1495932421.003922 1156.807824 -903.327179 359.737882
-1 1495932421.037522 1132.194981 -899.520045 390.383449
-1 1495932421.071577 1112.905976 -893.237006 384.679066
-1 1495932421.101726 1126.101176 -916.648732 387.751539
-1 1495932421.138023 1110.302133 -898.910589 365.478886
-1 1495932421.167189 1126.252377 -902.288619 359.295839
-1 1495932421.200351 1141.62348 -900.894198 336.852288
-1 1495932421.238090 1142.462713 -862.432729 306.941732
-1 1495932421.268604 1164.256333 -866.324516 279.083437
-1 1495932421.305003 1166.16923 -859.693577 249.495813
-1 1495932421.338872 1173.319314 -834.317083 234.942812
-1 1495932421.370060 1185.15306 -798.311715 220.127915
-1 1495932421.397229 1172.068324 -780.062335 208.331854
-1 1495932421.433098 1170.029334 -771.6225 200.349935
-1 1495932421.461471 1181.389225 -787.36549 227.214651
-1 1495932421.494236 1181.059219 -812.949205 223.420484
-1 1495932421.526001 1194.687352 -908.415056 220.128655
-1 1495932421.558996 1163.987593 -935.640584 192.050263
-1 1495932421.592877 1151.035841 -991.397194 175.618859
-1 1495932421.633292 1115.62819 -1000.147612 180.907833
-1 1495932421.662767 1117.633796 -961.765853 191.603782
-1 1495932421.694322 1127.300517 -930.35076 192.480469
-1 1495932421.731085 1144.219693 -938.259357 153.897002
-1 1495932421.757016 1151.899488 -959.513722 166.759514
-1 1495932421.787877 1163.226735 -1001.973492 164.848189
-1 1495932421.819253 1141.65876 -993.696992 215.643865
-1 1495932421.852299 1135.680459 -1047.995592 219.36553
-1 1495932421.885319 1113.508028 -1093.945611 241.947058
-1 1495932421.916484 1067.250223 -1067.543229 251.693448
-1 1495932421.949908 1042.817341 -1083.88914 262.832549
-1 1495932421.982984 1024.41508 -1101.91803 263.656709
-1 1495932422.016928 993.393938 -1088.48804 217.983546
-1 1495932422.048891 975.530312 -1098.360344 214.981726
-1 1495932422.082464 942.945677 -1127.236806 200.98803
-1 1495932422.114876 940.857812 -1125.132088 184.202252
-1 1495932422.145514 935.348511 -1140.779246 175.598884
-1 1495932422.178121 926.840557 -1170.603877 192.569987
-1 1495932422.210697 908.701602 -1177.676259 187.7471
-1 1495932422.246506 899.036014 -1158.066393 147.553415
-1 1495932422.281154 901.717677 -1133.244523 135.407789
-1 1495932422.307144 876.492194 -1143.989961 99.616033
-1 1495932422.342087 837.67076 -1153.115248 46.138509
-1 1495932422.372900 839.736245 -1204.114765 23.837003
-1 1495932422.405588 832.956118 -1270.126807 20.572917
-1 1495932422.440041 829.890627 -1262.337792 16.599343
-1 1495932422.475105 803.287298 -1232.884283 15.491462
-1 1495932422.503817 794.765218 -1254.255013 20.43753
-1 1495932422.540090 783.350765 -1256.640957 19.966264
-1 1495932422.570583 774.11462 -1265.618565 31.471946
-1 1495932422.601741 763.63997 -1268.721804 25.928474
-1 1495932422.636338 741.176097 -1278.894441 20.054303
-1 1495932422.667252 732.758216 -1290.500674 26.84881
-1 1495932422.698933 710.844028 -1289.470109 19.543827
-1 1495932422.733323 706.233007 -1308.345363 6.29069
-1 1495932422.764493 691.363733 -1325.304645 -2.234627
-1 1495932422.800136 693.733007 -1305.442014 6.171209
-1 1495932422.833694 673.032934 -1314.832737 2.6726
-1 1495932422.865146 671.784395 -1311.292897 -3.025494
-1 1495932422.895754 664.441565 -1328.328141 -7.490678
-1 1495932422.935143 662.718686 -1338.656417 -8.155777
-1 1495932422.965146 655.849087 -1360.175224 -26.821437
-1 1495932422.996965 661.336402 -1387.441287 -14.081365
-1 1495932423.033282 661.152487 -1385.073123 4.876154
-1 1495932423.067072 663.864829 -1375.516278 55.009322
-1 1495932423.100972 650.974505 -1378.84349 44.006718
-1 1495932423.128860 653.047504 -1399.588145 43.578732
-1 1495932423.159883 672.166697 -1404.198224 28.388746
-1 1495932423.189215 689.380877 -1388.90759 70.290305
-1 1495932423.222291 682.592889 -1378.132364 40.406383
-1 1495932423.253854 679.107805 -1402.366041 17.854818
-1 1495932423.287296 682.150847 -1389.872543 -0.73871
-1 1495932423.319315 683.518566 -1383.231685 -9.377959
-1 1495932423.356325 694.960068 -1360.918028 -7.270212
-1 1495932423.384925 711.281852 -1375.995138 4.832135
-1 1495932423.417489 714.924633 -1364.242653 11.704693
-1 1495932423.452430 719.946497 -1369.601374 26.073109
-1 1495932423.483805 714.734823 -1353.93564 40.194425
-1 1495932423.525149 707.851052 -1348.549752 44.099565
-1 1495932423.551742 716.274296 -1353.857521 52.341161
-1 1495932423.583934 715.926396 -1353.027443 60.020493
-1 1495932423.620030 722.970015 -1359.078913 52.728826
-1 1495932423.651739 734.658004 -1364.987382 45.012133
-1 1495932423.680122 737.111502 -1379.16346 38.901589
-1 1495932423.715812 745.488254 -1353.581238 42.827814
-1 1495932423.814022 773.090732 -1237.028105 14.572976
-1 1495932423.943820 781.097874 -1165.723187 -168.075284
-1 1495932423.975900 820.254702 -1134.464562 -225.972124
-1 1495932424.005501 821.451245 -1107.227823 -286.14428
-1 1495932424.035968 815.60847 -1055.991961 -336.06253
-1 1495932424.068414 817.970345 -1007.78102 -409.223707
-1 1495932424.105765 826.233257 -989.885944 -497.337757
-1 1495932424.140746 829.938253 -925.513757 -542.7616
-1 1495932424.169472 835.465587 -860.466236 -615.316495
-1 1495932424.199847 833.310029 -820.626964 -677.566806
-1 1495932424.233648 838.948383 -735.632324 -738.657449
-1 1495932424.268055 839.796263 -658.690511 -806.016587
-1 1495932424.301403 823.383817 -617.361948 -843.405614
-1 1495932424.338776 826.034222 -563.022249 -906.692042
-1 1495932424.366929 801.715735 -488.484723 -943.248402
-1 1495932424.396338 807.605397 -466.157532 -987.484094
-1 1495932424.435345 805.366007 -438.100334 -1031.343587
-1 1495932424.463330 799.378227 -420.11523 -1061.192183
-1 1495932424.493134 772.592394 -427.153612 -918.390078
-1 1495932424.541378 812.170965 -386.750412 -1149.453828
-1 1495932424.563871 710.21465 -306.632913 -1042.06432
-1 1495932424.595656 800.197185 -335.040316 -1239.970814
-1 1495932424.693780 765.035965 -278.876313 -1390.371612
-1 1495932424.732479 729.907596 -243.460481 -1476.884322
-1 1495932424.760070 723.490443 -255.087313 -1499.657278
-1 1495932424.793199 687.282886 -220.53639 -1548.522949
-1 1495932424.824860 649.598185 -235.114189 -1545.379084
-1 1495932424.856988 653.855133 -235.181991 -1673.92985
-1 1495932424.887548 621.136821 -242.571142 -1702.216871
-1 1495932424.919747 587.427428 -274.899392 -1700.572621
-1 1495932424.955728 555.92819 -259.122898 -1760.36118
-1 1495932424.984861 538.106479 -280.0935 -1778.619755
-1 1495932425.015514 503.584151 -293.914264 -1799.059319
-1 1495932425.053739 460.47139 -294.734888 -1841.093306
-1 1495932425.085787 429.686922 -334.098385 -1855.849387
-1 1495932425.113498 377.070941 -366.15249 -1858.774636
-1 1495932425.146893 347.465608 -392.062635 -1881.900302
-1 1495932425.179213 317.551422 -393.30315 -1923.020426
-1 1495932425.214231 156.725496 -190.553814 -1533.161695
-1 1495932425.245413 139.169103 -234.013101 -1532.076194
-1 1495932425.277279 98.11443 -251.688783 -1544.81978
-1 1495932425.312490 93.305784 -315.139588 -1530.75469
-1 1495932425.345581 84.023262 -326.810505 -1501.918353
-1 1495932425.374272 81.437706 -415.660725 -1545.633767
-1 1495932425.406054 72.868694 -493.175838 -1517.469741
-1 1495932425.438655 55.008489 -579.053066 -1495.913974
-1 1495932425.470587 44.716321 -636.381398 -1488.77323
-1 1495932425.505287 28.029609 -718.125318 -1461.982681
-1 1495932425.543301 10.321877 -897.079003 -1586.246375
-1 1495932425.570773 11.093325 -978.568268 -1556.484153
-1 1495932425.605754 -11.369879 -1092.840974 -1602.277536
-1 1495932425.633267 -23.327452 -1112.468454 -1604.380845
-1 1495932425.675230 -38.664754 -1198.20696 -1561.952718
-1 1495932425.699464 -39.961289 -1268.846429 -1528.583134
-1 1495932425.738467 -25.687432 -1322.048718 -1476.671808
-1 1495932425.766951 -30.108735 -1368.428239 -1467.119252
-1 1495932425.797529 -30.645012 -1399.636509 -1447.80107
-1 1495932425.835226 -20.036778 -1455.729742 -1412.038167
-1 1495932425.861380 -2.512521 -1513.342683 -1373.650198
-1 1495932425.895878 6.321624 -1544.540637 -1344.499438
-1 1495932425.927118 8.421464 -1579.712378 -1323.448967
-1 1495932425.961118 12.324015 -1600.264342 -1291.668146
-1 1495932425.993631 27.601716 -1711.420009 -1278.690592
-1 1495932426.024767 32.253936 -1731.935816 -1261.477199
-1 1495932426.057712 26.533508 -1747.185019 -1244.562692
-1 1495932426.090002 27.195416 -1737.007373 -1230.280096
-1 1495932426.123092 30.326103 -1723.229815 -1223.379424
-1 1495932426.154962 13.599326 -1694.387652 -1218.654933
-1 1495932426.190326 9.00583 -1696.525773 -1217.967085
-1 1495932426.220359 22.983759 -1696.421781 -1212.406228
-1 1495932426.252008 8.447404 -1690.544858 -1212.838468
-1 1495932426.284570 15.541354 -1678.673155 -1206.49784
-1 1495932426.319792 -3.33927 -1621.821727 -1159.610818
-1 1495932426.350038 13.714045 -1618.293165 -1176.313366
-1 1495932426.383212 12.077563 -1644.144008 -1192.74107
-1 1495932426.415805 5.357361 -1702.399378 -1229.108221
-1 1495932426.449770 12.697856 -1701.223689 -1228.381718
-1 1495932426.480491 10.856628 -1624.299986 -1225.375274
-1 1495932426.516957 11.508502 -1638.064642 -1242.038796
-1 1495932426.546993 16.850697 -1625.677656 -1244.334458
-1 1495932426.579125 19.541839 -1562.443111 -1218.012584
-1 1495932426.613756 17.999776 -1570.41271 -1239.220821
-1 1495932426.647534 23.210144 -1572.53272 -1245.717736
-1 1495932426.675855 30.854844 -1570.020891 -1262.425463
-1 1495932426.716525 14.1547 -1517.100094 -1307.858184
-1 1495932426.746527 13.152891 -1482.086911 -1333.487216
-1 1495932426.781599 16.414434 -1469.013546 -1346.499726
-1 1495932426.817889 20.008018 -1453.489519 -1355.910423
-1 1495932426.843715 37.132494 -1397.910773 -1372.726163
-1 1495932426.875126 33.263467 -1347.642451 -1396.329568
-1 1495932426.904930 35.691649 -1302.647997 -1422.321112
-1 1495932426.934884 37.74021 -1198.487489 -1444.775206
-1 1495932426.967380 42.443432 -1150.849251 -1471.036969
-1 1495932427.003070 31.159649 -1089.152792 -1494.09901
-1 1495932427.039103 27.628719 -1023.334735 -1505.259196
-1 1495932427.065429 30.928964 -943.024212 -1503.114273
-1 1495932427.098441 43.218162 -863.595681 -1484.808535
-1 1495932427.135619 54.959615 -784.429865 -1495.581979
-1 1495932427.173190 52.025743 -694.676242 -1484.976289
-1 1495932427.199188 64.668991 -602.940501 -1484.60268
-1 1495932427.235533 62.357677 -573.488915 -1543.178859
-1 1495932427.267299 57.882644 -527.535895 -1546.224328
-1 1495932427.294368 60.138171 -489.432957 -1549.793775
-1 1495932427.325705 54.250636 -469.817435 -1578.778261
-1 1495932427.357623 75.658255 -497.825623 -1616.837935
-1 1495932427.390241 24.776551 -388.184722 -1624.133856
-1 1495932427.422695 103.880218 -342.797221 -1565.9938
-1 1495932427.456172 140.856564 -284.693842 -1515.093439
-1 1495932427.491713 164.653084 -230.227661 -1482.484205
-1 1495932427.531232 161.833561 -169.33816 -1477.91896
-1 1495932427.553901 260.319612 -163.647096 -1464.025139
-1 1495932427.589045 234.177237 -63.934393 -1488.325824
-1 1495932427.628777 250.882074 95.095925 -1360.420181
-1 1495932427.658283 272.940387 59.440745 -1365.621301
-1 1495932427.688560 430.187306 49.58725 -1340.340539
-1 1495932427.725722 317.717176 -14.427583 -1323.383123
-1 1495932427.749859 343.128817 -3.413292 -1354.880223
-1 1495932427.781699 339.930979 -24.731711 -1440.02778
-1 1495932427.814067 358.724143 -101.960423 -1494.472989
-1 1495932427.848733 402.759286 -128.873079 -1493.511593
-1 1495932427.879682 402.119376 -93.36309 -1491.543672
-1 1495932427.912046 423.103344 -89.691162 -1475.370465
-1 1495932427.948896 471.389597 -130.12619 -1449.291252
-1 1495932427.979843 520.49238 -177.681732 -1424.580152
-1 1495932428.018000 570.260106 -209.279268 -1391.07592
-1 1495932428.041857 599.884438 -237.157308 -1371.437396
-1 1495932428.074158 615.198424 -250.725871 -1350.631806
-1 1495932428.109428 659.475789 -284.503107 -1310.204153
-1 1495932428.146545 677.970285 -304.699209 -1276.02798
-1 1495932428.174852 702.959604 -316.894415 -1251.381059
-1 1495932428.203197 719.717407 -344.424621 -1203.309585
-1 1495932428.239624 737.234127 -405.467473 -1172.759455
-1 1495932428.276084 749.03042 -455.708238 -1116.224624
-1 1495932428.304716 764.389316 -533.254798 -1055.140825
-1 1495932428.340098 764.106311 -615.595577 -993.478116
-1 1495932428.371072 770.569865 -723.374375 -901.418975
-1 1495932428.402012 777.912417 -825.319705 -795.170455
-1 1495932428.437668 780.837065 -954.041357 -671.966738
-1 1495932428.466817 768.983043 -998.90087 -562.367942
-1 1495932428.502375 777.500499 -1092.65684 -443.279105
-1 1495932428.528387 781.669478 -1196.118131 -347.631096
-1 1495932428.562666 786.181918 -1247.621918 -255.435458
-1 1495932428.598434 789.359885 -1277.222011 -166.756925
-1 1495932428.626896 795.03946 -1326.880082 -83.943315
-1 1495932428.661406 801.496471 -1365.920987 -39.739805
-1 1495932428.694105 804.254081 -1361.05622 21.395967
-1 1495932428.721785 804.844989 -1373.900007 69.701039
-1 1495932428.758464 809.529692 -1384.047765 118.746301
-1 1495932428.796506 807.804778 -1351.628544 157.158869
-1 1495932428.822432 802.807085 -1347.148763 193.564675
-1 1495932428.852379 805.456219 -1346.316396 232.745176
-1 1495932428.884904 806.3213 -1353.298851 266.049287
-1 1495932428.915695 799.698338 -1333.601413 297.135047
-1 1495932428.954644 785.634706 -1368.367734 338.298636
-1 1495932428.981447 785.35503 -1370.02318 365.17186
-1 1495932429.015095 781.503065 -1333.167167 400.837106
-1 1495932429.053671 755.072391 -1396.22826 447.275243
-1 1495932429.079983 746.456678 -1394.014342 493.279844
-1 1495932429.119635 734.110584 -1402.470066 526.310961
-1 1495932429.145957 729.399687 -1254.807812 519.887103
-1 1495932429.181412 699.550397 -937.250121 84.020996
-1 1495932429.210751 674.263162 -923.26889 129.877634
-1 1495932429.243856 634.765116 -934.42217 121.378211
-1 1495932429.282034 633.979797 -959.148075 131.142726
-1 1495932429.318091 635.744869 -983.508732 152.514648
-1 1495932429.344731 634.116988 -1003.295998 150.829338
-1 1495932429.375085 628.525982 -1037.122942 142.170484
-1 1495932429.405474 606.249757 -1060.306416 152.619703
-1 1495932429.439143 613.4784 -1055.596526 278.101696
-1 1495932429.472092 662.539997 -447.162429 352.26348
-1 1495932429.504608 459.449216 -507.998027 357.774029
-1 1495932429.536571 455.627277 -573.300071 337.443774
-1 1495932429.572419 465.146328 -659.450995 327.619703
-1 1495932429.601037 738.286313 -1291.609391 367.445327
-1 1495932429.634644 752.714908 -1342.65412 295.340983
-1 1495932429.666334 792.532464 -1317.936906 248.143052
-1 1495932429.704074 816.037126 -1247.447205 189.113178
-1 1495932429.739936 828.135473 -1187.370068 130.420292
-1 1495932429.772973 847.871538 -1134.746817 83.38697
-1 1495932429.806569 861.225382 -1062.918522 29.635713
-1 1495932429.834798 874.583204 -1033.512945 -46.056019
-1 1495932429.866654 892.494109 -982.679085 -90.462979
-1 1495932429.898514 901.613455 -920.455899 -176.0265
-1 1495932429.928819 919.649714 -871.327939 -264.068788
-1 1495932429.962650 937.00002 -860.919422 -366.8986
-1 1495932429.994982 937.087504 -782.396134 -453.69873
-1 1495932430.028946 926.218761 -749.860017 -548.841812
-1 1495932430.060957 938.969283 -681.334355 -649.905303
-1 1495932430.093990 940.198956 -621.841961 -744.640004
-1 1495932430.134525 925.745507 -554.081859 -815.220688
-1 1495932430.163505 915.047154 -494.991601 -899.987793
-1 1495932430.193565 902.73063 -469.930201 -943.882058
-1 1495932430.223699 877.826483 -425.563049 -1024.797844
-1 1495932430.256314 876.376389 -399.256797 -1113.957815
-1 1495932430.289009 863.213556 -382.819798 -1181.749379
-1 1495932430.322716 822.674468 -370.947796 -1225.134647
-1 1495932430.363063 788.189905 -336.642788 -1284.753973
-1 1495932430.391294 764.295058 -349.635265 -1355.323005
-1 1495932430.428190 751.568604 -358.062388 -1412.795188
-1 1495932430.456170 720.29738 -365.050739 -1451.972175
-1 1495932430.485349 673.485981 -347.339887 -1517.071348
-1 1495932430.517804 662.588547 -397.773287 -1552.967418
-1 1495932430.559046 645.491953 -392.856515 -1607.00924
-1 1495932430.587589 576.213721 -173.717764 -1496.87389
-1 1495932430.628085 506.569209 -408.544227 -1670.47748
-1 1495932430.654376 455.665981 -416.770682 -1679.718942
-1 1495932430.686355 422.546236 -417.213504 -1690.17408
-1 1495932430.725407 400.335451 -437.054758 -1687.893584
-1 1495932430.748857 337.393813 -393.013083 -1672.378817
-1 1495932430.780517 293.623606 -408.806768 -1685.653409
-1 1495932430.812299 269.498883 -427.665661 -1692.540024
-1 1495932430.848618 212.479921 -394.516157 -1647.399163
-1 1495932430.878164 174.328394 -422.387861 -1677.675559
-1 1495932430.911419 145.571414 -447.995327 -1670.235559
-1 1495932430.944384 128.261867 -495.310775 -1668.081018
-1 1495932430.976630 101.854278 -512.01278 -1649.144398
-1 1495932431.008940 145.971703 -710.120226 -1675.192353
-1 1495932431.042714 138.317362 -818.885339 -1684.135853
-1 1495932431.074091 145.86829 -907.191202 -1667.698531
-1 1495932431.110234 128.991607 -980.579244 -1663.011401
-1 1495932431.146325 103.096817 -1047.432676 -1662.590998
-1 1495932431.172352 92.901981 -1111.947632 -1647.372159
-1 1495932431.205201 80.260167 -1192.790985 -1625.631991
-1 1495932431.242370 78.907452 -1223.895993 -1580.445076
-1 1495932431.270731 45.702848 -1279.347859 -1564.065829
-1 1495932431.303360 43.156479 -1303.055772 -1524.618068
-1 1495932431.337622 38.01436 -1356.322612 -1495.512066
-1 1495932431.368914 19.995903 -1406.320091 -1460.906058
-1 1495932431.401602 9.82162 -1443.676161 -1431.033418
-1 1495932431.433714 30.291286 -1489.23383 -1401.66515
-1 1495932431.466702 4.861358 -1490.348186 -1371.426484
-1 1495932431.499397 -0.171268 -1520.20466 -1355.394953
-1 1495932431.534974 14.648622 -1583.603403 -1332.319965
-1 1495932431.572631 -9.99631 -1606.135659 -1302.018229
-1 1495932431.598200 -13.533159 -1634.308226 -1285.028261
-1 1495932431.630123 -1.519359 -1665.909377 -1271.098189
-1 1495932431.666032 9.798085 -1721.50524 -1261.26598
-1 1495932431.699473 -0.447314 -1711.629652 -1248.328192
-1 1495932431.735198 -6.141986 -1724.994328 -1239.964156
-1 1495932431.761549 -8.034677 -1725.716666 -1233.381977
-1 1495932431.795361 -3.435586 -1743.331478 -1230.192982
-1 1495932431.837169 3.269958 -1748.187223 -1217.696126
-1 1495932431.863636 20.175217 -1772.625699 -1224.371153
-1 1495932431.893641 26.407831 -1804.468072 -1215.99639
-1 1495932431.924961 47.579216 -1829.061724 -1205.123254
-1 1495932431.957845 70.28804 -1824.57554 -1198.892674
-1 1495932431.990336 52.692668 -1818.860029 -1196.942324
-1 1495932432.023063 62.254611 -1833.583036 -1202.648001
-1 1495932432.060529 62.795373 -1844.946422 -1193.715228
-1 1495932432.088211 63.727177 -1851.607646 -1188.493578
-1 1495932432.123558 69.503969 -1854.233717 -1187.258634
-1 1495932432.156703 60.734142 -1820.372938 -1192.572576
-1 1495932432.189032 72.997168 -1831.907123 -1185.438861
-1 1495932432.219815 75.498176 -1846.241594 -1182.215465
-1 1495932432.251387 72.668087 -1846.98629 -1183.767608
-1 1495932432.285508 83.114809 -1820.151122 -1190.084192
-1 1495932432.317483 77.435256 -1782.406484 -1196.378211
-1 1495932432.360348 84.382537 -1788.844565 -1200.809548
-1 1495932432.385970 76.690258 -1775.863084 -1218.727066
-1 1495932432.416704 78.655451 -1760.185374 -1234.080552
-1 1495932432.449885 77.470213 -1730.040011 -1243.60814
-1 1495932432.482031 50.88071 -1675.895658 -1264.280377
-1 1495932432.515060 66.079388 -1683.302539 -1278.539669
-1 1495932432.550484 35.479829 -1632.636692 -1306.504128
-1 1495932432.583993 24.637072 -1574.857563 -1323.688484
-1 1495932432.622303 39.224844 -1552.436033 -1345.773223
-1 1495932432.645707 31.187855 -1524.141162 -1372.617224
-1 1495932432.679010 39.135049 -1485.855003 -1394.647032
-1 1495932432.710687 12.804436 -1435.11389 -1417.236698
-1 1495932432.743724 22.549485 -1403.093653 -1432.231186
-1 1495932432.778767 0.878675 -1323.012145 -1449.03324
-1 1495932432.817756 0.182366 -1216.825336 -1439.926055
-1 1495932432.843689 -9.540905 -1174.633988 -1462.579531
-1 1495932432.874979 -19.181593 -1162.959489 -1480.748957
-1 1495932432.907197 -32.065929 -1147.679768 -1497.59466
-1 1495932432.941145 -28.097904 -1101.917565 -1523.011364
-1 1495932432.972431 -33.615251 -1054.422793 -1535.705936
-1 1495932433.005569 -28.726982 -1017.489126 -1552.67186
-1 1495932433.038713 -39.175045 -975.495513 -1554.887066
-1 1495932433.077439 -27.821211 -929.371112 -1525.088778
-1 1495932433.112503 -55.367903 -873.004615 -1516.443981
-1 1495932433.136487 -13.62203 -812.013709 -1477.347634
-1 1495932433.172141 30.633406 -862.345886 -1504.066791
-1 1495932433.210888 57.285956 -819.944896 -1566.950758
-1 1495932433.241783 79.266496 -872.47885 -1572.565437
-1 1495932433.267702 61.58512 -892.357602 -1583.439313
-1 1495932433.300764 26.616183 -1164.839405 -1381.761031
-1 1495932433.335243 31.097643 -1042.577329 -1439.206765
-1 1495932433.375143 62.72939 -925.48931 -1571.275746
-1 1495932433.401633 119.549029 -791.510275 -1576.999179
-1 1495932433.432485 129.507631 -769.710275 -1621.042702
-1 1495932433.464438 135.821996 -819.505741 -1628.525243
-1 1495932433.497538 156.313763 -839.705558 -1632.300545
-1 1495932433.529635 155.60386 -891.235219 -1640.11212
-1 1495932433.563603 158.286678 -839.080744 -1657.145182
-1 1495932433.598421 221.211127 -853.233934 -1685.661177
-1 1495932433.630802 248.956495 -893.16456 -1656.160112
-1 1495932433.669020 228.255902 -898.075701 -1667.942856
-1 1495932433.693242 229.309845 -799.242202 -1643.36104
-1 1495932433.727729 210.650704 -733.956279 -1626.325758
-1 1495932433.758501 245.560386 -698.782315 -1628.980602
-1 1495932433.791963 78.678848 -724.547477 -1647.136341
-1 1495932433.832197 188.697399 -640.391275 -1618.920159
-1 1495932433.858741 179.415292 -615.461598 -1643.579841
-1 1495932433.889536 274.912493 -555.463443 -1593.295196
-1 1495932433.923444 300.558668 -513.587288 -1592.390951
-1 1495932433.954336 319.302183 -420.508874 -1587.153394
-1 1495932433.987090 303.310059 -443.931978 -1676.31651
-1 1495932434.025120 248.902616 -459.03589 -1685.516542
-1 1495932434.055713 403.494228 -764.489481 -1626.926491
-1 1495932434.085446 506.47049 -629.512737 -1558.371434
-1 1495932434.117170 343.514171 -60.670007 -1365.46002
-1 1495932434.149003 266.468996 -162.034607 -1435.13424
-1 1495932434.182543 299.835876 -125.040403 -1423.494836
-1 1495932434.223987 364.840432 -140.430218 -1389.78068
-1 1495932434.247787 346.518106 -58.307548 -1336.900376
-1 1495932434.281612 359.9989 2.46111 -1267.746619
-1 1495932434.312537 374.696419 -25.583881 -1110.863888
-1 1495932434.346477 429.501765 -23.854131 -1069.412694
-1 1495932434.378448 419.098305 37.82488 -1082.133715
-1 1495932434.410738 728.437458 -490.178249 -1303.962476
-1 1495932434.445550 739.378264 -511.553159 -1308.999171
-1 1495932434.477069 750.980793 -452.135633 -1296.646396
-1 1495932434.509645 619.713338 -70.31104 -176.288767
-1 1495932434.542794 599.029564 -309.475509 -143.120783
-1 1495932434.574199 813.691688 -605.95995 -576.219223
-1 1495932434.606549 983.835024 -860.769123 -435.720733
-1 1495932434.646163 1019.319107 -843.653671 -388.257576
-1 1495932434.672619 1016.139129 -913.163094 -343.714489
-1 1495932434.712979 881.720017 -657.641204 -667.541874
-1 1495932434.739795 1056.666472 -711.540488 -868.515477
-1 1495932434.774743 1023.077994 -766.553265 -812.009499
-1 1495932434.802664 1014.669939 -794.864489 -692.602539
-1 1495932434.836278 1004.108059 -657.228088 -484.463778
-1 1495932434.867927 1042.274244 -869.976077 -357.347523
-1 1495932434.900946 1058.376104 -1013.573953 -265.983073
-1 1495932434.933305 1060.954886 -1132.76606 -171.934556
-1 1495932434.966313 1081.628557 -1260.124339 -54.669744
-1 1495932435.001562 1030.917821 -930.973418 134.322473
-1 1495932435.033280 976.466092 -1256.781271 -92.234848
-1 1495932435.071643 966.183518 -1285.335806 24.377811
-1 1495932435.100289 914.185079 -1101.050236 95.593632
-1 1495932435.129340 919.421433 -1326.342243 196.113725
-1 1495932435.163743 894.916188 -1341.414875 250.720585
-1 1495932435.198165 881.23058 -1354.720771 290.972346
-1 1495932435.228084 866.880382 -1390.453405 301.364968
-1 1495932435.260994 813.269205 -1384.006666 281.487482
-1 1495932435.293842 785.038896 -1323.370859 244.291548
-1 1495932435.326819 768.403209 -1113.936582 170.375015
-1 1495932435.368333 762.628451 -1057.545869 187.814424
-1 1495932435.396760 735.949013 -1051.016832 228.894783
-1 1495932435.425360 723.614941 -1051.451741 250.180146
-1 1495932435.454998 729.058075 -1206.458548 314.578155
-1 1495932435.488589 681.340628 -1240.081256 283.672911
-1 1495932435.520329 664.125165 -1221.982176 276.647949
-1 1495932435.556266 686.437665 -1228.89338 283.47057
-1 1495932435.588123 688.686972 -1248.451963 282.134455
-1 1495932435.618535 692.151919 -1227.61728 263.328968
-1 1495932435.656462 708.822493 -1145.297706 244.785748
-1 1495932435.684772 709.266212 -1123.457071 242.426092
-1 1495932435.716850 699.387649 -1064.738929 236.531206
-1 1495932435.752087 698.733544 -1072.092405 252.028957
-1 1495932435.781817 696.60203 -1131.511124 254.804392
-1 1495932435.814598 697.427183 -1266.414476 263.455108
-1 1495932435.853926 690.335199 -1316.750833 276.545484
-1 1495932435.884234 681.945385 -1393.499955 303.49491
-1 1495932435.912742 680.264063 -1405.034007 305.524606
-1 1495932435.946847 677.876918 -1383.908877 298.635402
-1 1495932435.982728 676.155911 -1386.75348 308.484996
-1 1495932436.012020 680.527623 -1322.249968 298.899518
-1 1495932436.045576 675.751576 -1329.709028 314.471621
-1 1495932436.076710 671.666972 -1355.287767 315.562115
-1 1495932436.109059 673.992816 -1347.934458 309.524814
-1 1495932436.142890 665.610943 -1308.566417 296.533573
-1 1495932436.175072 676.892067 -1312.625686 319.503877
-1 1495932436.208360 678.593017 -1261.373835 306.16714
-1 1495932436.242710 673.043604 -1301.992964 318.185147
-1 1495932436.280027 674.168442 -1288.817895 353.228575
-1 1495932436.306601 668.284445 -1289.709804 339.904045
-1 1495932436.338269 683.897735 -1293.637184 338.788767
-1 1495932436.375098 696.579107 -1246.870754 317.684289
-1 1495932436.404672 693.877457 -1238.84692 311.192368
-1 1495932436.437806 670.416133 -1134.959843 277.626731
-1 1495932436.468486 693.461829 -1022.52174 276.219963
-1 1495932436.501227 688.195153 -951.756884 260.289418
-1 1495932436.534180 715.921934 -970.867323 261.510121
-1 1495932436.565785 713.802153 -1028.252942 257.694869
-1 1495932436.603123 724.27471 -1126.218315 250.317013
-1 1495932436.640452 726.432419 -1295.923449 294.560473
-1 1495932436.668112 715.255379 -1299.946528 261.505682
-1 1495932436.697800 736.010482 -1267.496723 213.262015
-1 1495932436.732123 756.042943 -1246.364361 160.498417
-1 1495932436.771291 782.565701 -1265.130715 88.153631
-1 1495932436.795698 802.228558 -1211.091713 38.452148
-1 1495932436.830032 820.249893 -1138.030541 -39.972109
-1 1495932436.864359 845.324794 -1123.202415 -119.390314
-1 1495932436.894735 865.19606 -1083.077605 -201.322798
-1 1495932436.935794 874.556356 -1016.618148 -261.614435
-1 1495932436.959884 884.845265 -946.149279 -348.472641
-1 1495932436.993382 883.161054 -754.067363 -466.564571
-1 1495932437.029978 888.975571 -709.48629 -536.217152
-1 1495932437.065066 886.419678 -632.957458 -584.056138
-1 1495932437.096779 886.508046 -572.91283 -645.547393
-1 1495932437.123602 878.267014 -524.201799 -721.452193
-1 1495932437.158152 870.837139 -468.062658 -771.412612
-1 1495932437.189606 857.745986 -424.491915 -829.802542
-1 1495932437.221462 829.53023 -378.493981 -865.523275
-1 1495932437.254331 810.303506 -343.4294 -924.349328
-1 1495932437.288702 796.285005 -308.565355 -973.916533
-1 1495932437.329250 785.451895 -290.920639 -1029.870605
-1 1495932437.352079 756.577235 -254.774409 -1067.123506
-1 1495932437.386568 750.463431 -232.900653 -1118.70931
-1 1495932437.418648 719.531499 -161.24324 -1162.900982
-1 1495932437.450769 711.380002 -155.855361 -1223.568818
-1 1495932437.484510 694.724369 -148.463705 -1277.257191
-1 1495932437.516059 658.798888 -138.181736 -1334.318404
-1 1495932437.550790 639.045054 -126.166767 -1382.053445
-1 1495932437.587489 645.91465 -109.523077 -1409.013413
-1 1495932437.613820 611.646057 -116.005209 -1419.445431
-1 1495932437.653231 598.367171 -91.063989 -1454.013154
-1 1495932437.681642 574.223937 -82.527758 -1508.173162
-1 1495932437.718123 546.460475 -81.644241 -1543.481815
-1 1495932437.752452 519.33744 -87.585847 -1567.57831
-1 1495932437.779160 491.481573 -74.719537 -1596.385054
-1 1495932437.811400 469.724135 -104.285663 -1620.936723
-1 1495932437.841351 452.687613 -133.983114 -1696.596458
-1 1495932437.874167 433.20335 -162.355241 -1644.567871
-1 1495932437.906498 401.642117 -191.518966 -1702.822599
-1 1495932437.941716 388.143083 -199.035877 -1715.504039
-1 1495932437.972363 355.326046 -160.830755 -1751.66367
-1 1495932438.003593 325.725983 -137.138732 -1796.285733
-1 1495932438.037635 290.685359 -199.436884 -1848.345207
-1 1495932438.079576 259.238133 -211.644015 -1872.691022
-1 1495932438.110156 205.288974 -250.224785 -1870.183586
-1 1495932438.143396 186.513083 -318.613401 -1886.487741
-1 1495932438.171367 159.018759 -356.150934 -1899.123313
-1 1495932438.206665 143.372293 -321.99911 -1784.113474
-1 1495932438.233712 55.608335 -188.501142 -1485.079679
-1 1495932438.265125 39.865773 -270.539093 -1491.595274
-1 1495932438.305875 27.770487 -372.34434 -1459.903786
-1 1495932438.330358 18.622286 -458.412618 -1427.952622
-1 1495932438.363547 -1.02146 -547.42498 -1440.91279
-1 1495932438.398730 -9.176214 -648.439026 -1383.566747
-1 1495932438.428869 -43.641356 -701.596202 -1444.586921
-1 1495932438.461998 37.329847 -589.642201 -1429.901678
-1 1495932438.494792 -91.900401 -827.828382 -1461.176647
-1 1495932438.527890 -172.64857 -1031.571695 -1612.104936
-1 1495932438.567425 -171.25724 -1071.524181 -1577.242765
-1 1495932438.593054 -148.945993 -1165.976383 -1571.067116
-1 1495932438.631882 -137.129963 -1251.008838 -1557.653254
-1 1495932438.666541 -119.015711 -1306.606094 -1545.702015
-1 1495932438.698232 -100.626616 -1364.805603 -1527.956691
-1 1495932438.724148 -89.762283 -1402.748871 -1511.956787
-1 1495932438.755210 -69.077226 -1437.553107 -1501.448938
-1 1495932438.790895 -70.827658 -1474.892193 -1481.690933
-1 1495932438.823388 -70.346959 -1526.856663 -1476.293945
-1 1495932438.860495 -61.277673 -1538.376253 -1471.348063
-1 1495932438.888436 -59.722057 -1523.875062 -1471.153121
-1 1495932438.918129 -54.959395 -1529.340263 -1460.129616
-1 1495932438.950950 -46.04298 -1543.652609 -1467.59736
-1 1495932438.984565 -45.157641 -1533.276434 -1464.428526
-1 1495932439.016644 -41.499982 -1540.696252 -1456.382058
-1 1495932439.049232 -30.655283 -1508.66268 -1443.451483
-1 1495932439.087811 -35.761209 -1547.421696 -1446.524325
-1 1495932439.118937 -12.880013 -1566.023453 -1449.255001
-1 1495932439.155920 -44.055979 -1542.059625 -1443.628115
-1 1495932439.186212 -37.12735 -1518.658381 -1461.3481
-1 1495932439.214504 -22.410624 -1508.917104 -1459.382583
-1 1495932439.249499 -27.976897 -1516.591976 -1450.859301
-1 1495932439.286199 -31.113758 -1516.999684 -1446.527839
-1 1495932439.314197 -37.043121 -1517.412766 -1444.272498
-1 1495932439.345910 -43.342012 -1497.69715 -1449.657833
-1 1495932439.379284 -44.643957 -1480.181984 -1454.525479
-1 1495932439.411193 -46.454146 -1475.209178 -1450.28594
-1 1495932439.445628 -47.097605 -1466.198531 -1455.94353
-1 1495932439.484454 -35.686961 -1448.100049 -1458.976237
-1 1495932439.509001 -34.330715 -1448.310056 -1456.539825
-1 1495932439.543201 -28.933641 -1435.945959 -1459.70237
-1 1495932439.574773 -29.331311 -1428.581802 -1468.309992
-1 1495932439.609553 -25.739531 -1396.907707 -1467.900872
-1 1495932439.639766 -26.792561 -1404.679008 -1482.2974
-1 1495932439.672672 -15.474736 -1407.494387 -1487.233295
-1 1495932439.710060 -4.510434 -1362.882531 -1483.138576
-1 1495932439.739511 -8.749262 -1351.576399 -1493.580211
-1 1495932439.770541 -13.018978 -1331.036609 -1502.174516
-1 1495932439.808555 -9.279621 -1308.018228 -1517.751428
-1 1495932439.837852 -8.18011 -1284.60282 -1532.123358
-1 1495932439.868599 -5.179885 -1253.856128 -1555.621523
-1 1495932439.901809 1.065618 -1214.726523 -1557.570209
-1 1495932439.933513 -20.865203 -1182.260596 -1586.412834
-1 1495932439.970971 -17.198736 -1148.556883 -1596.245043
-1 1495932440.001167 -29.369262 -1119.286114 -1614.888879
-1 1495932440.035104 -5.996207 -1151.25205 -1604.123942
-1 1495932440.063852 -12.621619 -1127.884442 -1613.606216
-1 1495932440.097626 -21.863186 -1083.525019 -1621.309038
-1 1495932440.129059 -23.739861 -1048.128874 -1611.269494
-1 1495932440.163809 50.086033 -969.183151 -1591.81759
-1 1495932440.195989 -13.182155 -922.061821 -1605.186139
-1 1495932440.229943 9.852438 -938.038038 -1629.698227
-1 1495932440.263755 -13.650085 -871.387913 -1671.30053
-1 1495932440.298197 -5.328808 -890.255273 -1698.220918
-1 1495932440.326599 -51.933658 -829.9535 -1664.627723
-1 1495932440.361607 -87.49437 -753.567969 -1680.03762
-1 1495932440.394176 -85.929813 -701.678201 -1690.412857
-1 1495932440.424883 -100.596931 -654.396157 -1686.704324
-1 1495932440.457638 -25.677109 -673.962767 -1758.117491
-1 1495932440.493556 15.524269 -671.534447 -1756.791918
-1 1495932440.532597 -20.684543 -587.459564 -1773.939468
-1 1495932440.556355 -28.819142 -548.608162 -1782.591849
-1 1495932440.593023 11.430012 -505.776922 -1738.640063
-1 1495932440.622204 22.490114 -520.134818 -1772.709147
-1 1495932440.657333 52.275525 -530.88427 -1782.349373
-1 1495932440.690483 75.475069 -511.082508 -1741.769502
-1 1495932440.730222 69.192384 -112.949139 -1392.170484
-1 1495932440.752740 82.789363 -77.69719 -1374.38151
-1 1495932440.787051 90.005736 -57.155709 -1471.490663
-1 1495932440.829217 66.434259 -36.349454 -1496.781598
-1 1495932440.850558 114.901554 -341.67978 -1843.809925
-1 1495932440.885711 136.275286 -343.592271 -1847.514574
-1 1495932440.914667 130.286355 -385.285825 -1809.35521
-1 1495932440.950769 124.428946 -345.213036 -1837.883967
-1 1495932440.986044 151.710903 -315.306954 -1829.243608
-1 1495932441.013477 177.549414 -264.669816 -1849.271277
-1 1495932441.048817 211.885637 -232.370178 -1835.887192
-1 1495932441.081702 231.349535 -178.383255 -1849.868312
-1 1495932441.117709 241.555474 -149.117445 -1856.652092
-1 1495932441.145713 288.348897 -107.300136 -1861.22492
-1 1495932441.178141 303.335363 -78.109144 -1832.201409
-1 1495932441.208137 321.820143 -60.602536 -1810.509884
-1 1495932441.242294 348.179603 -55.321304 -1795.047644
-1 1495932441.273897 371.625819 -54.857967 -1744.896536
-1 1495932441.306121 389.08918 -54.546588 -1725.178112
-1 1495932441.343368 403.315238 -83.085765 -1697.916667
-1 1495932441.375602 418.21029 -113.178485 -1666.991448
-1 1495932441.408430 430.462716 -123.557912 -1647.260446
-1 1495932441.437743 449.104078 -104.30122 -1613.553874
-1 1495932441.470500 474.42212 -117.396579 -1586.467211
-1 1495932441.503311 506.120867 -129.295051 -1547.828813
-1 1495932441.536398 525.353414 -127.637216 -1519.260291
-1 1495932441.570196 535.059784 -170.523436 -1493.856164
-1 1495932441.605263 552.144172 -190.974128 -1461.520663
-1 1495932441.634127 586.792015 -219.584424 -1397.457793
-1 1495932441.670064 599.992093 -286.373736 -1347.486461
-1 1495932441.705167 605.442567 -365.973381 -1306.120531
-1 1495932441.736951 626.015496 -447.345941 -1235.734789
-1 1495932441.765515 631.989144 -548.319642 -1151.098448
-1 1495932441.802854 631.154378 -664.089468 -1063.03304
-1 1495932441.830713 653.736265 -833.382018 -987.060177
-1 1495932441.866030 673.970633 -954.486217 -873.72344
-1 1495932441.899946 678.384602 -1048.498867 -734.892504
-1 1495932441.930804 700.13426 -1133.999236 -575.450181
-1 1495932441.963852 696.334631 -1198.40277 -470.082416
-1 1495932441.994372 692.117755 -1246.61361 -353.00219
-1 1495932442.033664 664.916657 -1356.493942 -295.813728
-1 1495932442.060870 646.218174 -1403.908174 -241.917836
-1 1495932442.093083 638.689877 -1448.693151 -194.790927
-1 1495932442.124773 633.239737 -1419.749583 -160.357481
-1 1495932442.157450 634.871361 -1396.353315 -104.266912
-1 1495932442.192941 635.772104 -1380.677165 -83.700284
-1 1495932442.232228 641.904727 -1404.344244 -45.336174
-1 1495932442.254162 635.134344 -1435.721522 14.34881
-1 1495932442.287098 640.98083 -1410.602835 54.265433
-1 1495932442.319621 645.997423 -1418.694405 87.701971
-1 1495932442.357216 638.507496 -1429.446444 107.506954
-1 1495932442.385726 643.078405 -1431.688856 124.080774
-1 1495932442.417734 640.619659 -1439.80829 133.460582
-1 1495932442.454899 620.677382 -1457.261923 150.295928
-1 1495932442.483799 615.368294 -1467.739371 158.162805
-1 1495932442.522026 613.694058 -1454.025368 151.749674
-1 1495932442.558545 608.248289 -1458.62387 160.352302
-1 1495932442.582119 595.591782 -1464.443804 162.604685
-1 1495932442.616458 592.933077 -1461.049486 167.643969
-1 1495932442.647950 584.099625 -1445.515508 168.219919
-1 1495932442.680280 581.464883 -1432.467154 164.875192
-1 1495932442.712672 584.827816 -1418.868654 171.67007
-1 1495932442.748390 591.64001 -1364.623725 167.72165
-1 1495932442.781302 569.351138 -1327.38528 161.790143
-1 1495932442.814813 575.551802 -1308.791119 162.883967
-1 1495932442.848053 582.259265 -1288.622715 173.815918
-1 1495932442.876455 586.457906 -1306.79036 170.533336
-1 1495932442.917223 586.265697 -1320.254085 179.182573
-1 1495932442.943328 593.584748 -1260.806739 217.349151
-1 1495932442.976185 611.503893 -1213.822008 257.31978
-1 1495932443.007872 619.95795 -1112.820435 275.836737
-1 1495932443.043655 628.268496 -1024.491949 262.936124
-1 1495932443.082494 623.288611 -1011.890179 259.658351
-1 1495932443.106343 613.065627 -1058.905427 200.028113
-1 1495932443.140961 613.130708 -1140.881679 255.835331
-1 1495932443.177132 603.179978 -1181.864067 238.908617
-1 1495932443.214105 345.073977 -1286.215044 11.703584
-1 1495932443.238100 610.996431 -1217.574343 221.535053
-1 1495932443.268816 594.277261 -1286.434339 71.416312
-1 1495932443.301777 612.798934 -1193.537671 232.979329
-1 1495932443.338288 628.518538 -1178.414552 306.211159
-1 1495932443.366248 640.83823 -1255.747322 379.384174
-1 1495932443.400348 655.423633 -1233.649809 379.929791
-1 1495932443.434006 668.681405 -1333.245485 377.243874
-1 1495932443.467761 636.436936 -1319.15386 351.546594
-1 1495932443.497433 623.202775 -1279.977616 338.909727
-1 1495932443.529532 645.067463 -1324.972634 379.795144
-1 1495932443.563412 638.74825 -1308.58758 369.146913
-1 1495932443.597790 618.371143 -1243.438555 339.615885
-1 1495932443.631810 632.471455 -1241.234356 343.360115
-1 1495932443.672271 673.219791 -1274.987262 357.573908
-1 1495932443.697969 680.136941 -1372.989953 360.159579
-1 1495932443.736624 706.133617 -1420.385178 355.534224
-1 1495932443.765620 745.908691 -1384.56527 317.542984
-1 1495932443.797747 765.078863 -1362.018817 276.090495
-1 1495932443.827628 792.869059 -1341.02352 224.090021
-1 1495932443.867761 826.68279 -1291.487453 165.843987
-1 1495932443.894200 844.959167 -1273.947011 96.186967
-1 1495932443.923140 856.607611 -1185.693592 9.545898
-1 1495932443.956459 872.325412 -1145.692577 -62.350556
-1 1495932443.989224 891.104357 -1118.782209 -148.710494
-1 1495932444.021709 912.764971 -1036.402395 -227.160645
-1 1495932444.054779 925.393631 -956.016142 -312.764856
-1 1495932444.089648 933.885147 -906.882245 -387.528113
-1 1495932444.131190 936.967168 -811.70651 -464.282966
-1 1495932444.157264 928.483281 -749.634121 -532.397831
-1 1495932444.189315 940.080839 -662.978827 -617.016232
-1 1495932444.219089 936.086712 -568.360934 -676.773349
-1 1495932444.248301 940.031502 -485.463217 -746.196215
-1 1495932444.283329 936.8297 -430.141449 -806.277373
-1 1495932444.322841 918.76297 -358.623156 -841.614509
-1 1495932444.347221 918.592303 -341.604647 -892.032138
-1 1495932444.378847 902.944276 -292.583101 -934.025435
-1 1495932444.411432 899.098922 -276.418238 -959.494851
-1 1495932444.445575 868.428733 -247.401528 -987.145256
-1 1495932444.481324 841.005452 -245.399475 -1087.153394
-1 1495932444.511646 830.721329 -253.590476 -1120.543324
-1 1495932444.545680 823.15371 -246.0391 -1171.951571
-1 1495932444.583263 795.408457 -235.60733 -1227.885113
-1 1495932444.615347 779.964204 -230.089718 -1260.702422
-1 1495932444.644465 750.194237 -215.765928 -1293.203273
-1 1495932444.681738 717.449529 -215.458265 -1332.691539
-1 1495932444.707602 700.651042 -216.333356 -1404.953095
-1 1495932444.741705 673.134876 -241.557843 -1426.639811
-1 1495932444.779326 629.519018 -227.187264 -1474.91714
-1 1495932444.804532 649.544496 -270.687037 -1497.751317
-1 1495932444.838703 592.534302 -225.117144 -1543.85191
-1 1495932444.877862 563.426682 -270.0192 -1568.214
-1 1495932444.902776 536.292036 -281.579242 -1624.09742
-1 1495932444.935772 505.479489 -275.562353 -1638.253137
-1 1495932444.967041 485.052825 -288.568646 -1677.986654
-1 1495932444.999077 444.572819 -323.067524 -1686.064379
-1 1495932445.032916 424.75942 -364.631081 -1714.558179
-1 1495932445.068171 361.552475 -406.929858 -1698.697547
-1 1495932445.102277 338.99009 -429.841324 -1671.017179
-1 1495932445.133056 296.454505 -470.113937 -1709.575306
-1 1495932445.165382 188.61447 -370.054013 -1659.945401
-1 1495932445.194554 346.699778 -284.617018 -1550.907204
-1 1495932445.228596 132.586947 -396.569824 -1515.412302
-1 1495932445.259917 126.515568 -432.141113 -1408.186479
-1 1495932445.291828 128.172626 -512.448551 -1348.659076
-1 1495932445.336270 103.645648 -595.296346 -1322.928319
-1 1495932445.357925 109.167064 -687.468885 -1235.65156
-1 1495932445.396216 82.344564 -724.725873 -1334.546268
-1 1495932445.422527 47.049967 -916.275356 -1621.067486
-1 1495932445.455279 77.233609 -993.766519 -1586.054207
-1 1495932445.488533 72.705541 -1063.976885 -1595.319158
-1 1495932445.523815 68.497351 -1149.770488 -1608.781664
-1 1495932445.553612 71.958923 -1183.74856 -1588.525391
-1 1495932445.585462 68.132204 -1214.273834 -1574.360795
-1 1495932445.622086 85.984155 -1302.251733 -1570.609168
-1 1495932445.654726 88.589061 -1338.541246 -1545.78469
-1 1495932445.683639 70.775257 -1305.281963 -1509.836463
-1 1495932445.715442 94.601857 -1366.196807 -1496.696703
-1 1495932445.749802 94.862551 -1375.422668 -1483.143939
-1 1495932445.781191 100.3854 -1372.660993 -1461.318322
-1 1495932445.813725 122.606266 -1406.364607 -1431.406842
-1 1495932445.847306 116.10186 -1435.685498 -1448.932625
-1 1495932445.880009 118.982442 -1426.506308 -1433.573405
-1 1495932445.915623 115.480088 -1441.102401 -1431.532056
-1 1495932445.946099 114.474857 -1438.085705 -1424.826882
-1 1495932445.983245 121.087415 -1447.175465 -1416.872337
-1 1495932446.011216 117.132245 -1444.77821 -1433.251398
-1 1495932446.043500 125.085264 -1459.575156 -1418.084347
-1 1495932446.075906 127.925618 -1453.760197 -1412.549568
-1 1495932446.111048 157.018164 -1459.759256 -1393.521396
-1 1495932446.142358 135.890521 -1458.983114 -1382.929207
-1 1495932446.174145 134.638468 -1464.067177 -1379.609264
-1 1495932446.206374 138.771427 -1474.658634 -1370.834073
-1 1495932446.242134 138.660177 -1474.372897 -1370.535186
-1 1495932446.275506 133.307717 -1473.037123 -1367.848529
-1 1495932446.304428 138.59424 -1466.669365 -1366.149532
-1 1495932446.343334 125.876594 -1476.919589 -1388.847767
-1 1495932446.369907 137.421255 -1452.961233 -1373.216664
-1 1495932446.409895 127.808773 -1462.697369 -1372.750022
-1 1495932446.438490 131.545882 -1460.614942 -1368.3185
-1 1495932446.468291 131.728987 -1460.311492 -1369.526996
-1 1495932446.501379 130.550223 -1447.19424 -1367.378189
-1 1495932446.535334 129.058237 -1449.231123 -1366.649466
-1 1495932446.573266 133.311971 -1441.368899 -1372.003729
-1 1495932446.599584 138.805135 -1427.049222 -1372.610566
-1 1495932446.632591 145.559415 -1425.846 -1382.207882
-1 1495932446.673778 146.271954 -1414.887271 -1389.646033
-1 1495932446.701397 149.147958 -1385.115582 -1398.564009
-1 1495932446.739059 145.969645 -1376.45194 -1406.423488
-1 1495932446.767306 143.027473 -1347.14581 -1418.045136
-1 1495932446.798960 151.958905 -1314.8813 -1424.336011
-1 1495932446.830677 135.738211 -1249.190289 -1429.448353
-1 1495932446.863167 146.862516 -1201.71323 -1466.575299
-1 1495932446.900694 142.279885 -1152.383589 -1490.512547
-1 1495932446.925353 119.733591 -1092.989316 -1505.469305
-1 1495932446.958365 145.376772 -999.075848 -1502.248128
-1 1495932446.991356 137.623226 -986.009382 -1509.467108
-1 1495932447.023660 135.568145 -934.952976 -1543.701542
-1 1495932447.059579 101.62839 -958.083609 -1603.093558
-1 1495932447.099289 93.06243 -912.107584 -1600.107274
-1 1495932447.121919 69.931678 -922.27352 -1630.228124
-1 1495932447.162949 47.456452 -827.153513 -1619.705848
-1 1495932447.188698 2.459116 -752.26185 -1646.487149
-1 1495932447.223497 -12.920033 -693.981502 -1664.179207
-1 1495932447.257341 -0.625333 -639.504806 -1648.280843
-1 1495932447.286982 22.603168 -571.371626 -1649.428304
-1 1495932447.318332 21.676682 -504.58656 -1612.625215
-1 1495932447.356716 27.276288 -463.158251 -1585.038619
-1 1495932447.384968 22.98584 -432.365318 -1567.742735
-1 1495932447.415951 38.04682 -391.629592 -1368.841738
-1 1495932447.448750 40.164554 -369.660784 -1427.873831
-1 1495932447.481359 187.083019 -359.834986 -1455.577134
-1 1495932447.514560 183.118508 -350.559881 -1479.841568
-1 1495932447.550178 185.717958 -341.74327 -1489.43056
-1 1495932447.580430 182.528132 -332.980894 -1495.319528
-1 1495932447.616334 179.903805 -304.4111 -1456.00142
-1 1495932447.653492 43.97153 -259.088433 -1476.831979
-1 1495932447.679133 52.611195 -219.809723 -1402.445105
-1 1495932447.711445 59.141957 -194.140725 -1411.258582
-1 1495932447.749216 208.774821 -193.65712 -1308.652751
-1 1495932447.777677 206.506163 -192.311793 -1305.239776
-1 1495932447.814517 82.325837 -95.934661 -1406.205241
-1 1495932447.852931 227.293558 -93.812826 -1275.204745
-1 1495932447.878248 92.287514 -5.65222 -1360.318641
-1 1495932447.908585 159.229995 -187.321339 -1719.639634
-1 1495932447.940898 176.27434 -77.902752 -1688.460286
-1 1495932447.973601 200.179175 104.50048 -1395.919152
-1 1495932448.006152 277.60204 -479.532507 -1766.53128
-1 1495932448.039433 379.922948 -461.389144 -1815.651079
-1 1495932448.072669 380.032672 -375.545634 -1835.848352
-1 1495932448.107323 382.678408 -285.805014 -1840.785911
-1 1495932448.139605 400.387758 -213.05542 -1823.296749
-1 1495932448.169523 429.268692 -207.16095 -1783.707127
-1 1495932448.203433 417.319858 68.813855 -1734.782271
-1 1495932448.239685 427.935051 96.150141 -1754.078443
-1 1495932448.267870 433.878719 194.101947 -1765.260454
-1 1495932448.301370 464.126125 201.073555 -1721.89479
-1 1495932448.333373 484.393126 211.580757 -1707.198264
-1 1495932448.366369 512.320871 203.016729 -1658.724883
-1 1495932448.399463 542.40755 200.774914 -1620.432166
-1 1495932448.434370 565.843605 194.180066 -1582.756829
-1 1495932448.465541 591.264228 195.506552 -1568.910171
-1 1495932448.498465 634.670847 219.262563 -1523.982008
-1 1495932448.530295 648.394221 218.883979 -1507.957135
-1 1495932448.562894 680.480159 260.091201 -1500.871508
-1 1495932448.597309 698.690865 275.652413 -1506.335819
-1 1495932448.636355 723.218583 284.782741 -1453.158847
-1 1495932448.661658 793.126494 228.318355 -1366.26365
-1 1495932448.695500 831.202588 191.357123 -1314.812678
-1 1495932448.727846 873.739948 160.160794 -1272.070312
-1 1495932448.763718 895.761871 133.631698 -1197.3274
-1 1495932448.799605 929.213749 55.765732 -1148.281583
-1 1495932448.829384 965.344285 -4.385409 -1101.867306
-1 1495932448.864908 1001.001023 -79.731684 -1017.986506
-1 1495932448.893380 1033.862212 -158.445242 -950.757946
-1 1495932448.932698 1054.906764 -220.488706 -891.967034
-1 1495932448.956040 1088.684937 -296.357445 -806.011408
-1 1495932448.989143 1120.44939 -367.488082 -760.687071
-1 1495932449.020818 1140.441987 -463.257201 -693.236195
-1 1495932449.057125 1165.729037 -526.550227 -608.336293
-1 1495932449.089061 1183.4032 -607.108274 -536.175352
-1 1495932449.119466 1199.297078 -659.747713 -448.303962
-1 1495932449.152761 1221.864689 -727.798197 -395.911754
-1 1495932449.186434 1227.859312 -770.856244 -336.560798
-1 1495932449.226997 1233.814494 -809.777932 -270.852199
-1 1495932449.250727 1233.614696 -830.404895 -203.447931
-1 1495932449.282185 1226.841967 -850.19727 -127.745842
-1 1495932449.316357 1218.221815 -855.535922 -7.548384
-1 1495932449.348205 1205.482714 -873.939979 71.573893
-1 1495932449.383173 1190.110363 -930.303192 105.308579
-1 1495932449.413551 1177.723879 -985.455687 160.595703
-1 1495932449.445282 1160.093781 -1013.604073 209.316554
-1 1495932449.481016 1141.032918 -1063.776099 248.468942
-1 1495932449.510094 1115.435005 -1109.078681 315.372721
-1 1495932449.543852 1088.955457 -1136.411086 363.051166
-1 1495932449.577463 1054.379804 -1142.252449 423.881392
-1 1495932449.608253 1019.827848 -1169.831914 478.86593
-1 1495932449.640088 981.795224 -1179.854119 554.010195
-1 1495932449.673998 927.08872 -1195.977352 659.175249
-1 1495932449.704388 894.902362 -1207.849619 705.597849
-1 1495932449.739172 852.253885 -1144.335606 706.775272
-1 1495932449.777930 791.053148 -1053.015303 626.503684
-1 1495932449.804704 785.683418 -1005.809718 657.532848
-1 1495932449.837039 755.57029 -952.260424 624.124793
-1 1495932449.871535 745.041529 -935.958663 548.886941
-1 1495932449.901934 776.987619 -963.900923 550.763494
-1 1495932449.936379 781.909064 -993.566198 535.421475
-1 1495932449.966654 788.126003 -971.710139 558.148378
-1 1495932450.000339 825.552229 -1061.976325 551.625385
-1 1495932450.033019 831.115145 -1085.221133 522.351814
-1 1495932450.067932 862.773202 -1124.066162 504.413767
-1 1495932450.098938 890.959537 -1224.055647 515.901693
-1 1495932450.130300 913.83704 -1267.287047 502.589
-1 1495932450.163260 962.038653 -1280.287602 465.313536
-1 1495932450.196119 1035.09073 -1261.800948 423.207786
-1 1495932450.228261 1077.010415 -1264.351322 361.488666
-1 1495932450.260980 1121.482017 -1198.47306 324.428489
-1 1495932450.294524 1170.061516 -1184.718455 289.011452
-1 1495932450.326378 1190.115449 -1176.638097 206.341368
-1 1495932450.359233 1261.710381 -1221.321736 139.383212
-1 1495932450.392024 1315.663817 -1268.908824 109.729374
-1 1495932450.424013 1348.679907 -1314.663928 78.837447
-1 1495932450.460967 1373.702541 -1352.484761 39.377293
-1 1495932450.489773 1376.865653 -1333.564659 -8.791282
-1 1495932450.522422 1353.66378 -1333.312059 -58.810517
-1 1495932450.563249 1323.375404 -1357.363593 -100.878166
-1 1495932450.591479 1296.452921 -1414.957129 -170.795233
-1 1495932450.631903 1344.208642 -1777.053767 -283.251213
-1 1495932450.659219 1218.490716 -1375.335096 -177.311938
-1 1495932450.688879 1314.081204 -1664.236782 -149.453643
-1 1495932450.718676 1185.750649 -1441.664522 -152.235366
-1 1495932450.751029 1064.191437 -1138.103651 -171.364524
-1 1495932450.784426 1176.270618 -1578.411202 -141.681093
-1 1495932450.826297 1178.222055 -1728.157375 -144.911518
-1 1495932450.850004 1139.295913 -1746.964994 -142.929909
-1 1495932450.885411 1139.728153 -1793.510437 -121.877589
-1 1495932450.915719 1120.965576 -1793.590313 -104.690459
-1 1495932450.949811 1108.412818 -1799.76737 -83.290794
-1 1495932450.983001 1092.350862 -1804.543338 -68.42226
-1 1495932451.015413 1087.577959 -1802.666075 -65.272476
-1 1495932451.049097 1084.519311 -1803.110836 -59.407182
-1 1495932451.083154 1074.05807 -1816.974341 -52.599358
-1 1495932451.112152 1068.362381 -1830.645321 -53.284061
-1 1495932451.149290 1069.385922 -1824.041217 -52.583822
-1 1495932451.178711 1069.359935 -1826.751676 -55.479847
-1 1495932451.213556 1064.878337 -1824.00035 -57.874645
-1 1495932451.250652 1070.594279 -1844.324593 -77.780984
-1 1495932451.276351 1085.549233 -1884.68691 -75.971384
