-1 1495933232.771237 822.196244 -152.709895 -772.700269
-1 1495933232.802336 849.545982 -184.666111 -750.841545
-1 1495933232.832170 880.264698 -218.268917 -738.061523
-1 1495933232.871043 913.446785 -238.582114 -728.236343
-1 1495933232.898668 934.581826 -267.84051 -707.575388
-1 1495933232.930202 940.524246 -279.68468 -706.614361
-1 1495933232.962469 956.683997 -288.352038 -681.603634
-1 1495933232.997497 975.450042 -322.698577 -679.378625
-1 1495933233.028653 992.688913 -365.413633 -695.797082
-1 1495933233.571677 1015.250327 -388.602812 -707.81139
-1 1495933233.603080 1038.10693 -421.983934 -723.371656
-1 1495933233.636440 1052.184504 -405.020307 -709.08906
-1 1495933233.665716 1085.099515 -407.436603 -687.620961
-1 1495933233.701164 1114.114449 -401.917167 -682.577977
-1 1495933233.732815 1136.839526 -387.557453 -691.545336
-1 1495933233.768586 1159.24752 -364.95285 -676.308372
-1 1495933233.800926 1184.576878 -348.107711 -658.408425
-1 1495933233.833337 1218.205539 -328.80113 -662.065356
-1 1495933233.861126 1240.967606 -291.538404 -658.561198
-1 1495933233.892076 1245.983887 -290.977345 -649.387799
-1 1495933233.930454 1239.530436 -269.379458 -636.104329
-1 1495933233.959932 1275.853567 -289.114446 -648.8481
-1 1495933233.992451 1261.27391 -222.702424 -676.095304
-1 1495933234.022733 1262.350672 -227.074134 -707.554303
-1 1495933234.055637 1245.252528 -236.728735 -709.424198
-1 1495933234.088389 1242.81822 -222.950811 -742.459384
-1 1495933234.120270 1226.438187 -212.41402 -735.314941
-1 1495933234.152459 1257.116699 -241.300964 -761.665113
-1 1495933234.190601 1239.595217 -227.266992 -764.182721
-1 1495933234.217055 1235.686239 -258.772809 -727.254602
-1 1495933234.251033 1226.372436 -236.297243 -751.270641
-1 1495933234.292577 1218.726395 -270.934694 -745.740116
-1 1495933234.316465 1214.558919 -286.821581 -735.764752
-1 1495933234.351841 1186.913184 -284.59602 -721.862793
-1 1495933234.384797 1173.233668 -303.387418 -730.805368
-1 1495933234.412981 1154.591693 -347.403352 -734.858472
-1 1495933234.451993 1123.97491 -390.140036 -730.113266
-1 1495933234.479585 1113.00999 -464.869756 -726.021322
-1 1495933234.511719 1057.071998 -517.692234 -690.272106
-1 1495933234.545072 1019.128175 -638.918271 -678.682085
-1 1495933234.579747 965.415515 -747.860718 -631.669108
-1 1495933234.616573 899.196463 -871.905186 -528.606993
-1 1495933234.642479 839.847669 -970.027161 -427.05596
-1 1495933234.675042 789.204615 -1069.396973 -323.658336
-1 1495933234.710027 757.154164 -1154.272196 -236.981386
-1 1495933234.741483 737.579334 -1208.87763 -172.788308
-1 1495933234.773455 750.497818 -1249.984808 -122.220866
-1 1495933234.805135 750.753888 -1275.235848 -62.890995
-1 1495933234.837847 756.599311 -1276.757215 -23.121227
-1 1495933234.872148 757.869235 -1228.051492 -25.628477
-1 1495933234.905589 766.152792 -1246.05275 4.324618
-1 1495933234.935897 780.517763 -1273.676201 35.395952
-1 1495933234.970954 780.577504 -1284.87655 108.081795
-1 1495933235.000468 772.297114 -1307.061635 166.392563
-1 1495933235.035609 777.283732 -1311.832129 210.189172
-1 1495933235.066538 762.111664 -1324.621715 240.477036
-1 1495933235.222076 761.501613 -1349.605195 226.834754
-1 1495933235.247913 760.834757 -1366.598378 226.997514
-1 1495933235.280980 749.154039 -1342.401189 243.892785
-1 1495933235.311709 752.833049 -1304.164223 245.503743
-1 1495933235.343784 754.135987 -1329.139676 257.187352
-1 1495933235.377168 754.029985 -1319.849462 241.975911
-1 1495933235.408965 754.141559 -1320.484228 242.51635
-1 1495933235.446441 767.92658 -1323.061603 239.526737
-1 1495933235.474720 783.684748 -1358.549864 252.962979
-1 1495933235.504784 778.203768 -1350.134078 238.442531
-1 1495933235.538039 776.679368 -1344.752801 235.627515
-1 1495933235.571066 781.751506 -1333.544093 237.484464
-1 1495933235.603311 776.356946 -1336.710756 229.993416
-1 1495933235.636186 777.07034 -1344.643933 240.369762
-1 1495933235.672218 768.022942 -1334.908228 236.940326
-1 1495933235.703458 760.832191 -1307.425292 234.731223
-1 1495933235.735043 763.280233 -1293.6886 234.304717
-1 1495933235.775872 764.776981 -1291.296354 237.732304
-1 1495933235.801085 760.603494 -1225.211799 236.085464
-1 1495933235.830905 747.964154 -1246.449247 251.004676
-1 1495933235.866734 719.381483 -1240.656878 217.535955
-1 1495933235.903665 708.316734 -1375.5526 272.612971
-1 1495933235.934835 695.471168 -1368.912042 300.422437
-1 1495933235.969110 702.143559 -1338.325666 328.65767
-1 1495933235.995344 690.597742 -1293.685681 333.113607
-1 1495933236.030108 683.335183 -1280.861299 347.517534
-1 1495933236.065295 692.128823 -1293.851504 348.419744
-1 1495933236.100730 689.119166 -1244.679426 332.896839
-1 1495933236.129732 693.572721 -1293.509044 344.241241
-1 1495933236.162343 684.567076 -1314.749311 341.918205
-1 1495933236.194187 694.987164 -1388.472383 361.037006
-1 1495933236.226015 685.786438 -1416.026804 360.40261
-1 1495933236.264061 677.2033 -1415.922082 354.572088
-1 1495933236.300471 659.838775 -1407.97557 361.128004
-1 1495933236.328529 667.363415 -1398.363827 342.658026
-1 1495933236.356874 654.274958 -1376.607547 357.459236
-1 1495933236.387823 643.682214 -1390.518553 358.914462
-1 1495933236.422191 645.451679 -1409.670125 352.469889
-1 1495933236.462717 637.714155 -1275.062362 302.387769
-1 1495933236.489099 628.733895 -1275.279369 289.628832
-1 1495933236.522613 639.289255 -1244.896698 274.311228
-1 1495933236.549507 641.694248 -1179.892764 236.406176
-1 1495933236.582127 630.766019 -1304.514843 241.263095
-1 1495933236.616559 623.610132 -1337.289661 221.971547
-1 1495933236.647543 613.473557 -1370.620694 191.81907
-1 1495933236.683181 614.38164 -1425.781648 175.350675
-1 1495933236.712609 610.401177 -1439.211406 144.435073
-1 1495933236.744982 597.954351 -1429.063382 99.358576
-1 1495933236.779950 589.224567 -1454.720539 64.26669
-1 1495933236.811044 575.780996 -1492.522828 22.469445
-1 1495933236.843964 574.049539 -1495.080467 -14.451645
-1 1495933236.878354 558.627782 -1494.141156 -61.056241
-1 1495933236.910395 557.365233 -1483.839085 -121.233946
-1 1495933236.941808 544.266649 -1461.351643 -184.959828
-1 1495933236.975165 529.883853 -1445.174143 -217.26814
-1 1495933237.033835 517.55274 -1429.931309 -265.414891
-1 1495933237.064009 507.117809 -1422.38053 -312.427868
-1 1495933237.099043 499.551045 -1414.734218 -351.993445
-1 1495933237.134184 488.664384 -1389.856654 -399.668191
-1 1495933237.169389 481.029279 -1335.636305 -444.753196
-1 1495933237.196255 481.769909 -1285.619255 -493.983783
-1 1495933237.232487 469.193268 -1265.835604 -538.095185
-1 1495933237.267960 462.50037 -1234.837474 -580.916341
-1 1495933237.296498 448.854389 -1192.834075 -625.526382
-1 1495933237.325799 448.786314 -1152.690158 -650.278912
-1 1495933237.356934 446.226675 -1101.314876 -675.653631
-1 1495933237.389872 441.626716 -1043.791763 -700.920336
-1 1495933237.423313 438.43252 -970.83591 -717.51635
-1 1495933237.464500 428.101303 -923.063262 -730.065918
-1 1495933237.493039 416.886139 -864.110399 -758.366625
-1 1495933237.525566 413.607719 -803.346916 -782.797704
-1 1495933237.556647 411.642364 -771.92761 -798.756732
-1 1495933237.586004 401.837875 -723.062631 -836.688047
-1 1495933237.619628 406.523803 -662.624359 -844.187234
-1 1495933237.659570 404.344339 -595.740841 -873.327267
-1 1495933237.687279 402.153246 -535.555649 -894.5294
-1 1495933237.717509 392.329476 -502.102462 -918.171461
-1 1495933237.752539 370.300709 -413.392407 -964.039196
-1 1495933237.785182 363.313964 -358.565082 -993.067516
-1 1495933237.822146 351.956107 -316.645514 -1017.411665
-1 1495933237.849913 367.471915 -274.405256 -1029.306493
-1 1495933237.880298 348.017791 -228.831996 -1031.800796
-1 1495933237.915021 354.187913 -194.122348 -1053.669877
-1 1495933237.955863 332.437088 -163.250169 -1001.127486
-1 1495933237.983026 351.806802 -168.85993 -978.257798
-1 1495933238.013150 350.202526 -172.442594 -963.111831
-1 1495933238.043076 352.298806 -187.916963 -933.297822
-1 1495933238.079350 351.647464 -184.618776 -933.213113
-1 1495933238.107670 343.706351 -213.879229 -910.250577
-1 1495933238.139815 354.420772 -211.068991 -928.985781
-1 1495933238.175058 348.586597 -200.782909 -936.668072
-1 1495933238.209847 345.468232 -182.565971 -953.245221
-1 1495933238.239396 344.41637 -179.963286 -956.738281
-1 1495933238.280364 345.810838 -185.256892 -951.429702
-1 1495933238.309197 338.051975 -185.151772 -951.529208
-1 1495933238.339615 330.584694 -173.035232 -959.213349
-1 1495933238.368885 326.517856 -189.311218 -955.178001
-1 1495933238.401949 321.246477 -215.02732 -964.14499
-1 1495933238.434876 326.336924 -215.979203 -968.371952
-1 1495933238.470604 321.36894 -235.176053 -978.433135
-1 1495933238.506836 317.715593 -254.168104 -975.994318
-1 1495933238.534549 313.562012 -260.799723 -985.766602
-1 1495933238.566550 306.201449 -286.895205 -991.870487
-1 1495933238.598214 311.251623 -352.065028 -1022.301136
-1 1495933238.638231 419.308946 -343.035457 -861.871153
-1 1495933238.669637 302.400924 -422.977912 -1042.813018
-1 1495933238.703862 296.197579 -459.944252 -1042.942116
-1 1495933238.734550 288.394442 -484.234868 -1073.138983
-1 1495933238.767738 286.097602 -514.36333 -1093.99488
-1 1495933238.803570 273.636419 -538.868348 -1107.896839
-1 1495933238.833271 262.726454 -554.178752 -1109.369821
-1 1495933238.869348 264.445126 -579.787395 -1118.17516
-1 1495933238.900962 262.022666 -586.826756 -1125.548207
-1 1495933238.931237 248.362223 -416.482876 -1049.290513
-1 1495933238.964256 242.868793 -432.677128 -1053.197872
-1 1495933238.990308 246.725799 -464.024867 -1065.29652
-1 1495933239.024517 234.452774 -482.899973 -1069.119725
-1 1495933239.055903 231.49532 -482.464732 -1052.442701
-1 1495933239.094116 201.881582 -541.758031 -1037.972005
-1 1495933239.126343 209.980924 -520.702909 -1031.486742
-1 1495933239.164669 201.847493 -549.125456 -1049.952652
-1 1495933239.189004 196.031674 -566.779709 -1061.437988
-1 1495933239.221066 191.033265 -600.929028 -1081.202652
-1 1495933239.252816 181.271293 -616.513327 -1097.90224
-1 1495933239.287906 182.444532 -642.822365 -1108.966064
-1 1495933239.319250 185.272749 -648.416569 -1084.384433
-1 1495933239.350462 167.525135 -664.247662 -1102.257931
-1 1495933239.383649 174.244852 -720.080633 -1177.850157
-1 1495933239.417056 167.628421 -791.710132 -1233.810147
-1 1495933239.449393 169.39866 -796.869858 -1217.660245
-1 1495933239.482768 166.912715 -845.918473 -1253.018466
-1 1495933239.515913 142.283295 -944.572416 -1317.410741
-1 1495933239.546554 139.852605 -983.549035 -1337.329287
-1 1495933239.578382 159.445248 -948.954839 -1354.037938
-1 1495933239.610675 137.384126 -974.772677 -1413.410903
-1 1495933239.643897 148.160241 -991.612476 -1394.348329
-1 1495933239.679460 140.879937 -1016.755809 -1413.403875
-1 1495933239.714483 130.704545 -1059.195245 -1445.171194
-1 1495933239.753277 133.876153 -1090.258026 -1439.050663
-1 1495933239.776417 115.511646 -1097.998379 -1442.757161
-1 1495933239.810487 96.510615 -1090.941454 -1491.040964
-1 1495933239.842849 87.062073 -1130.385291 -1474.453458
-1 1495933239.880987 81.238024 -1162.950665 -1510.412598
-1 1495933239.912392 88.208216 -1193.398617 -1477.446955
-1 1495933239.943491 77.653665 -1211.71394 -1503.485847
-1 1495933239.975089 172.603249 -1140.652599 -1097.563588
-1 1495933240.011508 92.512073 -1294.313912 -1485.857969
-1 1495933240.041624 77.403236 -1322.385406 -1508.503492
-1 1495933240.078172 172.223016 -1214.886773 -1046.358606
-1 1495933240.116130 171.868284 -1255.562326 -1084.614887
-1 1495933240.145476 167.274151 -1230.358953 -1065.496271
-1 1495933240.172172 170.972997 -1261.061494 -1106.428852
-1 1495933240.204125 165.858506 -1299.165742 -1104.921653
-1 1495933240.236209 81.915861 -1472.185881 -1457.966568
-1 1495933240.274564 73.997174 -1487.971497 -1461.770537
-1 1495933240.308029 66.924032 -1513.609812 -1493.399325
-1 1495933240.344390 66.862465 -1531.470058 -1473.66518
-1 1495933240.368207 45.38884 -1532.877217 -1460.448849
-1 1495933240.403213 53.347524 -1533.328347 -1445.532966
-1 1495933240.435562 51.654053 -1541.390129 -1445.364102
-1 1495933240.465712 55.613986 -1535.328011 -1435.247248
-1 1495933240.501393 68.642495 -1536.211561 -1434.724565
-1 1495933240.538957 82.496065 -1537.848033 -1411.625718
-1 1495933240.572173 88.992679 -1564.470341 -1390.177964
-1 1495933240.602780 101.797023 -1579.512289 -1372.652551
-1 1495933240.634252 120.713321 -1556.787209 -1312.329841
-1 1495933240.664298 122.043471 -1547.819187 -1307.162938
-1 1495933240.700115 138.627486 -1530.318716 -1308.565822
-1 1495933240.730162 147.056187 -1549.291063 -1285.338061
-1 1495933240.765985 147.900714 -1557.243015 -1250.627922
-1 1495933240.802208 177.307822 -1561.033597 -1227.860144
-1 1495933240.829510 216.748186 -1533.096778 -1182.526005
-1 1495933240.862983 220.131753 -1547.836834 -1159.569018
-1 1495933240.899893 238.282857 -1562.22511 -1122.808838
-1 1495933240.933045 244.235807 -1559.402831 -1087.811649
-1 1495933240.962783 255.727514 -1573.172395 -1028.396144
-1 1495933240.996111 277.455486 -1652.016184 -968.78995
-1 1495933241.031120 302.114383 -1646.068274 -905.702163
-1 1495933241.057992 320.291484 -1657.716535 -847.69879
-1 1495933241.092277 351.146929 -1670.061427 -788.266084
-1 1495933241.132584 377.2832 -1695.920165 -749.902344
-1 1495933241.160975 399.591677 -1675.579005 -697.775361
-1 1495933241.194088 428.677611 -1624.609242 -686.444277
-1 1495933241.225638 456.942645 -1656.470091 -642.069129
-1 1495933241.260483 506.657329 -1727.994405 -598.918383
-1 1495933241.290644 554.63562 -1743.936124 -567.321407
-1 1495933241.322387 588.808996 -1710.065659 -555.271588
-1 1495933241.361150 633.623713 -1695.56364 -537.933904
-1 1495933241.389446 657.402547 -1698.808189 -535.540217
-1 1495933241.418318 663.694555 -1720.420771 -547.636275
-1 1495933241.450905 664.731413 -1701.732171 -553.666548
-1 1495933241.485552 693.255407 -1680.554431 -509.5803
-1 1495933241.518199 712.995772 -1691.148741 -475.908869
-1 1495933241.547722 722.190279 -1669.561336 -447.558964
-1 1495933241.581137 723.327926 -1677.517667 -408.366255
-1 1495933241.613860 731.290667 -1684.023583 -352.823893
-1 1495933241.646759 723.534729 -1687.401017 -322.087698
-1 1495933241.685169 714.911917 -1676.069276 -296.348618
-1 1495933241.714136 703.828771 -1674.526181 -260.474373
-1 1495933241.752601 699.795925 -1684.817472 -218.291681
-1 1495933241.777261 691.375724 -1696.790347 -164.253004
-1 1495933241.811825 684.506267 -1693.92876 -103.451631
-1 1495933241.842713 685.477154 -1720.045869 -24.734035
-1 1495933241.876557 673.132693 -1706.855741 28.369141
-1 1495933241.908031 679.608501 -1661.878038 80.706972
-1 1495933241.942994 654.210131 -1624.919394 85.459206
-1 1495933241.982434 666.054429 -1605.043361 131.021766
-1 1495933242.010309 644.12582 -1565.099666 137.95203
-1 1495933242.040786 647.940272 -1552.170928 163.580507
-1 1495933242.079866 641.439574 -1585.675845 190.682706
-1 1495933242.106130 649.20554 -1545.867157 191.813151
-1 1495933242.139077 644.46466 -1517.605956 215.791829
-1 1495933242.170909 633.318309 -1522.898732 230.978486
-1 1495933242.203456 638.663121 -1521.804013 250.16535
-1 1495933242.246477 630.478105 -1539.950562 258.189808
-1 1495933242.273211 632.489256 -1531.643047 263.617128
-1 1495933242.309498 632.105183 -1519.226605 258.789432
-1 1495933242.333854 622.725981 -1495.230633 255.05926
-1 1495933242.370482 639.66367 -1383.692435 226.412686
-1 1495933242.405222 624.870968 -1349.436519 197.283381
-1 1495933242.434966 591.037895 -1350.335494 174.074855
-1 1495933242.462615 624.061079 -1375.69673 217.107969
-1 1495933242.496655 620.390658 -1485.732767 235.917895
-1 1495933242.532691 591.37907 -1465.295277 210.584976
-1 1495933242.562492 591.713671 -1491.929693 202.025257
-1 1495933242.595488 593.879156 -1485.50498 192.716101
-1 1495933242.628560 582.34964 -1507.745229 172.559703
-1 1495933242.659688 576.773782 -1494.073951 146.129261
-1 1495933242.695157 560.641209 -1483.797654 114.22526
-1 1495933242.726236 543.132861 -1534.2659 70.745295
-1 1495933242.767357 525.602338 -1550.205065 31.181197
-1 1495933242.796467 513.008896 -1539.486429 -11.999882
-1 1495933242.824702 499.837584 -1480.668773 -59.00435
-1 1495933242.861764 478.050886 -1475.930388 -114.398008
-1 1495933242.892675 456.315456 -1443.923917 -169.239021
-1 1495933242.923658 440.298933 -1415.783492 -216.511674
-1 1495933242.954119 431.561211 -1353.31464 -245.302143
-1 1495933242.987631 421.863494 -1306.150287 -286.222701
-1 1495933243.023090 406.931951 -1292.778546 -346.326793
-1 1495933243.051975 399.818958 -1258.703912 -383.087713
-1 1495933243.084787 394.818354 -1235.807037 -440.478146
-1 1495933243.117864 383.911393 -1204.466148 -492.504883
-1 1495933243.150373 380.28302 -1173.219631 -531.401663
-1 1495933243.183224 373.878176 -1189.379551 -610.287938
-1 1495933243.215030 379.842423 -1162.120355 -640.077533
-1 1495933243.247408 375.476268 -1145.518328 -683.931848
-1 1495933243.281605 369.309745 -1103.351759 -721.721487
-1 1495933243.316291 362.893703 -1090.226613 -768.655673
-1 1495933243.349313 360.666765 -1068.373805 -804.709695
-1 1495933243.380223 352.292481 -1009.11089 -851.399
-1 1495933243.409533 354.735504 -969.226373 -882.432602
-1 1495933243.442642 360.563284 -904.999177 -908.032966
-1 1495933243.476450 363.958899 -858.533246 -948.475601
-1 1495933243.524723 383.639739 -725.656028 -979.15224
-1 1495933243.736798 346.213137 -368.207318 -1008.708422
-1 1495933243.759316 351.02542 -320.589513 -984.972405
-1 1495933243.787867 361.536728 -266.176572 -990.265817
-1 1495933243.820418 357.491331 -224.207306 -986.520108
-1 1495933243.852687 363.937733 -202.270541 -980.697724
-1 1495933243.885518 370.164444 -193.076789 -976.159298
-1 1495933243.921876 363.986137 -150.802413 -975.356963
-1 1495933243.952232 362.491093 -132.662599 -970.794123
-1 1495933243.984632 364.007696 -100.706615 -973.712343
-1 1495933244.016881 369.187731 -72.188004 -979.243978
-1 1495933244.047211 374.579187 -52.587658 -975.199751
-1 1495933244.080276 370.352346 -28.015734 -981.435695
-1 1495933244.115149 366.441143 -11.245064 -986.59409
-1 1495933244.146248 361.474066 11.690886 -968.753699
-1 1495933244.177160 358.583664 37.78033 -967.069869
-1 1495933244.212700 362.369358 56.835208 -962.639086
-1 1495933244.251387 360.562082 99.796295 -971.870931
-1 1495933244.274008 354.202704 128.939322 -958.148748
-1 1495933244.306950 349.980938 157.293038 -955.977006
-1 1495933244.340292 361.692706 193.899138 -949.715169
-1 1495933244.382059 351.946617 216.263912 -968.306848
-1 1495933244.405553 358.070333 258.714095 -968.685266
-1 1495933244.436962 335.704699 254.586394 -941.050027
-1 1495933244.469854 359.385681 238.926498 -986.599269
-1 1495933244.501715 352.820928 243.110093 -979.184792
-1 1495933244.535544 353.62109 233.026753 -1010.306064
-1 1495933244.569812 339.220966 229.946601 -1005.602288
-1 1495933244.599033 341.205932 220.778059 -1017.470851
-1 1495933244.633064 345.469637 188.994565 -1005.09921
-1 1495933246.170136 159.621533 -1176.496589 -1063.050241
-1 1495933246.201568 147.340116 -1211.032901 -1056.901781
-1 1495933246.236624 127.860734 -1241.864644 -1073.222027
-1 1495933246.265280 105.217789 -1264.171136 -1012.356475
-1 1495933246.300269 -24.203549 -1344.832147 -1496.500281
-1 1495933246.336537 -31.078258 -1357.751465 -1490.819203
-1 1495933246.366472 -30.981538 -1334.240457 -1460.408529
-1 1495933246.400567 -37.505549 -1333.506244 -1452.422541
-1 1495933246.428242 -22.680248 -1335.643967 -1389.309415
-1 1495933246.464976 0.942843 -1342.456685 -1371.623646
-1 1495933246.489529 16.923951 -1344.601606 -1335.552794
-1 1495933246.522662 32.455768 -1344.665992 -1310.641942
-1 1495933246.556028 48.522313 -1333.487735 -1273.84921
-1 1495933246.589420 47.290941 -1338.895317 -1302.760269
-1 1495933246.621572 61.350713 -1333.630272 -1279.413397
-1 1495933246.654199 61.924732 -1329.897607 -1273.327267
-1 1495933246.686757 57.64952 -1311.809739 -1272.833807
-1 1495933246.719203 75.285536 -1318.990293 -1239.246345
-1 1495933246.753211 69.339983 -1318.979313 -1245.562374
-1 1495933246.793727 75.352686 -1301.424574 -1225.590931
-1 1495933246.820910 317.278197 -1071.474026 -692.447917
-1 1495933246.860299 285.8642 -1128.909136 -754.632753
-1 1495933246.887537 318.132944 -1093.951482 -713.85572
-1 1495933246.920601 301.533948 -1119.477877 -768.714489
-1 1495933246.947218 320.763848 -1095.318537 -732.749985
-1 1495933246.981212 332.766088 -1107.614965 -704.652728
-1 1495933247.015630 332.322173 -1120.167342 -703.840406
-1 1495933247.045377 346.882733 -1109.354998 -670.539255
-1 1495933247.080741 174.9436 -1325.11935 -1077.309718
-1 1495933247.118165 180.471443 -1326.195659 -1039.34955
-1 1495933247.143116 177.554113 -1333.588973 -1059.382028
-1 1495933247.178849 171.692727 -1337.690702 -1056.406842
-1 1495933247.209086 167.023665 -1352.923584 -1019.507391
-1 1495933247.243131 178.443088 -1367.215563 -984.387207
-1 1495933247.281816 187.164596 -1379.566027 -955.582497
-1 1495933247.308048 195.842292 -1380.229187 -919.979766
-1 1495933247.353318 200.175453 -1405.187424 -886.086944
-1 1495933247.380577 218.085364 -1438.144153 -848.404208
-1 1495933247.410913 243.790609 -1469.842795 -785.167347
-1 1495933247.451741 258.230834 -1493.572965 -752.309348
-1 1495933247.476664 281.690314 -1516.938981 -695.016942
-1 1495933247.509754 302.849642 -1563.538991 -651.72674
-1 1495933247.547485 317.626277 -1572.881483 -604.653468
-1 1495933247.572958 343.601608 -1600.514387 -552.080744
-1 1495933247.609195 364.638566 -1599.239018 -499.581632
-1 1495933247.639119 395.250661 -1613.660895 -439.75978
-1 1495933247.670260 426.658954 -1639.422607 -382.095244
-1 1495933247.705374 449.391747 -1687.272943 -321.130001
-1 1495933247.733885 482.764637 -1686.069289 -250.172748
-1 1495933247.767570 523.140248 -1708.209129 -163.399621
-1 1495933247.802946 542.72873 -1695.722663 -102.210212
-1 1495933247.833364 579.723422 -1685.012983 -45.68167
-1 1495933247.865257 612.434162 -1617.259515 21.05306
-1 1495933247.898291 644.729169 -1563.673434 80.724358
-1 1495933247.932413 666.236872 -1548.925947 128.127589
-1 1495933247.972230 674.777479 -1498.942234 153.186405
-1 1495933248.004800 703.407473 -1520.870706 208.358857
-1 1495933248.039439 733.191305 -1533.04251 252.101829
-1 1495933248.070044 742.300219 -1541.052379 275.720955
-1 1495933248.105179 756.135981 -1567.973593 310.640092
-1 1495933248.138068 757.999284 -1547.409423 315.529563
-1 1495933248.173504 760.341115 -1555.763676 316.906738
-1 1495933248.202374 765.594977 -1555.602298 318.146307
-1 1495933248.235730 768.761678 -1563.068887 320.282537
-1 1495933248.275630 747.349478 -1518.317447 293.895745
-1 1495933248.305238 748.232057 -1502.673572 291.243859
-1 1495933248.336296 750.543854 -1408.263298 272.49127
-1 1495933248.371190 748.250989 -1434.630751 275.048088
-1 1495933248.405474 739.74361 -1462.617095 279.637562
-1 1495933248.439638 732.459963 -1427.425385 270.201897
-1 1495933248.467125 723.716377 -1435.085993 267.460494
-1 1495933248.500739 706.616055 -1443.250009 264.368416
-1 1495933248.532200 692.954009 -1440.286918 257.73223
-1 1495933248.559858 682.683858 -1550.713315 250.523053
-1 1495933248.593402 684.589519 -1515.611333 235.472153
-1 1495933248.627104 675.15366 -1507.729771 226.27582
-1 1495933248.664076 668.363486 -1512.43044 202.415513
-1 1495933248.699233 645.751275 -1540.237626 199.429229
-1 1495933248.729093 660.1304 -1542.093791 209.837018
-1 1495933248.755246 639.970144 -1641.433849 223.552912
-1 1495933248.790583 659.351933 -1600.860961 235.920114
-1 1495933248.820673 652.539288 -1601.786174 232.141483
-1 1495933248.857454 665.93017 -1506.512153 232.618667
-1 1495933248.889259 653.795439 -1497.699439 229.513272
-1 1495933248.920094 677.348987 -1519.943105 222.759085
-1 1495933248.959435 669.91932 -1538.168766 238.24056
-1 1495933248.987107 650.881126 -1543.301259 229.927942
-1 1495933249.015262 671.936313 -1455.448018 239.332164
-1 1495933249.047816 681.543477 -1450.154479 257.161458
-1 1495933249.081062 711.725062 -1510.978068 264.848189
-1 1495933249.117533 706.908555 -1593.431158 276.447458
-1 1495933249.147445 726.443112 -1553.386456 309.485973
-1 1495933249.180823 726.791844 -1519.205309 335.056004
-1 1495933249.212496 742.01896 -1503.964532 339.948435
-1 1495933249.249043 734.189744 -1449.1062 345.444188
-1 1495933249.281452 748.388441 -1545.351145 346.855395
-1 1495933249.319172 745.460718 -1562.724072 358.803859
-1 1495933249.346804 750.409514 -1548.01984 366.608221
-1 1495933249.382007 735.689337 -1509.20367 350.478294
-1 1495933249.408136 719.602342 -1485.723379 342.830034
-1 1495933249.443482 722.829645 -1464.372851 361.535275
-1 1495933249.477724 706.462328 -1447.770459 333.678089
-1 1495933249.515920 707.916976 -1423.838939 331.607703
-1 1495933249.541339 695.58962 -1456.083049 329.02758
-1 1495933249.570075 699.141138 -1301.599552 340.99528
-1 1495933249.603248 693.478763 -1331.648851 340.900213
-1 1495933249.641503 679.451151 -1344.32101 328.78381
-1 1495933249.668484 669.988124 -1303.563027 309.265877
-1 1495933249.704295 653.633996 -1243.474479 270.64172
-1 1495933249.736863 655.139426 -1246.221758 263.785437
-1 1495933249.764441 642.729545 -1270.193481 256.133478
-1 1495933249.800635 636.744806 -1342.366028 257.941599
-1 1495933249.831533 635.060484 -1332.456937 230.045943
-1 1495933249.861685 615.189049 -1491.460883 229.015004
-1 1495933249.894838 590.734372 -1475.845635 201.495916
-1 1495933249.929867 572.958663 -1451.827472 151.534017
-1 1495933249.969171 570.279121 -1484.778529 124.982984
-1 1495933249.991671 567.683896 -1439.51008 82.925323
-1 1495933250.025593 567.619202 -1457.279736 55.339651
-1 1495933250.060624 565.589477 -1425.778629 10.096325
-1 1495933250.092687 558.474338 -1483.153766 -25.035881
-1 1495933250.124416 552.805143 -1453.173198 -60.004957
-1 1495933250.161068 545.259331 -1465.243 -114.96804
-1 1495933250.185042 533.751158 -1441.006835 -152.974077
-1 1495933250.216941 526.559136 -1408.87209 -207.806581
-1 1495933250.259374 511.652259 -1382.202414 -251.525509
-1 1495933250.293600 502.986607 -1364.653048 -299.412213
-1 1495933250.399554 499.387683 -1345.152614 -331.025465
-1 1495933250.428816 480.431042 -1320.4627 -380.438047
-1 1495933250.469477 476.091709 -1293.477432 -423.185591
-1 1495933250.509062 480.503811 -1262.203847 -472.934422
-1 1495933250.538626 451.047643 -1221.130869 -512.784091
-1 1495933250.571169 447.18777 -1167.00864 -562.010609
-1 1495933250.600602 445.093039 -1123.007434 -599.847597
-1 1495933250.633072 451.596439 -1057.835123 -584.551447
-1 1495933250.665931 440.514952 -1017.566416 -621.679318
-1 1495933250.699361 434.551366 -969.519375 -658.38808
-1 1495933250.734921 430.403831 -938.359866 -693.177749
-1 1495933250.772906 423.600492 -895.550239 -730.834221
-1 1495933250.799477 418.474278 -853.476052 -755.369244
-1 1495933250.828825 411.05238 -801.704374 -783.885239
-1 1495933250.864765 407.292141 -764.684229 -819.307454
-1 1495933250.896912 395.486982 -699.896141 -847.521973
-1 1495933250.929541 401.33 -657.931519 -870.949855
-1 1495933250.968286 395.919291 -606.703252 -903.638805
-1 1495933251.000091 388.646594 -550.320799 -908.926299
-1 1495933251.023757 390.12546 -491.942165 -933.149858
-1 1495933251.055985 388.883325 -436.883396 -934.422718
-1 1495933251.088616 392.157965 -375.690095 -946.521366
-1 1495933251.122590 401.328567 -324.879721 -942.524118
-1 1495933251.153356 399.66144 -282.614103 -946.181419
-1 1495933251.186412 385.515329 -226.638014 -958.240486
-1 1495933251.218861 382.613835 -180.880439 -969.827178
-1 1495933251.252125 388.426682 -148.21094 -960.630845
-1 1495933251.285629 379.462179 -119.294805 -956.934703
-1 1495933251.315890 379.999057 -85.157809 -959.748979
-1 1495933251.348256 375.717001 -60.893017 -958.22199
-1 1495933251.381119 369.007018 -51.494267 -960.786207
-1 1495933251.412453 373.225819 -27.068627 -955.485396
-1 1495933251.447194 355.048856 -22.142394 -949.155495
-1 1495933251.484661 350.27208 -1.809162 -922.002989
-1 1495933251.521607 329.014264 23.135741 -921.899414
-1 1495933251.546423 348.122198 20.494677 -910.061923
-1 1495933251.576193 346.334816 23.358652 -901.502944
-1 1495933251.607040 343.037576 34.563944 -890.521055
-1 1495933251.641961 356.084627 19.052787 -864.011083
-1 1495933251.678323 356.827707 33.226643 -884.941702
-1 1495933251.705848 367.013504 47.283969 -834.716797
-1 1495933251.740370 363.872898 55.802254 -866.136586
-1 1495933251.779603 367.750318 36.564371 -855.160615
-1 1495933251.805523 372.794504 27.106177 -856.006969
-1 1495933251.843520 368.672666 22.423189 -862.694943
-1 1495933251.871953 364.142747 35.036734 -863.757324
-1 1495933251.912585 346.883832 32.829849 -853.970614
-1 1495933251.938881 347.394724 26.523889 -865.858783
-1 1495933251.977294 371.526614 2.285203 -896.054909
-1 1495933252.004172 378.455376 -24.089448 -906.675766
-1 1495933252.032475 368.809949 -37.715083 -911.278187
-1 1495933252.066039 365.27236 -51.50999 -926.497396
-1 1495933252.105838 362.400656 -79.873458 -919.922615
-1 1495933252.132548 352.078247 -106.169095 -925.117631
-1 1495933252.166291 353.344796 -113.68511 -962.926506
-1 1495933252.196043 351.698558 -146.523882 -958.187959
-1 1495933252.228790 351.733676 -156.697978 -977.412553
-1 1495933252.264075 345.975379 -167.675151 -1000.665468
-1 1495933252.297479 342.160358 -197.382156 -1010.704827
-1 1495933252.333871 422.822871 -131.074889 -925.702829
-1 1495933252.365457 317.99284 -229.179382 -1050.479773
-1 1495933252.394430 319.449454 -250.564658 -1078.830788
-1 1495933252.423551 301.168869 -316.402419 -1047.085479
-1 1495933252.463502 289.085504 -350.844607 -1079.734479
-1 1495933252.489217 295.635085 -384.228652 -1109.071304
-1 1495933252.523126 276.616044 -424.096622 -1093.904622
-1 1495933252.554557 255.303932 -462.086512 -1099.757709
-1 1495933252.585505 265.846044 -413.00145 -1145.242957
-1 1495933252.621634 244.986309 -467.198463 -1109.893614
-1 1495933252.650290 213.734251 -478.940418 -1111.753522
-1 1495933252.682231 197.830015 -492.620273 -1118.778483
-1 1495933252.717231 198.500801 -520.026033 -1121.273896
-1 1495933252.748694 212.766474 -509.990899 -1129.295025
-1 1495933252.787341 200.975869 -537.27548 -1138.337846
-1 1495933252.815077 182.770978 -545.025071 -1145.93025
-1 1495933252.854374 167.753092 -542.963559 -1111.437433
-1 1495933252.878055 161.74284 -531.853651 -1111.913323
-1 1495933252.909238 150.046377 -577.525131 -1121.304229
-1 1495933252.941667 144.817468 -606.124845 -1129.875784
-1 1495933252.974767 153.253636 -607.792697 -1162.72694
-1 1495933253.007020 141.63097 -593.138421 -1152.091471
-1 1495933253.046840 142.313501 -604.569145 -1129.921098
-1 1495933253.073570 122.387788 -614.111892 -1151.574337
-1 1495933253.103689 140.984368 -650.097192 -1102.246464
-1 1495933253.136621 116.49563 -659.783471 -1162.621146
-1 1495933253.170550 85.440017 -959.413147 -1449.070416
-1 1495933253.202060 66.198546 -972.300057 -1462.12898
-1 1495933253.237218 71.648384 -976.206108 -1518.364184
-1 1495933253.275401 49.447216 -975.108105 -1529.710989
-1 1495933253.301919 44.190332 -1021.78285 -1510.246138
-1 1495933253.332263 69.366085 -981.451847 -1498.6637
-1 1495933253.365956 57.666386 -995.938608 -1516.561982
-1 1495933253.404928 58.728906 -974.245221 -1485.687441
-1 1495933253.430029 51.369083 -1014.648338 -1506.295869
-1 1495933253.461221 56.801443 -1040.747269 -1513.164173
-1 1495933253.493114 54.430413 -1041.833828 -1513.983894
-1 1495933253.530518 41.622093 -1052.813024 -1516.749157
-1 1495933253.560372 46.970853 -1050.655796 -1500.620339
-1 1495933253.590544 64.236173 -1071.662571 -1438.577733
-1 1495933253.626758 67.390904 -1072.201604 -1463.257946
-1 1495933253.656694 58.913907 -1083.63946 -1498.694957
-1 1495933253.689099 77.5091 -1087.129211 -1439.759411
-1 1495933253.726624 73.595035 -1095.725482 -1421.627715
-1 1495933253.758303 71.122511 -1114.698393 -1459.004165
-1 1495933253.791854 74.529844 -1109.549614 -1445.924701
-1 1495933253.820190 68.579102 -1102.947799 -1447.458533
-1 1495933253.860481 76.037968 -1102.720509 -1421.084502
-1 1495933253.886438 82.72497 -1105.591152 -1406.915653
-1 1495933253.919270 77.941478 -1100.989101 -1431.106475
-1 1495933253.961650 68.718003 -1104.040461 -1460.778439
-1 1495933253.987702 74.390203 -1109.681536 -1439.700595
-1 1495933254.020102 88.08418 -1106.440204 -1428.244851
-1 1495933254.056539 77.609114 -1115.790923 -1441.540897
-1 1495933254.080446 81.105643 -1125.428739 -1423.380534
-1 1495933254.112908 81.381457 -1133.993696 -1408.10066
-1 1495933254.145314 81.678125 -1139.206331 -1412.259743
-1 1495933254.178009 80.121451 -1134.474083 -1400.897587
-1 1495933254.209968 84.733212 -1141.425191 -1414.045669
-1 1495933254.243589 89.880464 -1137.993987 -1402.412183
-1 1495933254.283722 94.024242 -1140.213809 -1398.631148
-1 1495933254.315659 93.355722 -1150.544805 -1398.216109
-1 1495933254.351037 100.543398 -1151.236294 -1380.528675
-1 1495933254.377366 110.04352 -1163.340627 -1379.553223
-1 1495933254.404713 119.392996 -1165.306257 -1369.174842
-1 1495933254.439514 139.919535 -1169.719099 -1363.051906
-1 1495933254.473035 138.954116 -1185.524186 -1365.99306
-1 1495933254.510748 152.396508 -1181.30868 -1361.935887
-1 1495933254.534379 175.269063 -1182.228453 -1354.176469
-1 1495933254.570930 191.130667 -1176.194033 -1343.297415
-1 1495933254.600397 189.221145 -1181.416387 -1350.028483
-1 1495933254.631910 207.213893 -1192.565321 -1333.712676
-1 1495933254.666161 224.792064 -1194.578088 -1324.488045
-1 1495933254.696928 242.879879 -1200.987443 -1309.672778
-1 1495933254.732410 263.20024 -1178.849792 -1312.538101
-1 1495933254.767697 269.242974 -1197.163955 -1274.760113
-1 1495933254.797763 279.718179 -1215.848574 -1243.227502
-1 1495933254.830460 290.940533 -1235.317562 -1209.246086
-1 1495933254.867745 303.487627 -1255.306974 -1193.198834
-1 1495933254.900271 327.862248 -1278.588801 -1160.100763
-1 1495933254.930350 338.23582 -1297.744784 -1126.774828
-1 1495933254.962882 385.223088 -1322.078937 -1061.55303
-1 1495933254.995936 383.38341 -1309.497866 -1022.941451
-1 1495933255.034205 397.449424 -1330.150339 -967.291815
-1 1495933255.066076 418.829138 -1347.431216 -892.4764
-1 1495933255.093711 435.510578 -1333.71582 -828.779741
-1 1495933255.126412 461.690683 -1369.837388 -749.991492
-1 1495933255.161915 495.57576 -1393.276579 -677.076305
-1 1495933255.191490 522.257452 -1422.158216 -599.87571
-1 1495933255.229065 545.554144 -1466.857446 -534.82777
-1 1495933255.265084 580.623673 -1495.346302 -459.596576
-1 1495933255.296943 614.02685 -1503.963769 -394.108813
-1 1495933255.328045 643.811489 -1536.651114 -336.779415
-1 1495933255.357215 673.695362 -1523.408409 -268.928667
-1 1495933255.390243 694.680242 -1543.236509 -212.915409
-1 1495933255.423745 713.646317 -1548.391292 -160.023822
-1 1495933255.451379 723.725452 -1551.617 -133.097701
-1 1495933255.484097 738.155307 -1536.49554 -99.702962
-1 1495933255.518586 747.224877 -1545.322219 -44.6548
-1 1495933255.558388 767.480532 -1536.574422 -4.243978
-1 1495933255.583510 782.280084 -1526.859018 21.807676
-1 1495933255.616829 789.557948 -1519.163978 56.467877
-1 1495933255.647768 804.166551 -1508.349908 85.467344
-1 1495933255.679874 821.312633 -1507.184734 118.25765
-1 1495933255.714193 835.473332 -1493.683823 140.599846
-1 1495933255.752645 851.295691 -1460.615772 168.992661
-1 1495933255.779475 877.451556 -1448.133154 192.234109
-1 1495933255.811887 893.663418 -1422.520447 200.653631
-1 1495933255.853765 904.562702 -1433.429021 202.366315
-1 1495933255.878899 921.283306 -1423.277581 204.339415
-1 1495933255.908668 948.238419 -1408.582007 201.491847
-1 1495933255.947148 975.329844 -1405.1992 187.559186
-1 1495933255.978727 988.962277 -1361.508975 194.784268
-1 1495933256.015294 1019.507599 -1355.067742 198.527758
-1 1495933256.051458 1041.943313 -1346.503847 218.007221
-1 1495933256.082948 1081.197242 -1353.486103 228.385417
-1 1495933256.111810 1115.25324 -1349.488897 191.715125
-1 1495933256.152655 1144.779783 -1344.269462 167.416474
-1 1495933256.188500 1188.134812 -1348.437832 141.000089
-1 1495933256.220425 1214.100416 -1334.047865 120.912494
-1 1495933256.249027 1236.089024 -1299.734265 124.516528
-1 1495933256.283214 1268.982951 -1280.571548 109.690163
-1 1495933256.313267 1290.536268 -1345.191292 48.869925
-1 1495933256.345635 1309.406234 -1378.102676 38.799494
-1 1495933256.382112 1321.562125 -1357.765928 19.887103
-1 1495933256.411346 1337.809326 -1311.101565 29.827326
-1 1495933256.447684 1359.557412 -1336.580127 8.335553
-1 1495933256.483115 1372.125707 -1400.961834 -12.315415
-1 1495933256.509621 1372.665898 -1452.5178 -80.721768
-1 1495933256.541971 1353.19695 -1443.710493 -114.668783
-1 1495933256.577249 1327.852347 -1449.419038 -117.96912
-1 1495933256.606853 1319.072088 -1531.208801 -127.380741
-1 1495933256.639278 1301.269242 -1554.807348 -136.721339
-1 1495933256.672543 1294.994493 -1557.386315 -132.705966
-1 1495933256.703891 1280.883905 -1575.922759 -148.896188
-1 1495933256.741098 1284.492053 -1604.515971 -142.757901
-1 1495933256.770116 1290.521541 -1619.431205 -126.56287
-1 1495933256.802529 1269.498559 -1628.50647 -119.799435
-1 1495933256.837565 1257.894435 -1671.48066 -120.854418
-1 1495933256.879526 1236.7627 -1656.822769 -123.759322
-1 1495933256.904746 1234.751199 -1690.377144 -126.221443
-1 1495933256.934470 1248.174286 -1782.495847 -138.512074
-1 1495933256.971013 1273.753565 -1848.233065 -144.166889
-1 1495933257.001286 1269.031455 -1876.967223 -149.638228
-1 1495933257.034878 1266.637606 -1872.644574 -149.305679
-1 1495933257.071227 1235.17863 -1876.392829 -136.899636
-1 1495933257.097751 1228.193156 -1884.18808 -140.950151
-1 1495933257.130697 1230.47698 -1863.75477 -132.898319
-1 1495933257.165093 1226.294963 -1848.261493 -135.598292
-1 1495933257.196000 1226.789763 -1852.686741 -132.346043
-1 1495933257.231859 1231.805235 -1855.377529 -119.331868
-1 1495933257.265805 1232.700741 -1857.199594 -114.414284
-1 1495933257.293970 1224.896425 -1859.928396 -112.672378
-1 1495933257.334815 1214.477955 -1855.826635 -118.798828
-1 1495933257.358406 1215.334528 -1860.27434 -116.022283
-1 1495933257.395435 1211.826301 -1859.835119 -115.364953
-1 1495933257.428234 1210.685869 -1852.193517 -112.112334
-1 1495933257.455646 1203.114735 -1849.567148 -113.256836
-1 1495933257.487914 1190.278348 -1824.908116 -112.269546
-1 1495933257.522716 1184.922698 -1817.670043 -108.971428
-1 1495933257.554651 1186.700116 -1822.142858 -110.431463
-1 1495933257.586641 1188.647415 -1830.828824 -112.564364
