-1 1495933612.748911 1478.051319 -1774.236463 -218.227687
-1 1495933612.787886 1467.866308 -1735.906717 -205.225349
-1 1495933612.813236 1447.509303 -1677.785857 -194.206099
-1 1495933612.846471 1600.177048 -1859.875422 -248.461174
-1 1495933612.879634 1440.635982 -1620.385809 -187.299879
-1 1495933612.912378 1583.50548 -1945.477627 -268.634588
-1 1495933612.946475 1445.754427 -1728.476417 -202.360026
-1 1495933612.979910 1467.993488 -1799.04825 -209.4168
-1 1495933613.012515 1469.534764 -1858.977144 -197.403232
-1 1495933613.049447 1468.178882 -1867.843562 -203.452
-1 1495933613.087338 1470.08556 -1888.630411 -211.75944
-1 1495933613.113812 1438.373912 -1882.058849 -225.614421
-1 1495933613.154207 1391.397187 -1777.831832 -213.778409
-1 1495933613.177853 1416.358925 -1842.549863 -216.925974
-1 1495933613.212089 1280.636111 -1508.273647 -179.402299
-1 1495933613.252772 1430.241533 -1896.606512 -231.638406
-1 1495933613.280556 1448.786464 -1938.057078 -231.270345
-1 1495933613.310185 1492.770432 -1988.896644 -255.916711
-1 1495933613.343134 1485.825302 -2003.490415 -249.839459
-1 1495933613.378416 1478.349212 -1966.891612 -220.212254
-1 1495933613.412605 1468.516147 -1957.045713 -216.889722
-1 1495933613.442653 1453.618922 -1945.563739 -234.653912
-1 1495933613.479369 1448.124163 -1904.142098 -222.725053
-1 1495933613.513455 1424.659313 -1876.95684 -235.174376
-1 1495933613.551216 1429.820806 -1889.90233 -231.274784
-1 1495933613.577402 1415.213244 -1898.634604 -234.99275
-1 1495933613.607721 1418.823681 -1915.205781 -230.350749
-1 1495933613.639030 1426.28916 -1901.165042 -229.660127
-1 1495933613.677370 1420.645234 -1893.051147 -223.206306
-1 1495933613.705512 1445.595643 -1925.095202 -251.133404
-1 1495933613.740604 1446.542266 -1946.32502 -238.098514
-1 1495933613.771936 1450.302124 -1966.140084 -253.939912
-1 1495933613.802966 1453.980902 -1935.948115 -263.589015
-1 1495933613.835423 1459.408777 -1949.064238 -261.880771
-1 1495933613.869178 1466.098878 -2001.811285 -232.667495
-1 1495933613.906356 1452.133895 -1948.618084 -213.702208
-1 1495933613.933485 1458.591276 -1962.882797 -214.332164
-1 1495933613.965732 1569.564033 -2134.034265 -341.701068
-1 1495933613.999608 1456.269282 -1964.309361 -230.641498
-1 1495933614.036720 1442.052321 -1959.365049 -220.273659
-1 1495933614.064300 1428.187237 -1935.929937 -215.861003
-1 1495933614.099448 1449.02753 -1984.204898 -246.336041
-1 1495933614.129686 1429.622904 -1938.898833 -231.112024
-1 1495933614.165216 1444.733822 -1974.635779 -231.229285
-1 1495933614.201750 1439.619469 -1966.580466 -248.786325
-1 1495933614.226923 1429.605889 -1929.698911 -227.583082
-1 1495933614.259803 1421.901587 -1913.814976 -228.602554
-1 1495933614.293516 1435.095978 -1942.629939 -242.520419
-1 1495933614.325680 1503.682639 -2081.127996 -298.370916
-1 1495933614.359869 1473.170171 -1981.441863 -253.971354
-1 1495933614.393043 1474.114227 -1900.970724 -241.44879
-1 1495933614.423298 1503.575666 -1905.025714 -241.022653
-1 1495933614.455766 1511.791507 -1930.166095 -243.286873
-1 1495933614.490630 1510.546713 -1965.884267 -267.717581
-1 1495933614.526014 1497.239385 -1942.625029 -269.593395
-1 1495933614.553244 1498.823732 -1959.979779 -255.210183
-1 1495933614.587557 1493.389014 -1974.124345 -257.627915
-1 1495933614.619542 1490.011227 -2000.673112 -262.178918
-1 1495933614.653825 1433.937027 -1914.546005 -240.70749
-1 1495933614.693275 1449.872242 -1932.648634 -240.724876
-1 1495933614.716986 1472.351074 -2016.141742 -262.545129
-1 1495933614.748943 1484.361336 -1988.621455 -234.963157
-1 1495933614.781191 1502.319428 -2039.749809 -273.877323
-1 1495933614.814969 1489.244935 -2018.87154 -255.583792
-1 1495933614.847077 1478.120307 -2016.519961 -253.798606
-1 1495933614.883710 1433.193322 -1950.611944 -249.690755
-1 1495933614.911883 1445.554907 -2011.344114 -255.119925
-1 1495933614.946964 1452.422379 -2024.383877 -254.258404
-1 1495933614.979970 1450.585498 -2009.938713 -267.788974
-1 1495933615.009789 1446.907067 -1967.806808 -283.520878
-1 1495933615.043119 1473.382499 -2046.418298 -274.38299
-1 1495933615.083383 1449.358645 -2011.153445 -262.153394
-1 1495933615.108575 1454.858815 -1993.722335 -251.855839
-1 1495933615.140849 1474.620912 -2035.428785 -261.172763
-1 1495933615.173374 1479.545478 -2009.640437 -253.137207
-1 1495933615.205944 1481.273929 -2017.26658 -274.661902
-1 1495933615.239851 1476.814871 -2001.370438 -260.782138
-1 1495933615.272276 1472.562709 -1984.785196 -258.668842
-1 1495933615.305424 1487.782056 -1987.659488 -237.972375
-1 1495933615.337393 1504.489205 -2011.805924 -273.957594
-1 1495933615.373533 1469.821884 -1967.689979 -249.006052
-1 1495933615.405985 1459.272142 -1969.351395 -248.366847
-1 1495933615.442235 1466.116772 -1958.468296 -254.60353
-1 1495933615.469358 1457.032129 -1936.957052 -252.277166
-1 1495933615.504934 1430.677587 -1921.272278 -240.752989
-1 1495933615.536214 1399.322833 -1762.506833 -223.261793
-1 1495933615.569546 1410.813534 -1806.929215 -227.929318
-1 1495933615.599691 1594.975766 -2121.293176 -342.194528
-1 1495933615.630927 1569.28956 -2108.569535 -334.66353
-1 1495933615.668134 1591.40662 -2135.363106 -377.09776
-1 1495933615.707844 1600.386556 -2119.720791 -315.233635
-1 1495933615.735111 1495.599874 -2038.355421 -265.243623
-1 1495933615.765725 1515.286324 -2070.34189 -287.515166
-1 1495933615.798885 1505.945032 -2066.61974 -284.589918
-1 1495933615.827338 1497.60622 -2066.867065 -285.304214
-1 1495933615.860179 1481.162146 -2040.144945 -271.187707
-1 1495933615.893573 1468.229791 -2002.550075 -256.546298
-1 1495933615.928413 1471.372639 -1998.447783 -273.804081
-1 1495933615.959135 1430.287009 -1935.375048 -257.215465
-1 1495933615.990447 1433.640844 -1933.624599 -248.099402
-1 1495933616.140811 1429.472721 -1919.551684 -227.846458
-1 1495933616.171982 1497.754137 -2117.356209 -315.071615
-1 1495933616.211647 1585.248866 -2121.471505 -303.006629
-1 1495933616.245311 1452.951397 -1879.997452 -193.312396
-1 1495933616.270570 1459.264813 -1990.412704 -222.315933
-1 1495933616.300732 1448.329486 -2034.381767 -212.404193
-1 1495933616.333096 1258.365585 -1598.37474 -166.912657
-1 1495933616.366390 1423.365206 -1930.363133 -221.743682
-1 1495933616.400998 1426.26678 -1959.613966 -224.954501
-1 1495933616.431199 1503.757523 -2090.196626 -276.572857
-1 1495933616.466067 1471.451384 -1992.378633 -233.680679
-1 1495933616.504726 1450.736213 -2001.641912 -239.058801
-1 1495933616.531139 1446.084918 -2014.178931 -228.153483
-1 1495933616.562596 1361.55844 -1939.748283 -183.185369
-1 1495933616.595639 1279.454364 -1912.07156 -147.084739
-1 1495933616.628875 1207.110596 -1854.237034 -93.073804
-1 1495933616.663256 1138.021827 -1818.999448 -16.584547
-1 1495933616.699598 1056.454687 -1753.959258 41.254217
-1 1495933616.726679 980.326809 -1610.326286 125.65881
-1 1495933616.762641 908.143304 -1520.698481 144.799805
-1 1495933616.800047 809.026481 -1437.294935 176.261763
-1 1495933616.825295 697.524331 -1415.414429 177.533144
-1 1495933616.859477 628.946257 -1361.463397 152.843498
-1 1495933616.890020 603.91153 -1343.754246 110.201749
-1 1495933616.923358 613.574502 -1286.504331 37.74525
-1 1495933616.958614 665.573259 -1217.046854 -86.449825
-1 1495933616.993825 751.621085 -1145.516437 -241.920425
-1 1495933617.023057 864.091261 -1074.417778 -372.714326
-1 1495933617.058336 988.931482 -946.748949 -485.97819
-1 1495933617.084986 1091.09541 -825.432089 -516.94225
-1 1495933617.118856 1179.533987 -777.452286 -508.79868
-1 1495933617.150801 1226.142837 -733.82104 -467.980217
-1 1495933617.188427 1255.725491 -748.067043 -429.64644
-1 1495933617.217386 1289.186189 -820.717389 -391.189853
-1 1495933617.256798 1250.067971 -873.230179 -328.527462
-1 1495933617.281306 1207.020106 -942.471579 -302.694425
-1 1495933617.317227 1146.015422 -1020.489767 -244.306345
-1 1495933617.346743 1062.819464 -1073.787258 -199.414062
-1 1495933617.380156 995.85169 -1114.766395 -170.398319
-1 1495933617.414240 944.538741 -1126.203587 -188.77545
-1 1495933617.446027 904.824043 -1137.437771 -239.625133
-1 1495933617.478074 920.316754 -1097.149924 -288.050426
-1 1495933617.514887 979.171892 -1061.01114 -323.029119
-1 1495933617.545223 1014.562295 -1021.844283 -346.541341
-1 1495933617.583153 1034.126282 -978.146561 -336.312959
-1 1495933617.611929 1043.096045 -984.974471 -299.554258
-1 1495933617.646748 1036.043803 -1024.878195 -263.438092
-1 1495933617.682656 1014.906681 -1026.661616 -161.496804
-1 1495933617.711918 1000.713464 -1103.260538 -115.001332
-1 1495933617.738894 976.455504 -1170.187776 -43.952711
-1 1495933617.773151 919.53518 -1199.646527 28.335109
-1 1495933617.816219 892.684983 -1230.413752 74.881999
-1 1495933617.841793 840.159468 -1256.447767 136.425411
-1 1495933617.874601 824.886923 -1216.903288 158.698435
-1 1495933617.905631 816.755376 -1192.984473 229.566909
-1 1495933617.935147 771.321915 -1233.181696 282.89277
-1 1495933617.968288 737.856986 -1228.626483 333.391779
-1 1495933617.999762 704.422714 -1256.782797 346.306818
-1 1495933618.037184 704.875923 -1264.353744 369.791667
-1 1495933618.069405 707.086413 -1253.378893 391.326719
-1 1495933618.105613 700.310701 -1252.664516 407.624586
-1 1495933618.130525 722.566917 -1112.119194 385.097064
-1 1495933618.162882 704.201635 -1138.074925 384.056877
-1 1495933618.201999 735.874581 -1065.712506 408.697695
-1 1495933618.228836 734.800986 -1033.648018 386.613326
-1 1495933618.275909 496.474723 -147.591035 18.454072
-1 1495933618.305682 398.740526 -159.555783 -64.116137
-1 1495933618.337955 434.6304 -464.270683 155.158395
-1 1495933618.372750 420.875353 -431.623575 125.418738
-1 1495933618.406980 491.168698 -488.794907 65.123402
-1 1495933618.437530 477.74701 -501.769887 28.503788
-1 1495933618.470926 476.383464 -520.641426 0.749068
-1 1495933618.503982 500.943825 -593.289948 2.938935
-1 1495933618.537064 701.996537 -898.362135 237.946112
-1 1495933618.572461 673.110789 -1506.335383 395.60177
-1 1495933618.609491 672.229911 -1478.868236 363.317131
-1 1495933618.646040 675.983429 -1473.334006 345.06392
-1 1495933618.673626 671.598365 -1471.839308 329.430413
-1 1495933618.704629 675.928613 -1509.466221 366.77542
-1 1495933618.735660 696.872168 -1469.7734 382.966383
-1 1495933618.772415 679.735588 -1450.677822 351.290986
-1 1495933618.801929 704.222523 -1372.682588 397.930353
-1 1495933618.834741 707.887846 -1407.019773 408.448005
-1 1495933618.871013 696.735914 -1340.152376 371.984123
-1 1495933618.901012 699.915684 -1343.605572 361.901855
-1 1495933618.933920 672.034362 -1294.281139 316.533129
-1 1495933618.968126 669.261747 -1268.850708 312.286932
-1 1495933619.003986 667.366976 -1286.70588 306.095378
-1 1495933619.039177 646.972356 -1102.207748 275.94475
-1 1495933619.364474 657.595201 -1144.725501 255.183179
-1 1495933620.410786 656.656138 -1175.008824 310.993726
-1 1495933620.421577 658.696192 -1211.87764 334.99201
-1 1495933620.475574 647.13507 -1088.76157 341.515004
-1 1495933620.567823 641.078348 -1157.973911 351.431552
-1 1495933620.644758 666.461482 -1205.836354 373.19003
-1 1495933620.649929 651.085224 -1215.875145 402.777654
-1 1495933620.678412 649.368679 -1224.034915 401.959044
-1 1495933620.711953 636.24367 -1228.297491 427.623032
-1 1495933620.744543 673.11732 -1097.975325 314.853368
-1 1495933620.778652 694.673041 -1269.024857 308.220141
-1 1495933620.811658 703.656792 -1182.893007 265.511808
-1 1495933620.843837 710.660969 -1177.496636 225.74204
-1 1495933620.879980 721.949259 -1353.560738 227.777285
-1 1495933620.911594 721.618398 -1420.538363 203.245221
-1 1495933620.953249 713.769277 -1366.418756 171.224328
-1 1495933620.978294 728.370181 -1322.823035 172.968084
-1 1495933621.009574 725.699037 -1323.910622 163.73402
-1 1495933621.043584 729.009663 -1308.049343 175.711337
-1 1495933621.076543 723.767252 -1338.643679 204.102302
-1 1495933621.118998 724.689923 -1306.008679 189.025509
-1 1495933621.142759 713.861801 -1310.954616 173.899148
-1 1495933621.176426 711.646201 -1356.182928 152.443256
-1 1495933621.212265 706.109735 -1377.163497 131.763805
-1 1495933621.632779 712.45857 -1361.476633 116.767282
-1 1495933621.643223 715.520778 -1330.999258 115.422289
-1 1495933621.661195 745.095502 -1346.617558 63.492469
-1 1495933621.695634 778.936583 -1285.18219 32.300545
-1 1495933621.731651 797.443505 -1222.244992 -48.028379
-1 1495933621.762970 801.530665 -1097.539786 -147.599654
-1 1495933621.797578 814.421336 -1001.444477 -270.169345
-1 1495933621.823137 814.905178 -851.588772 -376.056093
-1 1495933621.854352 817.549041 -753.919485 -548.676092
-1 1495933621.890523 829.347483 -623.3692 -657.304614
-1 1495933621.924880 831.423696 -542.078267 -812.232555
-1 1495933621.954894 819.292542 -427.928659 -928.954338
-1 1495933621.986128 801.094333 -355.592313 -1016.357422
-1 1495933622.027922 778.112816 -318.394603 -1056.729403
-1 1495933622.074814 755.208796 -255.556272 -1199.66967
-1 1495933622.085003 706.221609 -180.699324 -1162.347227
-1 1495933622.119036 659.757603 -175.700246 -1269.641853
-1 1495933622.150950 628.360402 -164.614935 -1361.716531
-1 1495933622.184298 574.678964 -130.525606 -1365.161318
-1 1495933622.216297 517.450113 -114.03447 -1396.247818
-1 1495933622.249575 460.040954 -134.043287 -1496.372292
-1 1495933622.290458 442.947457 -123.865808 -1701.631673
-1 1495933622.321096 383.07257 -186.186716 -1508.487956
-1 1495933622.350382 333.05419 -0.814056 -1723.472641
-1 1495933622.390215 242.329545 -115.466873 -1831.730883
-1 1495933622.414593 270.471654 -241.172144 -1747.545092
-1 1495933622.452020 232.771209 -357.831822 -1793.450743
-1 1495933622.481873 52.190052 -197.423421 -1478.218957
-1 1495933622.513881 24.401347 -286.274139 -1449.061908
-1 1495933622.546754 -50.114811 -344.960304 -1368.427993
-1 1495933622.582378 -118.441194 -482.431262 -1320.234449
-1 1495933622.616640 -127.161546 -622.161865 -1277.353738
-1 1495933622.655507 -117.246246 -705.052484 -1398.595267
-1 1495933622.682248 -129.376961 -808.674821 -1361.174242
-1 1495933622.716912 -129.649538 -925.605807 -1356.738096
-1 1495933622.755361 -136.58912 -980.557417 -1287.716582
-1 1495933622.780152 -126.299864 -1071.947811 -1245.417554
-1 1495933622.818735 -118.239177 -1183.789162 -1181.994259
-1 1495933622.844877 -94.978887 -1268.549446 -1173.284542
-1 1495933622.876984 -107.386525 -1382.251673 -1208.20294
-1 1495933622.910574 -81.424043 -1433.149719 -1171.308668
-1 1495933622.941765 -65.664973 -1438.780511 -1128.232459
-1 1495933622.977124 -56.526808 -1450.159454 -1110.132576
-1 1495933623.014776 -61.200136 -1460.46388 -1101.668664
-1 1495933623.053952 -58.481436 -1471.573175 -1107.582231
-1 1495933623.077052 -62.310144 -1493.108069 -1136.148904
-1 1495933623.109792 -63.442346 -1430.316627 -1151.385313
-1 1495933623.146124 -73.177661 -1417.89982 -1164.504912
-1 1495933623.181355 -72.828397 -1420.387931 -1185.004772
-1 1495933623.215469 -89.104415 -1396.289859 -1209.611003
-1 1495933623.254810 -87.854212 -1267.718473 -1194.874157
-1 1495933623.281898 -113.546568 -1175.445291 -1219.501657
-1 1495933623.311357 -123.727833 -1146.246205 -1280.933172
-1 1495933623.352431 -117.112038 -1087.145034 -1333.338142
-1 1495933623.379021 -108.499122 -1025.087274 -1384.319513
-1 1495933623.410135 -111.90241 -950.357918 -1424.171956
-1 1495933623.440411 -103.549194 -837.32605 -1463.218735
-1 1495933623.473771 -89.596303 -716.185263 -1487.29433
-1 1495933623.506094 -87.474268 -621.317159 -1530.860855
-1 1495933623.539134 -27.608259 -388.03929 -1410.069876
-1 1495933623.575546 -10.412112 -301.886525 -1429.860803
-1 1495933623.603014 0.823004 -360.436191 -1676.313735
-1 1495933623.637792 76.541531 -260.056122 -1675.606837
-1 1495933623.672872 200.499633 -194.913914 -1621.672844
-1 1495933623.702098 310.418077 -237.28102 -1513.344505
-1 1495933623.739296 337.705184 -127.942326 -1455.029852
-1 1495933623.768398 378.635499 -117.913122 -1441.999031
-1 1495933623.801823 241.390066 -52.219689 -1740.382709
-1 1495933623.832256 309.812442 77.91078 -1623.421779
-1 1495933623.865247 408.394114 66.748578 -1627.900835
-1 1495933623.899984 494.284936 42.048015 -1549.231142
-1 1495933623.931606 574.509106 18.729401 -1519.883219
-1 1495933623.964824 651.459688 -41.437265 -1476.324833
-1 1495933624.001559 721.697443 -148.811805 -1364.30886
-1 1495933624.036133 756.270391 -223.736008 -1265.572288
-1 1495933624.069498 811.764989 -369.6029 -1162.534402
-1 1495933624.104758 918.15352 -518.299882 -993.069735
-1 1495933624.131301 945.301796 -672.256403 -832.218055
-1 1495933624.161253 989.53469 -858.689117 -689.789003
-1 1495933624.196399 1002.433176 -999.890933 -530.772076
-1 1495933624.226113 1018.846015 -1127.735636 -372.169818
-1 1495933624.258787 1018.557901 -1172.697449 -227.560517
-1 1495933624.291276 1006.755135 -1255.010854 -77.341531
-1 1495933624.324832 978.651174 -1275.498631 46.942694
-1 1495933624.357059 962.056177 -1313.091278 168.402285
-1 1495933624.391882 943.136897 -1327.748174 243.475897
-1 1495933624.421638 916.212833 -1308.826811 322.61519
-1 1495933624.453565 883.632406 -1305.199864 392.523008
-1 1495933624.488165 840.317905 -1271.126424 464.22526
-1 1495933624.523826 819.97498 -1296.038818 493.404504
-1 1495933624.557537 802.685616 -1178.181756 314.911444
-1 1495933624.585610 804.879876 -1169.480896 325.957697
-1 1495933624.618769 783.522473 -1117.931565 344.40992
-1 1495933624.656515 760.298758 -1144.560772 302.483946
-1 1495933624.685360 746.535099 -1192.965134 265.947931
-1 1495933624.715825 706.202143 -1149.720963 278.416119
-1 1495933624.749031 689.881504 -1193.698253 253.159032
-1 1495933624.781427 669.761912 -1222.607422 244.256037
-1 1495933624.815074 664.503525 -1283.734197 207.265403
-1 1495933624.846008 669.819618 -1286.677419 199.907892
-1 1495933624.879269 670.791487 -1291.504205 195.689808
-1 1495933624.911220 670.097675 -1292.336273 197.065874
-1 1495933624.953610 665.026185 -1296.911488 206.560355
-1 1495933624.976915 666.549706 -1299.629842 201.943507
-1 1495933625.009029 672.202024 -1317.990145 204.746316
-1 1495933625.045817 667.130418 -1322.004998 208.540483
-1 1495933625.077038 665.818671 -1321.474988 209.593987
-1 1495933625.113356 677.742189 -1337.826372 202.526486
-1 1495933625.139912 671.758571 -1332.573169 206.375769
-1 1495933625.173946 667.697745 -1332.513063 208.516069
-1 1495933625.207635 664.184247 -1330.031221 211.443167
-1 1495933625.237834 658.688771 -1329.947828 210.451438
-1 1495933625.271314 656.304076 -1328.408515 206.258508
-1 1495933625.305275 651.823333 -1330.589892 203.427217
-1 1495933625.344584 644.538718 -1330.269789 196.185488
-1 1495933625.369043 423.767344 304.789734 -189.071008
-1 1495933625.401089 -276.303933 12.306014 -377.118105
-1 1495933625.434408 214.790333 -103.845149 -194.28489
-1 1495933625.467611 167.606308 -265.80318 -387.629469
-1 1495933625.504358 133.315023 -262.9469 -395.392401
-1 1495933625.541223 102.117712 -286.020743 -390.369762
-1 1495933625.565592 63.337245 -297.416007 -401.822917
-1 1495933625.604261 45.885861 -321.77275 -413.800974
-1 1495933625.633575 14.199945 -315.906475 -418.110426
-1 1495933625.667972 -14.926766 -312.266259 -420.677601
-1 1495933625.704849 -54.886798 -300.778248 -415.081232
-1 1495933625.730043 -79.716844 -303.78005 -415.29467
-1 1495933625.769536 -108.780196 -306.188683 -416.826468
-1 1495933625.798358 -140.783795 -307.123649 -421.348618
-1 1495933625.828209 -172.770032 -313.979091 -407.290187
-1 1495933625.860325 -214.687717 -317.82079 -395.544064
-1 1495933625.892710 -239.453113 -327.266842 -381.78526
-1 1495933625.926784 -251.341028 -324.123731 -376.939438
-1 1495933625.958749 -254.339796 -299.563715 -375.78199
-1 1495933625.996201 -257.303631 -285.384916 -373.544774
-1 1495933626.033553 453.428199 -1054.588451 125.324781
-1 1495933626.056250 474.674479 -1081.318996 141.156561
-1 1495933626.091435 497.828328 -1145.792754 173.053903
-1 1495933626.122241 481.031753 -1132.880567 94.07811
-1 1495933626.152529 480.956245 -1132.368668 89.353249
-1 1495933626.185782 479.283604 -1132.359778 85.006067
-1 1495933626.219232 670.13092 -1257.984427 334.12642
-1 1495933626.256405 664.055842 -1257.120481 327.587521
-1 1495933626.284371 665.501982 -1254.992311 330.228308
-1 1495933626.319061 679.864987 -1130.964428 319.716575
-1 1495933626.352241 663.812672 -1180.610292 292.159017
-1 1495933626.388415 672.280953 -1278.374216 262.012828
-1 1495933626.416837 710.958261 -1431.248441 263.124408
-1 1495933626.447622 729.794658 -1425.294893 206.164921
-1 1495933626.480607 753.364239 -1409.497468 142.703525
-1 1495933626.517527 772.196475 -1326.847408 76.80738
-1 1495933626.555104 804.279166 -1289.486296 3.778631
-1 1495933626.590365 840.681353 -1256.150785 -74.13848
-1 1495933626.614804 858.945534 -1199.390046 -176.324648
-1 1495933626.642743 874.652181 -1128.618323 -280.706972
-1 1495933626.675356 901.556131 -1074.465279 -407.050485
-1 1495933626.708634 899.012699 -984.104588 -517.336204
-1 1495933626.741770 908.264287 -930.328635 -658.810517
-1 1495933626.777944 914.116854 -823.285609 -757.714844
-1 1495933626.808208 903.168568 -755.505736 -887.182987
-1 1495933626.839069 892.144995 -652.295585 -987.880268
-1 1495933626.871886 891.323656 -603.208757 -1083.105099
-1 1495933626.903610 866.82026 -565.896805 -1148.616167
-1 1495933626.935708 848.719244 -533.966031 -1236.213823
-1 1495933626.968593 812.22711 -464.958572 -1289.838571
-1 1495933627.000785 767.621659 -414.774737 -1392.449766
-1 1495933627.036719 725.746617 -365.4749 -1459.380549
-1 1495933627.065380 682.011483 -382.852521 -1576.39752
-1 1495933627.100956 631.704978 -335.23397 -1621.470688
-1 1495933627.132115 633.400634 -325.175244 -1615.507739
-1 1495933627.163842 676.259203 -236.865566 -1640.307987
-1 1495933627.194077 697.150623 -186.275615 -1655.01487
-1 1495933627.227957 710.172575 -153.505574 -1667.306981
-1 1495933627.259070 716.850341 -139.853735 -1670.8485
-1 1495933627.295355 710.123605 -128.441686 -1666.917836
-1 1495933627.327302 696.166865 -142.889205 -1647.631466
-1 1495933627.356538 687.653328 -126.794998 -1636.957342
-1 1495933627.388534 691.465797 -120.254284 -1637.396795
-1 1495933627.422435 686.818857 -108.000117 -1631.318433
-1 1495933627.454365 688.33235 -124.523893 -1634.721606
-1 1495933627.488511 -68.443761 -585.742154 -1977.690726
-1 1495933627.536581 -141.162557 -826.473435 -1935.447369
-1 1495933627.563735 -186.805078 -1016.850015 -1889.714836
-1 1495933627.597041 -208.02406 -1190.970413 -1837.322258
-1 1495933627.634799 -227.042438 -1338.398245 -1780.329664
-1 1495933627.669568 -239.201297 -1478.242426 -1717.733857
-1 1495933627.696744 -245.901258 -1599.893951 -1652.933387
-1 1495933627.729057 -249.135988 -1715.568708 -1586.716531
-1 1495933627.763161 -241.41559 -1781.230827 -1527.902314
-1 1495933627.796248 -233.206755 -1813.876542 -1470.930805
-1 1495933627.835054 -230.596346 -1855.052848 -1427.893251
-1 1495933627.866010 -223.135237 -1901.394985 -1397.599839
-1 1495933627.900139 -217.953364 -1920.49398 -1363.809482
-1 1495933627.932514 -217.602585 -1922.532455 -1337.866396
-1 1495933627.966190 -219.897611 -1914.957561 -1325.49457
-1 1495933628.010530 -221.068226 -1906.886358 -1317.313824
-1 1495933628.028012 -223.219103 -1900.036356 -1315.978264
-1 1495933628.062576 -217.65732 -1886.580592 -1310.38208
-1 1495933628.099286 -232.048225 -1869.529724 -1309.604344
-1 1495933628.136999 -231.625332 -1860.68301 -1326.514782
-1 1495933628.159160 -255.127543 -1881.334753 -1348.282878
-1 1495933628.193870 -273.054285 -1891.44244 -1367.820046
-1 1495933628.232862 -284.964301 -1880.940976 -1380.38626
-1 1495933628.263282 -285.293602 -1857.480256 -1397.378448
-1 1495933628.298756 -286.116097 -1810.478774 -1426.019472
-1 1495933628.327828 -289.265292 -1767.567046 -1448.752293
-1 1495933628.357950 -286.828613 -1699.413797 -1476.786481
-1 1495933628.391135 -283.26742 -1627.542413 -1507.748875
-1 1495933628.424381 -284.651762 -1546.910294 -1540.327037
-1 1495933628.457782 -291.843813 -1445.901854 -1568.871885
-1 1495933628.490690 -295.10735 -1344.008139 -1592.768259
-1 1495933628.525906 -288.778276 -1254.589777 -1612.888221
-1 1495933628.557382 -269.864747 -1174.296935 -1641.800574
-1 1495933628.590174 -250.861555 -1087.507132 -1666.731216
-1 1495933628.624934 -233.825637 -998.549917 -1689.152758
-1 1495933628.656834 -210.86972 -894.256426 -1705.898401
-1 1495933628.690672 -188.566549 -755.998429 -1720.238518
-1 1495933628.727456 -157.124398 -649.789661 -1737.425278
-1 1495933628.756118 -121.144124 -552.286165 -1747.427646
-1 1495933628.789970 -85.24654 -469.367425 -1754.940149
-1 1495933628.825772 -37.509366 -389.743822 -1753.622344
-1 1495933628.857000 5.485859 -314.154127 -1750.442967
-1 1495933628.888349 52.962311 -257.86161 -1746.3218
-1 1495933628.922064 109.329137 -211.268632 -1733.783884
-1 1495933628.954830 173.740255 -173.273087 -1721.569084
-1 1495933628.991101 237.32138 -159.174231 -1710.744962
-1 1495933629.023290 299.705044 -154.473081 -1705.522017
-1 1495933629.057551 362.19411 -150.536579 -1691.566421
-1 1495933629.088358 422.909084 -134.891377 -1662.358694
-1 1495933629.120724 473.40517 -130.708578 -1629.857659
-1 1495933629.155775 510.402067 -130.185766 -1591.400701
-1 1495933629.191167 544.700536 -139.097662 -1548.557536
-1 1495933629.220791 583.945925 -169.662874 -1499.71295
-1 1495933629.251356 617.610921 -201.730546 -1443.986742
-1 1495933629.302495 656.748276 -235.3166 -1388.808002
-1 1495933629.335842 688.605708 -299.285341 -1324.353582
-1 1495933629.371718 718.77741 -368.214251 -1261.525287
-1 1495933629.405899 739.995196 -451.592346 -1190.327592
-1 1495933629.437774 766.927657 -556.253947 -1107.706706
-1 1495933629.473465 789.542978 -701.246345 -1011.362157
-1 1495933629.508717 817.908599 -856.626925 -900.373239
-1 1495933629.539036 831.409738 -1030.055436 -772.247869
-1 1495933629.573058 832.957032 -1201.184546 -631.754927
-1 1495933629.607253 842.676988 -1360.958365 -479.037568
-1 1495933629.637393 833.48728 -1487.764906 -322.61334
-1 1495933629.671995 817.622734 -1609.794285 -151.89061
-1 1495933629.707701 804.774837 -1674.476723 7.209547
-1 1495933629.737165 762.378146 -1730.87878 166.728442
-1 1495933629.771800 727.945374 -1752.711155 297.446511
-1 1495933629.803297 692.859673 -1760.854904 410.69077
-1 1495933629.836577 685.267723 -1685.170116 476.421934
-1 1495933629.871293 667.127037 -1633.799279 515.99491
-1 1495933629.905930 652.031326 -1617.527904 537.174479
-1 1495933629.936025 646.561955 -1609.395832 544.728412
-1 1495933629.972689 641.029736 -1602.178225 544.199071
-1 1495933630.007249 631.230903 -1605.070098 539.757561
-1 1495933630.035384 636.199997 -1611.311407 543.208452
-1 1495933630.069273 629.582839 -1607.577846 546.070076
-1 1495933630.103814 627.220333 -1613.19726 550.32774
-1 1495933630.135619 628.094153 -1614.756244 549.535763
-1 1495933630.169127 608.453826 -1624.79321 551.8096
-1 1495933630.201936 605.056208 -1631.749394 550.031072
-1 1495933630.236041 606.341749 -1626.167762 555.911532
-1 1495933630.271809 615.828734 -1623.124031 560.230602
-1 1495933630.306444 621.039396 -1626.340916 566.504276
-1 1495933630.335299 618.739862 -1632.321167 572.501258
-1 1495933630.366478 617.762329 -1637.354776 571.684126
-1 1495933630.398780 618.19562 -1648.520627 574.504321
-1 1495933630.430973 615.260269 -1663.066234 581.53594
-1 1495933630.468903 622.775835 -1642.702484 570.240737
-1 1495933630.496672 631.003004 -1627.48642 562.112704
-1 1495933630.529788 641.824799 -1642.087787 565.668279
-1 1495933630.562269 638.374581 -1639.049298 564.743504
-1 1495933630.594791 645.217768 -1636.535313 568.105987
-1 1495933630.628447 643.296739 -1660.424539 575.134647
-1 1495933630.659636 656.770533 -1662.070697 574.941554
-1 1495933630.695672 650.083565 -1683.391737 578.241892
-1 1495933630.727891 648.374685 -1683.292621 581.585508
-1 1495933630.758468 651.198162 -1683.47639 575.737601
-1 1495933630.797867 638.225532 -1708.497454 581.803016
-1 1495933630.829245 628.847064 -1706.757056 588.822428
-1 1495933630.854297 626.450302 -1727.930683 598.341323
-1 1495933630.886505 612.310722 -1713.733308 586.796801
-1 1495933630.919744 612.489619 -1723.92744 591.751006
-1 1495933630.956252 629.067207 -1729.068657 595.089074
-1 1495933630.983292 657.27361 -1725.551771 595.155658
-1 1495933631.018941 669.678451 -1720.985147 593.447414
-1 1495933631.053695 676.647995 -1718.876648 586.693226
-1 1495933631.087076 676.461075 -1722.259853 587.892105
-1 1495933631.116877 692.76115 -1688.968857 578.670247
-1 1495933631.146227 698.501876 -1666.568988 570.18821
-1 1495933631.179192 699.665023 -1642.397043 569.395123
-1 1495933631.213562 709.727906 -1633.9997 579.627575
-1 1495933631.244529 707.054999 -1631.309377 595.443448
-1 1495933631.277339 700.770575 -1614.902397 602.325254
-1 1495933631.313200 696.21897 -1594.211213 599.580892
-1 1495933631.343263 694.637102 -1591.846532 597.69805
-1 1495933631.376048 698.218536 -1584.57363 591.418457
-1 1495933631.408915 708.29045 -1574.13015 586.01925
-1 1495933631.440908 717.65876 -1568.015256 577.162494
-1 1495933631.474801 724.07993 -1569.28074 568.601666
-1 1495933631.509495 732.951586 -1566.921002 558.450965
-1 1495933631.540112 749.931515 -1569.662874 545.47896
-1 1495933631.573123 774.807416 -1570.96551 525.682114
-1 1495933631.608711 814.715958 -1583.839682 497.690282
-1 1495933631.639600 855.896759 -1573.254527 450.707268
-1 1495933631.672067 905.602241 -1585.345293 401.963482
-1 1495933631.707624 945.747237 -1581.709323 335.292747
-1 1495933631.738803 989.106196 -1526.881077 263.516883
-1 1495933631.772485 1035.350707 -1455.827895 177.924139
-1 1495933631.807555 1053.325607 -1384.510604 76.901338
-1 1495933631.836082 1078.147426 -1311.880692 -19.437293
-1 1495933631.870159 1094.009908 -1238.569575 -124.706291
-1 1495933631.901348 1114.148504 -1172.484821 -231.882916
-1 1495933631.933573 1128.283691 -1101.379328 -332.97896
-1 1495933631.966826 1133.28862 -1027.614693 -433.074396
-1 1495933631.998522 1135.848722 -950.083658 -537.597656
-1 1495933632.030768 1140.268083 -875.064983 -634.667969
-1 1495933632.067540 1130.522063 -800.069295 -729.724491
-1 1495933632.097460 1122.591285 -739.479363 -824.557958
-1 1495933632.130531 1106.195808 -667.534704 -921.334931
-1 1495933632.161816 1087.529246 -601.978468 -1011.116167
-1 1495933632.195794 1071.052089 -554.344078 -1104.680102
-1 1495933632.233111 1040.551249 -505.828294 -1197.893732
-1 1495933632.260240 1004.266774 -464.177339 -1280.871212
-1 1495933632.296866 960.771295 -439.370155 -1356.573671
-1 1495933632.330216 915.978472 -406.27482 -1442.824115
-1 1495933632.359283 867.882029 -379.515507 -1521.523401
-1 1495933632.394686 819.134487 -366.866336 -1597.263406
-1 1495933632.427446 757.514988 -361.646486 -1667.203776
-1 1495933632.456550 698.777937 -369.689162 -1722.559888
-1 1495933632.490189 638.338806 -384.388965 -1761.891868
-1 1495933632.524852 582.480113 -397.785701 -1790.778513
-1 1495933632.557275 515.994748 -413.84765 -1823.253655
-1 1495933632.592855 459.171133 -434.484979 -1843.765166
-1 1495933632.622775 406.188641 -459.012985 -1868.41967
-1 1495933632.657663 343.403903 -496.573208 -1881.113873
-1 1495933632.684365 289.999898 -546.169264 -1893.072695
-1 1495933632.719727 244.333441 -603.81216 -1900.409121
-1 1495933632.751216 194.590806 -677.320812 -1902.764708
-1 1495933632.783643 150.204653 -764.088639 -1890.939793
-1 1495933632.815955 108.70329 -844.515162 -1875.578169
-1 1495933632.850245 69.935284 -929.54002 -1852.387399
-1 1495933632.880656 44.861533 -1019.105828 -1825.735381
-1 1495933632.913156 27.019154 -1110.598423 -1789.7202
-1 1495933632.946256 13.398881 -1197.55594 -1747.471295
-1 1495933632.979369 10.300746 -1285.854306 -1702.91748
-1 1495933633.011751 8.063946 -1364.873604 -1654.383804
-1 1495933633.044280 7.920005 -1440.977909 -1607.253011
-1 1495933633.080234 12.931593 -1514.364226 -1554.782197
-1 1495933633.109213 14.935765 -1585.937566 -1509.544604
-1 1495933633.141714 8.580988 -1643.134673 -1467.604204
-1 1495933633.175884 11.407471 -1692.562402 -1435.961914
-1 1495933633.208231 18.692109 -1729.742631 -1409.594172
-1 1495933633.247277 16.717992 -1752.803504 -1385.745702
-1 1495933633.274545 14.439993 -1768.163598 -1369.752271
-1 1495933633.306897 13.89322 -1774.814009 -1357.576312
-1 1495933633.339514 13.080158 -1786.190663 -1345.324707
-1 1495933633.373071 10.617158 -1797.196363 -1330.645937
-1 1495933633.406307 13.655506 -1801.666127 -1318.223618
-1 1495933633.437969 9.362053 -1797.130054 -1307.069721
-1 1495933633.468025 7.546026 -1797.458284 -1302.34412
-1 1495933633.501050 9.785878 -1792.985734 -1302.077785
-1 1495933633.536666 7.261473 -1784.342758 -1302.679998
-1 1495933633.573014 2.064237 -1772.103882 -1307.551344
-1 1495933633.607374 0.925885 -1753.261467 -1315.834369
-1 1495933633.639913 3.251232 -1736.323879 -1320.142156
-1 1495933633.665949 2.818252 -1715.899326 -1340.841952
-1 1495933633.697447 1.935046 -1688.097017 -1358.22199
-1 1495933633.729847 11.009078 -1655.919083 -1375.94697
-1 1495933633.785021 5.598403 -1579.972707 -1409.405333
-1 1495933633.818175 5.819887 -1500.682068 -1439.32902
-1 1495933634.119880 52.962425 -1025.081535 -1606.135143
-1 1495933634.149380 111.803089 -706.233564 -1674.17917
-1 1495933634.181325 175.604017 -501.477018 -1707.431493
-1 1495933634.212538 228.479374 -356.698841 -1719.255667
-1 1495933634.244762 284.148985 -230.826187 -1716.332638
-1 1495933634.282482 339.274875 -126.885953 -1702.649296
-1 1495933634.311013 396.513575 -49.234938 -1697.894472
-1 1495933634.348556 453.32341 36.970321 -1672.07882
-1 1495933634.375120 510.037162 102.771261 -1644.370709
-1 1495933634.407759 568.674885 160.473168 -1608.125444
-1 1495933634.440500 630.083003 194.522493 -1579.629794
-1 1495933634.471043 696.926452 209.347468 -1528.398733
-1 1495933634.503649 765.052963 197.743689 -1472.669937
-1 1495933634.535676 813.014562 171.153657 -1413.98038
-1 1495933634.568703 869.907287 119.124769 -1343.697843
-1 1495933634.607925 945.280988 36.365277 -1270.322118
-1 1495933634.639574 1020.822745 -74.623605 -1171.580922
-1 1495933634.665254 1078.285818 -197.619596 -1061.248964
-1 1495933634.697722 1137.735286 -342.374719 -934.198183
-1 1495933634.732661 1190.415585 -506.018 -791.285289
-1 1495933634.765081 1225.200584 -689.499266 -628.959147
-1 1495933634.802283 1235.746395 -890.769958 -457.464785
-1 1495933634.831698 1229.264693 -1063.099339 -284.644664
-1 1495933634.860907 1203.077929 -1211.506255 -115.113045
-1 1495933634.893302 1161.249704 -1336.618838 49.964119
-1 1495933634.925781 1111.565723 -1416.2936 199.419611
-1 1495933634.958700 1064.224266 -1482.006969 334.542199
-1 1495933634.993336 989.724431 -1543.228017 443.145937
-1 1495933635.024787 924.689553 -1515.610139 520.23112
-1 1495933635.055590 878.196936 -1489.696735 576.226622
-1 1495933635.093336 841.905432 -1466.015227 606.670588
-1 1495933635.120806 814.420665 -1462.060879 611.80235
-1 1495933635.152603 802.195485 -1470.147373 616.988858
-1 1495933635.186738 795.244656 -1475.052212 614.400598
-1 1495933635.220299 793.715887 -1472.420469 607.387843
-1 1495933635.251241 798.933734 -1482.559536 608.119155
-1 1495933635.283588 802.538196 -1485.003529 607.095244
-1 1495933635.319811 800.401965 -1481.425874 604.829176
-1 1495933635.348498 799.06526 -1477.381996 600.291859
-1 1495933635.381651 791.447333 -1479.37224 594.811642
-1 1495933635.414720 787.360405 -1490.274512 592.156797
-1 1495933635.447799 790.14644 -1495.354495 591.536088
-1 1495933635.483539 793.168478 -1494.851618 585.948227
-1 1495933635.519850 795.949924 -1490.668852 580.480217
-1 1495933635.546328 798.36739 -1485.58469 578.013657
-1 1495933635.576523 795.45391 -1486.532991 575.817501
-1 1495933635.609960 798.907956 -1498.628102 576.113059
-1 1495933635.643729 802.773585 -1494.602502 576.748935
-1 1495933635.676611 810.264957 -1497.903243 580.455063
-1 1495933635.709169 818.861193 -1511.626268 588.120709
-1 1495933635.739657 817.30957 -1507.222184 583.63481
-1 1495933635.772201 812.991252 -1504.796634 578.424997
-1 1495933635.807035 803.751443 -1491.67978 567.444218
-1 1495933635.838030 803.18259 -1484.399779 562.527003
-1 1495933635.870187 795.771003 -1496.426027 567.719801
-1 1495933635.902983 786.520848 -1514.660744 567.363577
-1 1495933635.936315 780.203386 -1523.141413 564.738326
-1 1495933635.967012 771.808254 -1510.928079 556.434215
-1 1495933635.998909 771.785158 -1526.19881 558.891897
-1 1495933636.031259 775.398462 -1535.264587 565.767045
-1 1495933636.064414 774.853423 -1547.340061 565.284313
-1 1495933636.099365 767.374027 -1539.216083 564.272609
-1 1495933636.129537 767.196424 -1537.762518 568.704131
-1 1495933636.161866 763.789136 -1530.119921 563.498757
-1 1495933636.194963 776.421738 -1531.006191 563.168427
-1 1495933636.226225 782.049584 -1523.791438 556.638775
-1 1495933636.259849 794.748549 -1524.623108 544.895981
-1 1495933636.291721 807.760158 -1537.19781 531.21042
-1 1495933636.323340 831.422078 -1543.873862 506.491551
-1 1495933636.356447 860.343147 -1551.287908 484.266246
-1 1495933636.387924 887.752498 -1539.432758 459.529252
-1 1495933636.423000 918.649223 -1541.573267 438.071881
-1 1495933636.456362 950.86574 -1526.633288 400.334769
-1 1495933636.485820 999.172581 -1539.091425 335.533558
-1 1495933636.518515 1056.045613 -1526.425237 265.390847
-1 1495933636.550192 1121.415063 -1485.978964 181.095378
-1 1495933636.587117 1166.61548 -1435.357567 86.930339
-1 1495933636.620826 1201.613594 -1386.306497 -23.704575
-1 1495933636.657450 1223.299824 -1299.423749 -154.948287
-1 1495933636.687595 1222.990822 -1213.768337 -290.143007
-1 1495933636.720552 1210.681175 -1109.326172 -436.168324
-1 1495933636.749708 1187.048941 -992.499376 -586.028868
-1 1495933636.780541 1159.351534 -868.001125 -727.536843
-1 1495933636.811909 1129.093875 -758.350007 -863.847952
-1 1495933636.845364 1088.326275 -634.483769 -988.03341
-1 1495933636.876784 1031.362106 -520.226155 -1107.983029
-1 1495933636.909052 977.180504 -421.779359 -1208.50978
-1 1495933636.942207 922.912089 -332.84876 -1306.37503
-1 1495933636.976940 869.357404 -282.583784 -1390.944232
-1 1495933637.008301 812.048386 -240.744367 -1474.417392
-1 1495933637.041268 754.6517 -216.120529 -1555.123994
-1 1495933637.075759 698.811375 -193.61564 -1621.651944
-1 1495933637.112493 641.309258 -194.150344 -1678.61772
-1 1495933637.140843 591.154411 -203.318753 -1729.558771
-1 1495933637.174752 526.288096 -223.949134 -1776.697517
-1 1495933637.210532 460.326963 -263.50907 -1820.780621
-1 1495933637.239480 402.554177 -303.754624 -1847.260076
-1 1495933637.272964 342.732649 -341.683263 -1864.229884
-1 1495933637.306839 290.580206 -369.897909 -1866.185784
-1 1495933637.339526 232.833169 -409.992624 -1865.230306
-1 1495933637.374156 188.160266 -463.509029 -1872.661244
-1 1495933637.405209 143.135221 -516.354702 -1871.698183
-1 1495933637.439236 113.315675 -575.351682 -1850.893703
-1 1495933637.473654 71.029582 -656.682354 -1844.972553
-1 1495933637.507816 43.580801 -776.044829 -1839.849484
-1 1495933637.541693 21.676659 -885.766403 -1818.218994
-1 1495933637.579939 -3.461919 -989.731465 -1790.807921
-1 1495933637.608375 -23.466168 -1074.887549 -1756.241492
-1 1495933637.644599 -36.911334 -1164.317056 -1715.692509
-1 1495933637.671806 -45.83368 -1254.280289 -1670.350971
-1 1495933637.705843 -51.566384 -1347.15742 -1618.33718
-1 1495933637.741390 -53.851226 -1436.81027 -1560.89792
-1 1495933637.772366 -60.595495 -1526.810422 -1502.755645
-1 1495933637.800356 -63.864968 -1600.072844 -1451.223292
-1 1495933637.835128 -55.651994 -1651.545583 -1406.628418
-1 1495933637.865507 -51.454613 -1695.203366 -1369.318922
-1 1495933637.897642 -54.99256 -1723.026176 -1343.317945
-1 1495933637.932125 -55.294823 -1745.384747 -1325.729093
-1 1495933637.963646 -44.752988 -1756.705309 -1317.537435
-1 1495933637.997054 -39.200835 -1759.269349 -1314.442952
-1 1495933638.027509 -41.507871 -1753.127687 -1311.519184
-1 1495933638.060033 -43.809336 -1735.412266 -1311.657345
-1 1495933638.094636 -48.398139 -1724.247941 -1313.048207
-1 1495933638.129627 -45.857875 -1702.789406 -1320.492646
-1 1495933638.160461 -49.276872 -1673.83529 -1327.724018
-1 1495933638.190027 -46.143503 -1647.53481 -1341.91839
-1 1495933638.220876 -50.863936 -1619.437143 -1354.818078
-1 1495933638.252832 -46.334053 -1581.374127 -1372.416918
-1 1495933638.290127 -48.675052 -1527.047862 -1393.150376
-1 1495933638.317641 -50.848065 -1475.643722 -1417.126465
-1 1495933638.350305 -60.164781 -1420.759848 -1444.639449
-1 1495933638.382765 -70.986407 -1346.434618 -1473.791874
-1 1495933638.419037 -76.769811 -1270.931609 -1509.356504
-1 1495933638.448475 -84.827862 -1189.942534 -1544.559363
-1 1495933638.480767 -96.179731 -1102.419513 -1580.075906
-1 1495933638.514848 -92.330378 -994.489255 -1606.527987
-1 1495933638.553730 -85.93824 -875.639708 -1634.62358
-1 1495933638.584069 -78.490899 -753.829757 -1663.490619
-1 1495933638.612673 -62.752984 -638.681893 -1685.221724
-1 1495933638.643580 -32.808211 -531.988343 -1701.756703
-1 1495933638.679235 6.413061 -435.862997 -1710.863518
-1 1495933638.708624 48.071012 -350.925694 -1711.376583
-1 1495933638.741940 89.726558 -273.132461 -1709.141957
-1 1495933638.781088 134.731663 -200.949586 -1699.887917
-1 1495933638.805338 184.562521 -142.048247 -1692.217648
-1 1495933638.848658 247.383488 -92.14252 -1684.595651
-1 1495933638.874641 302.89828 -38.021021 -1675.331069
-1 1495933638.904055 363.320484 2.558036 -1670.207815
-1 1495933638.936855 416.697161 50.73899 -1647.605202
-1 1495933638.969668 469.959444 81.985374 -1625.169049
-1 1495933639.002123 521.709419 109.879933 -1602.825743
-1 1495933639.068341 584.245786 142.6037 -1558.421927
-1 1495933639.168607 689.564445 136.840555 -1473.80593
-1 1495933639.201328 792.96297 112.330495 -1403.419448
-1 1495933639.233517 872.373084 79.009612 -1338.22114
-1 1495933639.264002 933.720051 27.767546 -1274.274237
-1 1495933639.297646 991.553012 -37.876262 -1202.182099
-1 1495933639.334402 1056.635793 -125.933009 -1115.191096
-1 1495933639.365850 1122.540746 -240.258789 -1021.879439
-1 1495933639.394180 1181.290783 -374.413863 -913.369658
-1 1495933639.427552 1225.322931 -525.01287 -785.502116
-1 1495933639.460902 1263.796662 -690.680695 -641.374808
-1 1495933639.492227 1281.021222 -859.934732 -490.070135
-1 1495933639.525051 1285.388114 -1009.256247 -339.037346
-1 1495933639.558481 1269.357415 -1145.840918 -175.103205
-1 1495933639.595170 1243.288676 -1244.142947 1.326867
-1 1495933639.622343 1203.671692 -1356.571397 154.672334
-1 1495933639.655977 1164.014782 -1461.461673 300.914418
-1 1495933639.687552 1089.719229 -1524.582904 435.399281
-1 1495933639.720677 995.151947 -1450.270445 535.941199
-1 1495933639.752661 927.922983 -1408.225217 602.108487
-1 1495933639.785554 867.015006 -1375.443301 644.526811
-1 1495933639.822309 832.204021 -1433.17148 710.341945
-1 1495933639.854051 811.740205 -1368.591873 711.912213
-1 1495933639.882504 826.993584 -1335.395083 708.848618
-1 1495933639.915265 849.055042 -1329.618636 697.554895
-1 1495933639.950707 863.624388 -1294.006314 664.846709
-1 1495933639.981543 903.898008 -1482.181781 728.458659
-1 1495933640.014838 917.238374 -1535.890529 732.867247
-1 1495933640.053416 904.531883 -1449.953958 652.418102
-1 1495933640.081130 918.365611 -1439.291846 580.688107
-1 1495933640.119424 937.092544 -1467.48644 620.006214
-1 1495933640.145910 986.723952 -1563.844565 624.487305
-1 1495933640.177049 1063.243869 -1765.137581 606.433105
-1 1495933640.212423 1196.052678 -2043.874923 564.655466
-1 1495933640.242446 1134.171995 -1823.269056 473.081277
-1 1495933640.277939 1112.037115 -1785.653487 489.690977
-1 1495933640.316610 1142.105842 -1867.307049 497.298177
-1 1495933640.346335 1173.575881 -1743.310149 427.731046
-1 1495933640.376937 1201.31666 -1733.624997 468.764426
-1 1495933640.406323 1220.775847 -1809.121041 497.86155
-1 1495933640.439853 1180.453676 -1779.066467 428.306626
-1 1495933640.473228 1174.785001 -1834.785992 466.744348
-1 1495933640.510059 1211.200321 -1969.92287 503.421668
-1 1495933640.539153 1174.798399 -1850.299205 448.701616
-1 1495933640.569435 1139.879308 -1849.964573 494.77835
-1 1495933640.601590 1174.615617 -1972.323343 524.826142
-1 1495933640.634364 1145.32221 -1868.625674 457.883893
-1 1495933640.667506 1132.065143 -1877.445121 498.76635
-1 1495933640.701844 1170.569518 -1988.874817 528.00293
-1 1495933640.735426 1135.217193 -1888.933464 463.102583
-1 1495933640.766306 1128.719908 -1896.743575 503.917347
-1 1495933640.800772 1158.992698 -1995.012101 527.847567
-1 1495933640.829221 1130.695181 -1898.922995 464.301092
-1 1495933640.866767 1118.841668 -1909.608659 505.834591
-1 1495933640.895749 1154.246752 -2024.314151 531.241862
-1 1495933640.927776 1129.575833 -1916.487918 467.294034
-1 1495933640.958773 1124.076196 -1929.56815 507.018673
-1 1495933640.995025 1168.701287 -2049.380493 535.830226
-1 1495933641.025328 1135.456062 -1926.830988 475.57706
-1 1495933641.058167 1111.292637 -1913.358605 510.905318
-1 1495933641.096032 1157.13205 -2018.608292 533.596339
-1 1495933641.121981 1127.314689 -1908.923804 469.334458
-1 1495933641.153495 1127.075658 -1922.121396 510.946748
-1 1495933641.186564 1167.679527 -2030.340178 532.364539
-1 1495933641.219655 1131.177243 -1923.200591 467.424612
-1 1495933641.250712 1110.88451 -1927.572765 499.353397
-1 1495933641.284003 1140.851662 -2044.223288 505.479107
-1 1495933641.317567 1114.946215 -1941.225267 432.753684
-1 1495933641.352657 1121.258684 -1965.325397 458.899666
-1 1495933641.382634 1135.024631 -2071.914872 446.83394
-1 1495933641.415288 1107.462565 -1970.931675 380.022269
-1 1495933641.447314 1124.313077 -1996.536587 398.542185
-1 1495933641.484031 1152.460156 -2129.755899 373.907656
-1 1495933641.514280 1104.694875 -2011.640134 326.15153
-1 1495933641.545023 1113.382235 -2040.219514 336.008523
-1 1495933641.578018 1082.902966 -1971.379089 301.608369
-1 1495933641.614829 1104.019026 -2019.576363 321.439986
-1 1495933641.642131 1152.102199 -2176.230787 317.623254
-1 1495933641.676295 1106.254948 -2034.843578 295.494866
-1 1495933641.712078 1112.195472 -2047.663083 314.748683
-1 1495933641.740194 1091.877099 -1965.772612 289.248565
-1 1495933641.773712 1120.972327 -2010.341014 311.902225
-1 1495933641.805611 1107.564568 -1951.522893 290.520685
