-1 1495933414.180140 644.291918 -809.62949 -934.764515
-1 1495933414.207243 652.562922 -805.78474 -929.717833
-1 1495933414.242088 648.199463 -790.254477 -931.142356
-1 1495933414.281997 649.577008 -793.059042 -930.686997
-1 1495933414.308162 655.15035 -809.573563 -925.874467
-1 1495933414.342936 659.764608 -791.99033 -914.285556
-1 1495933414.371452 659.566798 -811.740842 -933.888568
-1 1495933414.403811 656.884211 -813.876343 -909.551447
-1 1495933414.436162 653.628633 -804.67045 -896.988192
-1 1495933414.470792 646.213323 -820.35005 -898.261793
-1 1495933414.501991 654.304458 -786.154573 -903.857792
-1 1495933414.534260 660.460778 -809.525598 -886.907404
-1 1495933414.569697 676.275727 -792.607316 -848.782996
-1 1495933414.608416 684.914514 -748.703865 -796.812855
-1 1495933414.635374 680.723988 -758.910668 -733.686228
-1 1495933414.672827 682.146662 -768.94591 -713.317501
-1 1495933414.706275 689.615608 -740.932498 -716.403661
-1 1495933414.743704 700.791885 -753.146827 -756.389086
-1 1495933414.768139 717.140984 -747.198752 -743.483295
-1 1495933414.802285 699.891986 -735.12613 -722.129868
-1 1495933414.841675 710.425914 -666.591213 -723.747855
-1 1495933414.868569 722.769442 -617.270163 -691.492439
-1 1495933414.899737 776.801184 -574.215897 -619.837166
-1 1495933414.930475 781.084003 -613.307986 -611.411725
-1 1495933414.963966 774.283207 -623.810478 -610.882013
-1 1495933414.998074 805.257809 -643.757696 -601.720821
-1 1495933415.030889 829.291696 -722.241078 -544.142844
-1 1495933415.073081 817.635091 -807.185098 -534.57956
-1 1495933415.101996 851.046475 -871.527166 -506.734582
-1 1495933415.130756 883.851115 -911.741107 -473.129735
-1 1495933415.166854 905.148685 -948.219432 -423.044656
-1 1495933415.199541 904.841752 -993.801017 -414.619215
-1 1495933415.229164 910.482788 -1029.444454 -326.263983
-1 1495933415.263068 923.123076 -1034.659245 -273.022091
-1 1495933415.300398 949.598463 -1097.846952 -223.739347
-1 1495933415.327070 971.250037 -1149.945052 -94.921505
-1 1495933415.364245 990.238536 -1164.299293 -44.774281
-1 1495933415.397090 997.128758 -1122.292527 16.307854
-1 1495933415.426802 1006.240012 -1169.479594 21.907552
-1 1495933415.458888 1022.578291 -1209.768362 41.496138
-1 1495933415.493057 1055.609871 -1273.618597 77.947073
-1 1495933415.525010 1042.81644 -1254.548657 80.859745
-1 1495933415.562853 1067.071441 -1271.67443 90.323893
-1 1495933415.594927 1063.994067 -1322.065416 107.922733
-1 1495933415.623078 1100.092385 -1361.876347 152.792081
-1 1495933415.662350 1119.828658 -1392.016676 180.408085
-1 1495933415.697639 1170.503281 -1515.332628 190.91464
-1 1495933415.732301 1190.34618 -1522.12891 187.925397
-1 1495933415.756814 1204.59456 -1556.268128 123.863266
-1 1495933415.787156 1241.067875 -1548.408492 121.009411
-1 1495933415.823835 1303.059618 -1561.692213 70.602879
-1 1495933415.864377 1348.540427 -1612.599182 37.896544
-1 1495933415.897175 1401.275357 -1676.446633 21.018288
-1 1495933415.918495 1462.328131 -1710.299384 -6.136438
-1 1495933415.952007 1504.519422 -1715.05316 -56.628418
-1 1495933415.987658 1534.882424 -1777.238531 -93.95419
-1 1495933416.017012 1561.284707 -1771.107019 -134.116433
-1 1495933416.052767 1577.374822 -1759.209907 -140.164832
-1 1495933416.086051 1615.381738 -1792.275769 -157.266883
-1 1495933416.114155 1692.134418 -1820.21564 -248.919493
-1 1495933416.148224 1709.308162 -1829.451453 -253.280362
-1 1495933416.182388 1726.280767 -1834.791897 -272.139486
-1 1495933416.212395 1722.714025 -1811.134537 -258.958111
-1 1495933416.245832 1764.790044 -1810.456251 -289.170514
-1 1495933416.281385 1738.498387 -1660.419099 -231.16751
-1 1495933416.311752 1538.705017 -1153.479468 297.288929
-1 1495933416.344236 1550.495818 -1160.776619 274.908632
-1 1495933416.376562 1548.858492 -1113.869377 322.69731
-1 1495933416.408726 1538.740227 -1130.263353 251.942398
-1 1495933416.441407 1545.662342 -1137.799404 212.50037
-1 1495933416.475023 1566.293763 -1178.24926 135.025672
-1 1495933416.507648 1587.363677 -1209.196339 69.835316
-1 1495933416.545728 1598.879103 -1244.758606 24.829471
-1 1495933416.573083 2039.326396 -814.073115 305.659624
-1 1495933416.608881 2052.389376 -705.169993 168.398216
-1 1495933416.647198 1626.624541 -1300.503872 -32.077489
-1 1495933416.683151 1614.263049 -1323.540994 -45.984996
-1 1495933416.711784 1576.534838 -1323.894667 -74.077814
-1 1495933416.740086 1574.059249 -1348.205367 -138.920455
-1 1495933416.779081 1747.770044 -1810.918062 -354.100083
-1 1495933416.804627 1551.070104 -1354.208971 -148.548103
-1 1495933416.834161 1777.695927 -1957.547063 -371.601267
-1 1495933416.867205 1971.722112 -843.602537 95.409416
-1 1495933416.900008 1656.702331 -1833.17148 -291.948538
-1 1495933416.936850 1454.337611 -1356.712673 -177.419582
-1 1495933416.968923 1597.473584 -1832.261127 -335.194721
-1 1495933416.999709 1599.297795 -1886.142963 -385.795085
-1 1495933417.033628 1533.775653 -1830.595265 -356.474165
-1 1495933417.063010 1565.101624 -1825.130098 -352.71477
-1 1495933417.098600 1549.778724 -1820.134437 -365.327962
-1 1495933417.138241 1353.908377 -1624.655947 -260.683372
-1 1495933417.165327 1309.890863 -1629.37569 -215.740042
-1 1495933417.197216 1250.965881 -1656.029212 -204.819188
-1 1495933417.236492 1143.764265 -1527.765158 -47.996567
-1 1495933417.262913 1101.751293 -1525.795381 8.525687
-1 1495933417.299638 1039.046652 -1498.593737 65.600956
-1 1495933417.324760 973.126325 -1468.501414 159.629128
-1 1495933417.358308 949.67445 -1436.885403 211.164995
-1 1495933417.392649 935.803361 -1406.071207 250.914048
-1 1495933417.422887 928.926846 -1325.911281 299.818744
-1 1495933417.458514 958.279528 -1246.512372 342.92843
-1 1495933417.490640 995.668718 -1184.914232 341.089607
-1 1495933417.521178 1046.332747 -1171.422212 319.292658
-1 1495933417.557398 1078.903129 -1110.762157 299.675589
-1 1495933417.594354 1139.182004 -1059.753617 223.417525
-1 1495933417.620584 1210.851195 -1052.486718 202.433638
-1 1495933417.654055 1248.309511 -1017.756255 132.617188
-1 1495933417.685680 1306.337969 -1013.316611 99.484345
-1 1495933417.722355 1338.449952 -967.578656 71.739243
-1 1495933417.759588 1375.222894 -940.245454 31.664299
-1 1495933417.788955 1376.009993 -926.73174 9.665009
-1 1495933417.816684 1412.830098 -940.803395 -4.320919
-1 1495933417.855610 1412.810447 -893.776935 -21.808416
-1 1495933417.882139 1431.416829 -879.408596 -40.407863
-1 1495933417.915871 1430.576579 -820.036382 -86.045144
-1 1495933417.948261 1457.832429 -858.911863 -124.435887
-1 1495933417.988938 1463.150487 -865.584531 -153.344727
-1 1495933418.015670 1432.159794 -798.783808 -178.026234
-1 1495933418.052292 1434.681748 -769.925126 -239.244866
-1 1495933418.086252 1421.976448 -726.00091 -275.191613
-1 1495933418.111924 1423.097969 -693.972778 -275.859301
-1 1495933418.147364 1421.513413 -653.024159 -250.281502
-1 1495933418.177445 1423.382892 -629.420936 -308.446526
-1 1495933418.219900 1422.548236 -615.84121 -340.837328
-1 1495933418.244773 1428.968626 -600.915196 -371.600897
-1 1495933418.280741 1420.434524 -586.040729 -390.729685
-1 1495933418.309092 1400.01156 -549.93797 -425.125769
-1 1495933418.341945 1399.46155 -562.476249 -453.16532
-1 1495933418.374419 1392.478064 -562.379456 -465.518466
-1 1495933418.406739 1398.608398 -586.914792 -483.523467
-1 1495933418.438914 1404.608802 -606.79454 -510.6068
-1 1495933418.471444 1398.819802 -601.042706 -499.610855
-1 1495933418.504650 1402.851914 -626.589435 -509.520375
-1 1495933418.536832 1408.973139 -665.938867 -531.25185
-1 1495933418.572452 1401.683553 -679.793582 -512.382739
-1 1495933418.605837 1389.940343 -700.288258 -531.409431
-1 1495933418.634956 1378.863202 -723.911584 -530.397727
-1 1495933418.676232 1358.045682 -745.396291 -541.207238
-1 1495933418.703016 1342.950994 -763.728731 -555.774296
-1 1495933418.742476 1320.513315 -756.714862 -541.456558
-1 1495933418.767552 1322.42857 -748.29075 -503.500459
-1 1495933418.798912 1316.267672 -790.479245 -496.921239
-1 1495933418.830189 1296.933076 -818.855617 -520.427912
-1 1495933418.863000 1289.461263 -836.45411 -538.055605
-1 1495933418.897564 1265.391471 -859.489507 -536.125414
-1 1495933418.928552 1237.873101 -878.666223 -532.825447
-1 1495933418.961293 1224.368171 -910.327414 -527.949663
-1 1495933418.993489 1207.560846 -910.223256 -550.476074
-1 1495933419.025114 1196.797157 -911.167045 -547.489051
-1 1495933419.059870 1185.685083 -941.59526 -528.375059
-1 1495933419.092901 1177.267965 -945.243371 -518.095259
-1 1495933419.131117 1167.049385 -957.80089 -507.464415
-1 1495933419.157014 1150.002335 -950.527821 -491.378507
-1 1495933419.193110 1128.623569 -963.40007 -498.912834
-1 1495933419.225023 1128.591017 -972.587917 -489.455714
-1 1495933419.254556 1122.205145 -980.758269 -485.058964
-1 1495933419.290022 1112.408956 -1006.139606 -472.677335
-1 1495933419.322636 1101.185469 -1035.95455 -455.854196
-1 1495933419.364496 1094.194817 -1052.514715 -458.257502
-1 1495933419.391839 1072.588233 -1066.02478 -429.673074
-1 1495933419.418448 1071.080433 -1040.529599 -428.335109
-1 1495933419.456775 1067.351416 -1033.800274 -405.103279
-1 1495933419.484025 1065.607452 -1025.402169 -383.678089
-1 1495933419.516816 1058.969486 -1072.604635 -347.660319
-1 1495933419.551933 1060.040514 -1100.048231 -319.931123
-1 1495933419.587667 1045.601469 -1144.621675 -273.434541
-1 1495933419.618203 1036.296706 -1170.834351 -219.714355
-1 1495933419.654921 1019.402914 -1203.814896 -160.836884
-1 1495933419.679825 1016.778934 -1210.949508 -83.168723
-1 1495933419.712508 1014.365757 -1203.128649 -38.582727
-1 1495933419.745406 997.822548 -1178.60406 -17.733487
-1 1495933419.778911 1012.072754 -1184.8799 -9.642445
-1 1495933419.816170 1010.666032 -1163.698644 4.139293
-1 1495933419.843458 1011.942684 -1145.861186 11.205685
-1 1495933419.876194 1006.816563 -1161.889483 17.866285
-1 1495933419.907976 997.120944 -1175.349061 16.627086
-1 1495933419.940475 1003.357673 -1155.359484 -2.921919
-1 1495933419.973264 1023.661388 -1130.414648 24.3423
-1 1495933420.006019 1030.779706 -1129.232158 38.6937
-1 1495933420.039770 1044.452875 -1132.674872 65.04757
-1 1495933420.075947 1034.966995 -1129.304007 67.10723
-1 1495933420.104318 1036.13961 -1126.864956 59.735292
-1 1495933420.139202 1043.685173 -1141.370624 70.896588
-1 1495933420.171578 1044.190517 -1145.387301 73.635402
-1 1495933420.202504 1045.408492 -1139.01679 87.433786
-1 1495933420.234237 1049.019923 -1120.587258 84.634307
-1 1495933420.269096 1048.134174 -1103.577423 59.339119
-1 1495933420.307390 1056.077853 -1097.292427 40.855824
-1 1495933420.337229 1040.596286 -1078.083934 30.79723
-1 1495933420.373369 1041.126922 -1101.259016 28.171979
-1 1495933420.400914 1049.799231 -1110.037961 27.051151
-1 1495933420.435751 1052.207068 -1118.950122 21.981164
-1 1495933420.464557 1051.424847 -1149.781998 9.279193
-1 1495933420.496894 1052.472941 -1183.107658 17.371715
-1 1495933420.538771 1056.745217 -1198.241259 15.293931
-1 1495933420.566031 1057.705272 -1186.335025 6.74309
-1 1495933420.595640 1059.608275 -1220.443593 15.41822
-1 1495933420.632707 1069.844656 -1216.333937 1.021322
-1 1495933420.670772 1065.597349 -1206.871298 -10.029001
-1 1495933420.696605 1079.73938 -1223.23761 -15.695283
-1 1495933420.727333 1075.409305 -1208.851159 -11.39064
-1 1495933420.763044 1080.653474 -1230.724434 -11.260431
-1 1495933420.792607 1082.477593 -1213.871865 -21.013849
-1 1495933420.825150 1095.901443 -1219.803288 -11.641069
-1 1495933420.860111 1097.465515 -1207.353409 -21.564276
-1 1495933420.893122 1097.374379 -1190.127232 -26.324278
-1 1495933420.924374 1093.430444 -1172.323741 -41.971842
-1 1495933420.957352 1099.637951 -1169.695879 -54.781087
-1 1495933420.992976 1111.878089 -1177.118285 -79.875784
-1 1495933421.021265 1119.383009 -1181.23849 -118.341619
-1 1495933421.055479 1135.595842 -1177.633932 -152.974817
-1 1495933421.093708 1142.487312 -1144.437807 -190.426358
-1 1495933421.119990 1156.737934 -1142.001708 -247.932943
-1 1495933421.153860 1175.16394 -1141.497471 -294.404741
-1 1495933421.185553 1186.120143 -1110.15479 -358.463912
-1 1495933421.218054 1197.880901 -1085.911593 -394.928903
-1 1495933421.249712 1209.548418 -1059.651284 -444.281191
-1 1495933421.283195 1228.639452 -1064.975042 -503.648053
-1 1495933421.315951 1219.318644 -1016.093909 -517.816717
-1 1495933421.352326 1226.29161 -971.660481 -561.203465
-1 1495933421.386352 1221.668267 -909.059309 -579.044226
-1 1495933421.416568 1217.699918 -875.928298 -610.817279
-1 1495933421.447711 1234.829434 -851.28489 -665.713039
-1 1495933421.486550 1376.474438 -929.30812 -852.700343
-1 1495933421.517497 1239.360994 -779.562975 -724.811346
-1 1495933421.549660 1261.285262 -786.866296 -758.884869
-1 1495933421.575504 1266.400886 -776.129482 -793.715968
-1 1495933421.608448 1310.161313 -804.604738 -872.405821
-1 1495933421.643270 1292.295791 -759.844042 -880.361106
-1 1495933421.673474 1295.587806 -729.398545 -912.491122
-1 1495933421.706658 1293.134978 -716.256714 -919.024473
-1 1495933421.745076 1308.76733 -712.085558 -950.844505
-1 1495933421.771512 1310.818782 -687.200297 -964.904045
-1 1495933421.806649 1333.923155 -694.832578 -979.547304
-1 1495933421.844212 1326.175574 -673.940509 -1007.551713
-1 1495933421.870106 1376.167991 -696.271946 -1093.868741
-1 1495933421.906388 1388.948337 -662.218309 -1133.727657
-1 1495933421.942263 1396.951849 -639.228987 -1178.199907
-1 1495933421.970114 1388.188888 -608.997743 -1200.970274
-1 1495933422.001619 1413.389957 -593.237039 -1243.228427
-1 1495933422.042271 1420.420537 -559.745556 -1274.85481
-1 1495933422.065308 1421.513737 -540.791288 -1310.559267
-1 1495933422.100264 1422.973933 -514.336428 -1314.558549
-1 1495933422.129244 1424.821888 -487.067944 -1342.016047
-1 1495933422.163754 1443.566848 -480.647278 -1386.28688
-1 1495933422.199448 1437.866026 -457.638483 -1383.644243
-1 1495933422.227401 1424.41545 -427.399528 -1412.986062
-1 1495933422.263225 1430.845665 -412.212836 -1422.290039
-1 1495933422.299550 1427.987047 -391.26091 -1458.167614
-1 1495933422.325567 1441.430132 -383.842037 -1473.56105
-1 1495933422.362831 1459.692221 -408.43194 -1481.274414
-1 1495933422.403348 1472.157126 -434.184 -1493.597412
-1 1495933422.431070 1471.037986 -422.965473 -1482.879824
-1 1495933422.467085 1483.271975 -410.348942 -1503.714267
-1 1495933422.499114 1488.76426 -437.90469 -1522.341087
-1 1495933422.525966 1471.728215 -453.586976 -1526.632968
-1 1495933422.560709 1471.788233 -505.220529 -1506.994259
-1 1495933422.593407 1464.703022 -554.45477 -1500.340687
-1 1495933422.629306 1450.783932 -541.086645 -1537.044271
-1 1495933422.671817 1448.050967 -551.527571 -1561.084169
-1 1495933422.699012 1436.158868 -568.166683 -1573.054273
-1 1495933422.730291 1413.430786 -592.035277 -1571.19603
-1 1495933422.763764 1405.191919 -607.766193 -1574.350808
-1 1495933422.799385 1385.927004 -612.175286 -1586.091937
-1 1495933422.825237 1362.490012 -585.746566 -1589.853923
-1 1495933422.858745 1346.114303 -623.239268 -1609.462669
-1 1495933422.894225 1330.179688 -647.646299 -1601.336115
-1 1495933422.924049 1300.684727 -661.669756 -1584.8901
-1 1495933422.960497 1280.038799 -689.163573 -1605.404201
-1 1495933422.989952 1252.389503 -703.349437 -1610.903098
-1 1495933423.022289 1227.050758 -725.236279 -1621.766246
-1 1495933423.056387 1194.335267 -722.025034 -1639.057506
-1 1495933423.094962 1179.522913 -730.356432 -1671.718528
-1 1495933423.123045 1151.627373 -767.96195 -1660.328628
-1 1495933423.152515 1134.435573 -798.345217 -1686.175537
-1 1495933423.186333 1105.459988 -834.335825 -1669.115101
-1 1495933423.218873 1079.948425 -814.459826 -1685.827452
-1 1495933423.252047 1044.206978 -825.186655 -1682.553008
-1 1495933423.291728 1025.570355 -855.998429 -1698.558091
-1 1495933423.317257 997.728313 -888.765949 -1713.488215
-1 1495933423.355903 960.016077 -903.11057 -1699.571459
-1 1495933423.383826 935.286343 -903.517781 -1672.300766
-1 1495933423.415468 898.03587 -875.389995 -1678.277218
-1 1495933423.447357 874.802653 -895.961164 -1657.216205
-1 1495933423.482393 850.230038 -941.252899 -1666.910252
-1 1495933423.516504 818.128597 -937.131069 -1673.225727
-1 1495933423.545696 787.537592 -973.885412 -1697.737075
-1 1495933423.585504 771.781205 -989.569291 -1696.599972
-1 1495933423.614309 736.288244 -1006.861115 -1680.391069
-1 1495933423.645325 708.611899 -1025.535583 -1700.275398
-1 1495933423.689398 648.465821 -1034.101138 -1676.153749
-1 1495933423.719834 610.517467 -1021.930097 -1708.252878
-1 1495933423.750527 591.735343 -1017.775295 -1677.942079
-1 1495933423.778792 574.340797 -1041.511071 -1655.217581
-1 1495933423.807110 555.898181 -1061.366736 -1652.320816
-1 1495933423.839650 530.938975 -1062.567703 -1635.873875
-1 1495933423.875701 516.373224 -1032.167849 -1574.23965
-1 1495933423.912087 496.417207 -1046.829854 -1546.21619
-1 1495933423.938392 456.115809 -1086.752552 -1554.862098
-1 1495933423.971207 429.508779 -1277.031807 -1769.464851
-1 1495933424.003549 398.723498 -1131.547646 -1563.769346
-1 1495933424.038356 380.894551 -1113.159545 -1554.503285
-1 1495933424.078516 351.298951 -1206.641388 -1659.338009
-1 1495933424.101989 304.809224 -1208.827209 -1651.938699
-1 1495933424.135584 258.39942 -1220.577903 -1670.948745
-1 1495933424.167659 225.251308 -1189.519434 -1623.814068
-1 1495933424.199137 179.054861 -1157.381572 -1612.168931
-1 1495933424.234226 144.432345 -1106.852755 -1534.284002
-1 1495933424.271060 99.163125 -1151.019718 -1540.581721
-1 1495933424.299812 72.386932 -1181.871928 -1513.203939
-1 1495933424.332445 36.350921 -1192.329208 -1480.597479
-1 1495933424.370263 10.437474 -1199.458247 -1465.391587
-1 1495933424.397461 -10.11838 -1203.003394 -1438.768422
-1 1495933424.427764 -53.775579 -1227.417622 -1422.200521
-1 1495933424.460741 -80.923092 -1231.31621 -1387.052779
-1 1495933424.494216 -83.813245 -1211.729033 -1324.781013
-1 1495933424.525720 -101.032419 -1215.133236 -1287.141557
-1 1495933424.563860 -114.356024 -1214.985259 -1251.107881
-1 1495933424.597403 -127.465543 -1219.021142 -1229.535837
-1 1495933424.634553 -153.479697 -1224.654621 -1225.894997
-1 1495933424.660710 -173.44906 -1230.469148 -1216.049102
-1 1495933424.689137 -197.636182 -1229.083517 -1219.558993
-1 1495933424.722024 -206.938726 -1221.745267 -1213.092596
-1 1495933424.756267 -211.464761 -1197.548244 -1204.484604
-1 1495933424.789762 -194.909899 -1183.651004 -1182.062322
-1 1495933424.829001 -192.091878 -1168.872833 -1180.061849
-1 1495933424.853559 -208.331206 -1173.841924 -1178.626783
-1 1495933424.885904 -219.950682 -1190.879888 -1179.937374
-1 1495933424.918493 -218.56597 -1169.557654 -1182.125762
-1 1495933424.951630 -218.514275 -1169.849727 -1184.987386
-1 1495933424.989232 -215.496549 -1171.783281 -1190.488318
-1 1495933425.022335 -225.213577 -1188.871997 -1199.71184
-1 1495933425.053196 -220.947959 -1188.258893 -1192.248535
-1 1495933425.082296 -200.462388 -1176.277194 -1174.075595
-1 1495933425.118038 -178.495049 -1166.486491 -1158.295603
-1 1495933425.147315 -161.157227 -1155.662636 -1147.324441
-1 1495933425.180969 -149.674387 -1154.781043 -1132.252826
-1 1495933425.212848 -130.751685 -1153.878651 -1112.469297
-1 1495933425.245677 -117.718275 -1137.877456 -1083.042214
-1 1495933425.279614 -104.343206 -1149.107858 -1048.214629
-1 1495933425.313311 -97.981956 -1152.399478 -1021.429258
-1 1495933425.345353 -78.888078 -1158.966861 -975.82231
-1 1495933425.376368 -54.112891 -1175.887564 -925.443892
-1 1495933425.410451 -28.659474 -1230.040277 -893.42115
-1 1495933425.441594 -8.700192 -1245.884406 -828.70243
-1 1495933425.474464 5.010062 -1291.577115 -771.368963
-1 1495933425.507328 52.50443 -1305.637028 -699.250192
-1 1495933425.539713 76.650955 -1354.822905 -677.906753
-1 1495933425.572620 113.636641 -1379.20373 -619.608191
-1 1495933425.605481 156.688367 -1412.053979 -554.678252
-1 1495933425.639749 210.613644 -1429.756264 -496.729995
-1 1495933425.670943 254.010738 -1454.950714 -451.271381
-1 1495933425.706081 312.845588 -1474.284396 -381.410911
-1 1495933425.743074 354.028945 -1463.967232 -327.156206
-1 1495933425.778545 414.844236 -1461.809075 -250.282241
-1 1495933425.801388 460.230856 -1467.325857 -191.026722
-1 1495933425.835772 513.632873 -1477.14051 -123.091634
-1 1495933425.876497 535.405801 -1491.545437 -97.002249
-1 1495933425.902485 567.579373 -1507.75853 -44.493149
-1 1495933425.935292 607.662097 -1526.91584 10.635653
-1 1495933425.966869 634.390374 -1517.265784 58.585242
-1 1495933425.997170 653.713203 -1482.696268 91.315252
-1 1495933426.033767 668.896438 -1394.46504 120.921372
-1 1495933426.068678 686.051455 -1357.397959 155.162095
-1 1495933426.101394 687.837913 -1320.257602 164.80306
-1 1495933426.127979 706.084974 -1345.945707 183.942575
-1 1495933426.163140 716.468788 -1245.997487 196.306448
-1 1495933426.194094 720.140584 -1290.74246 205.859005
-1 1495933426.225668 727.852376 -1242.788928 212.110855
-1 1495933426.262712 730.424823 -1265.590336 204.547304
-1 1495933426.292824 730.765441 -1241.930423 232.228412
-1 1495933426.324376 741.884867 -1258.359163 229.76999
-1 1495933426.358057 747.711921 -1254.992377 223.540335
-1 1495933426.389927 736.266581 -1288.636183 203.456809
-1 1495933426.422695 724.956235 -1255.788853 191.311923
-1 1495933426.455409 734.548765 -1302.721836 189.523408
-1 1495933426.487158 732.264247 -1286.276544 175.829708
-1 1495933426.519575 732.21246 -1279.699442 153.419818
-1 1495933426.552237 746.690184 -1295.903181 148.237749
-1 1495933426.585442 747.46822 -1323.659748 140.834369
-1 1495933426.618440 760.533188 -1340.53766 132.562811
-1 1495933426.651701 772.478832 -1323.922763 129.661236
-1 1495933426.692426 777.212848 -1329.448534 113.030081
-1 1495933426.718892 786.840404 -1337.446661 93.148526
-1 1495933426.752490 795.463423 -1328.689011 80.563817
-1 1495933426.782774 815.307941 -1315.758713 61.379912
-1 1495933426.818913 778.442105 -1097.409124 42.449766
-1 1495933426.850834 850.916221 -1311.86006 22.506806
-1 1495933426.880499 869.282578 -1317.799245 -1.504424
-1 1495933426.913553 881.702354 -1307.575989 -32.055294
-1 1495933426.945175 912.014354 -1317.823792 -59.768584
-1 1495933426.981373 926.779267 -1298.072118 -86.680649
-1 1495933427.016701 950.507054 -1275.382365 -120.348011
-1 1495933427.048185 971.846055 -1293.248915 -156.918797
-1 1495933427.086589 998.940855 -1294.564388 -207.952326
-1 1495933427.113246 1021.453071 -1269.860077 -255.543842
-1 1495933427.144467 1041.190038 -1262.904822 -301.292096
-1 1495933427.174522 1052.292286 -1248.594931 -335.687441
-1 1495933427.208592 1064.012701 -1248.401443 -396.764767
-1 1495933427.244228 1064.293463 -1238.25813 -441.705877
-1 1495933427.278523 1062.569451 -1223.754253 -483.284505
-1 1495933427.306422 1037.879574 -1154.636814 -520.155658
-1 1495933427.337623 1145.411081 -1555.110334 -581.888465
-1 1495933427.375545 1170.421531 -1504.944412 -642.604019
-1 1495933427.406020 1174.853331 -1489.976004 -665.70823
-1 1495933427.434403 1059.753002 -1062.933018 -711.867084
-1 1495933427.466978 1187.736234 -1482.712356 -812.461529
-1 1495933427.501110 1200.022241 -1471.40075 -881.588838
-1 1495933427.531656 1193.300698 -1444.344396 -908.079945
-1 1495933427.567793 1238.78079 -1317.746038 -944.069602
-1 1495933427.607271 1253.780041 -1294.542396 -1002.461011
-1 1495933427.635709 1104.066537 -957.852604 -938.661148
-1 1495933427.673986 1141.468672 -994.230884 -1017.032878
-1 1495933427.697372 1142.331094 -985.668846 -1044.713616
-1 1495933427.737100 1151.480264 -953.891422 -1036.894457
-1 1495933427.767344 1295.967703 -1066.86952 -1246.596828
-1 1495933427.797705 1155.059468 -997.417682 -1097.119141
-1 1495933427.830058 1264.436965 -1021.748783 -1280.929288
-1 1495933427.861268 1162.579415 -1006.997913 -1143.423739
-1 1495933427.896014 1154.032204 -1007.204039 -1168.564675
-1 1495933427.926121 1161.270049 -1016.956562 -1195.789684
-1 1495933427.961271 1166.690179 -1043.403858 -1199.77232
-1 1495933427.991595 1156.707648 -1031.115756 -1215.056818
-1 1495933428.023377 1043.321367 -859.690127 -1068.432802
-1 1495933428.058616 1155.019564 -1053.832941 -1248.0896
-1 1495933428.094812 1153.723006 -1074.252883 -1287.794818
-1 1495933428.134151 1154.242198 -1075.962962 -1321.584991
-1 1495933428.156580 1174.892356 -1104.308087 -1369.514974
-1 1495933428.191766 1147.402191 -1100.866368 -1332.188092
-1 1495933428.219584 1142.335418 -1119.033449 -1346.947872
-1 1495933428.252710 1166.03449 -1163.365007 -1415.272476
-1 1495933428.291185 1136.579363 -1180.64887 -1394.54993
-1 1495933428.323049 1013.405725 -966.4438 -1148.774488
-1 1495933428.355277 1111.27821 -1179.923547 -1411.351614
-1 1495933428.387128 1089.854454 -1190.280284 -1409.415135
-1 1495933428.416963 977.373967 -989.367477 -1132.374896
-1 1495933428.449564 1038.641311 -1194.968447 -1360.873321
-1 1495933428.487084 1038.720403 -1226.352028 -1418.838778
-1 1495933428.514227 1015.042507 -1226.679163 -1424.972812
-1 1495933428.549221 902.501494 -992.224585 -1132.642711
-1 1495933428.586570 971.044066 -1265.125739 -1434.360943
-1 1495933428.612166 934.174647 -1226.433928 -1402.551639
-1 1495933428.645272 1000.399387 -1407.986848 -1614.980802
-1 1495933428.677960 903.975562 -1298.25539 -1455.944824
-1 1495933428.712235 879.400011 -1323.718063 -1468.09045
-1 1495933428.747208 828.836545 -1302.924546 -1463.485625
-1 1495933428.786404 816.281613 -1315.610206 -1481.518
-1 1495933428.815554 772.992544 -1334.588092 -1462.999379
-1 1495933428.845775 733.154204 -1331.867682 -1494.895241
-1 1495933428.873757 691.066164 -1318.611245 -1468.999689
-1 1495933428.906624 646.013873 -1284.650056 -1436.798466
-1 1495933428.940730 603.619154 -1288.195933 -1426.390307
-1 1495933428.972138 567.82756 -1285.64284 -1425.013502
-1 1495933429.003961 527.504615 -1294.324062 -1435.123143
-1 1495933429.039460 499.521175 -1232.436039 -1366.91913
-1 1495933429.079836 473.374962 -1267.28844 -1365.472412
-1 1495933429.104766 446.707356 -1242.72587 -1324.380956
-1 1495933429.134033 497.042881 -974.091439 -1043.518251
-1 1495933429.166172 371.143757 -1248.832935 -1330.977746
-1 1495933429.199547 340.4509 -1252.917945 -1328.37284
-1 1495933429.231828 306.135628 -1275.93407 -1330.756355
-1 1495933429.265235 286.045005 -1284.307662 -1341.411984
-1 1495933429.306028 272.615421 -1268.192789 -1288.622677
-1 1495933429.329487 252.229506 -1264.629596 -1248.277144
-1 1495933429.368738 225.681455 -1255.20673 -1235.583496
-1 1495933429.396671 202.486258 -1256.815869 -1220.458245
-1 1495933429.434330 151.494968 -1315.535438 -1275.192168
-1 1495933429.461683 121.03112 -1353.455784 -1303.567042
-1 1495933429.499142 79.775215 -1322.633063 -1294.617439
-1 1495933429.525741 53.099754 -1327.930616 -1290.397875
-1 1495933429.561654 32.00131 -1335.289698 -1296.496582
-1 1495933429.594837 11.314207 -1364.428844 -1305.544212
-1 1495933429.624346 -0.560645 -1349.964208 -1274.886068
-1 1495933429.657751 -23.370777 -1330.326445 -1247.475549
-1 1495933429.689027 -36.856588 -1330.899015 -1233.77852
-1 1495933429.726968 -44.641252 -1315.063178 -1212.054813
-1 1495933429.755595 -51.936248 -1302.497399 -1202.197266
-1 1495933429.789890 -59.719941 -1286.135931 -1189.773652
-1 1495933429.823790 -73.036101 -1271.254067 -1182.685436
-1 1495933429.860174 -85.061738 -1270.75882 -1184.323952
-1 1495933429.889361 -90.362641 -1257.012906 -1168.365663
-1 1495933429.921907 -95.50624 -1321.479233 -1182.38211
-1 1495933429.955749 -90.237473 -1314.335002 -1161.744459
-1 1495933429.987319 -95.288132 -1322.487574 -1159.892319
-1 1495933430.020060 -96.291051 -1329.943184 -1148.223877
-1 1495933430.054099 -99.536873 -1321.957862 -1141.065193
-1 1495933430.096597 -115.381322 -1334.37772 -1138.254801
-1 1495933430.123592 -108.943454 -1329.432745 -1122.480913
-1 1495933430.157782 -111.28651 -1331.372767 -1110.321045
-1 1495933430.193097 -105.811749 -1321.813832 -1093.091375
-1 1495933430.217684 -115.958474 -1338.34265 -1101.381244
-1 1495933430.251534 -107.431446 -1345.09629 -1081.806715
-1 1495933430.283527 -51.333202 -1367.417178 -996.756629
-1 1495933430.316850 -48.438887 -1390.953396 -984.871789
-1 1495933430.350871 -39.741239 -1406.675455 -966.854211
-1 1495933430.390016 -23.006046 -1415.821772 -932.803622
-1 1495933430.416499 -0.21968 -1417.288805 -904.040897
-1 1495933430.454838 27.432251 -1408.18362 -868.705241
-1 1495933430.491700 31.082338 -1424.428127 -878.861861
-1 1495933430.514418 67.301409 -1438.374196 -844.010047
-1 1495933430.549060 79.681813 -1440.258059 -840.363104
-1 1495933430.585081 108.484835 -1411.789173 -766.15878
-1 1495933430.612126 121.939642 -1448.082567 -764.464962
-1 1495933430.646317 148.801098 -1476.863198 -708.891897
-1 1495933430.677824 178.952026 -1494.282797 -655.241995
-1 1495933430.713628 203.929462 -1510.437343 -606.342108
-1 1495933430.745222 250.222154 -1511.629751 -529.485159
-1 1495933430.782168 276.644343 -1498.634504 -466.490589
-1 1495933430.808746 320.669949 -1497.26735 -384.362793
-1 1495933430.840366 347.318707 -1508.186274 -330.949263
-1 1495933430.873132 377.957593 -1508.912062 -270.161947
-1 1495933430.906076 410.226279 -1535.927814 -221.823952
-1 1495933430.942013 453.198705 -1548.36658 -157.076379
-1 1495933430.971376 490.264407 -1499.851227 -97.543797
-1 1495933431.008224 519.679445 -1449.649346 -40.685665
-1 1495933431.036875 550.584007 -1443.438223 16.006377
-1 1495933431.073197 591.555173 -1367.531984 109.276974
-1 1495933431.102782 601.178707 -1397.881583 153.807484
-1 1495933431.135050 642.17564 -1249.766209 180.521647
-1 1495933431.167999 680.623765 -1152.703426 254.639782
-1 1495933431.201827 690.952301 -1098.735577 235.208407
-1 1495933431.242080 713.753741 -1159.076359 286.92257
-1 1495933431.277930 722.215525 -1202.288221 315.551388
-1 1495933431.300017 724.139127 -1242.447563 350.716146
-1 1495933431.337289 712.090047 -1173.526034 326.534387
-1 1495933431.373541 730.025505 -1120.755204 340.13339
-1 1495933431.397746 740.391702 -1057.618348 318.928297
-1 1495933431.430468 749.174846 -1049.626757 332.191421
-1 1495933431.464555 757.263091 -1001.08281 323.620605
-1 1495933431.498039 796.158507 -1136.92199 368.306478
-1 1495933431.537407 803.961413 -1186.012301 364.88518
-1 1495933431.562383 819.083104 -1189.01606 385.73146
-1 1495933431.594481 839.831312 -1175.769839 392.107969
-1 1495933431.627214 845.323551 -1168.573894 381.900672
-1 1495933431.660697 849.292131 -1182.638716 379.650879
-1 1495933431.692084 854.019442 -1174.576104 368.802897
-1 1495933431.728763 857.983768 -1183.079628 392.086884
-1 1495933431.763846 862.332338 -1173.219764 373.408277
-1 1495933431.793081 873.217357 -1156.959733 365.17112
-1 1495933431.823363 877.301626 -1171.448351 359.024695
-1 1495933431.858825 884.809089 -1203.747061 353.635846
-1 1495933431.888700 881.737218 -1195.943451 342.10723
-1 1495933431.922152 885.769746 -1198.426155 331.566643
-1 1495933431.954165 896.49501 -1226.959428 342.343972
-1 1495933431.986418 908.238821 -1204.693338 332.592404
-1 1495933432.022545 907.951864 -1190.564496 311.264131
-1 1495933432.055598 918.757167 -1223.614237 283.956632
-1 1495933432.084378 928.514469 -1204.698646 261.162035
-1 1495933432.118783 932.725155 -1203.002233 233.395478
-1 1495933432.165449 955.12256 -1232.926244 201.459665
-1 1495933432.188484 965.775045 -1225.371386 153.142756
-1 1495933432.219747 982.045075 -1216.726419 116.846073
-1 1495933432.252444 995.607827 -1236.416891 81.549997
-1 1495933432.280863 1015.945804 -1225.994143 36.293723
-1 1495933432.315477 1030.319815 -1205.851878 -15.385298
-1 1495933432.349840 1049.031252 -1190.304499 -57.479951
-1 1495933432.389093 1061.459489 -1193.618476 -106.609553
-1 1495933432.420621 1091.495861 -1223.65726 -163.182484
-1 1495933432.446529 1097.150074 -1183.615676 -208.489435
-1 1495933432.477568 1110.743898 -1161.990323 -256.708688
-1 1495933432.510832 1126.54308 -1152.992448 -318.330892
-1 1495933432.543397 1142.107507 -1153.484709 -382.078229
-1 1495933432.576353 1154.401236 -1130.472896 -436.410985
-1 1495933432.609058 1163.650004 -1099.824424 -487.638716
-1 1495933432.645134 1173.152068 -1078.41986 -538.746597
-1 1495933432.675620 1185.562319 -1056.037936 -593.7082
-1 1495933432.714336 1205.048024 -1057.202248 -648.994585
-1 1495933432.739821 1210.980964 -1036.355889 -691.335967
-1 1495933432.772150 1228.393 -1034.78712 -751.64314
-1 1495933432.805416 1232.738102 -996.683436 -785.769561
-1 1495933432.841776 1240.137227 -972.986503 -827.815755
-1 1495933432.870179 1261.022533 -982.81794 -886.505312
-1 1495933432.904700 1264.204638 -991.14287 -880.432129
-1 1495933432.935802 1282.784433 -963.025964 -911.565237
-1 1495933432.971131 1295.68315 -956.949682 -967.810429
-1 1495933433.002298 1316.470291 -952.723594 -1010.85612
-1 1495933433.034097 1315.363196 -923.388805 -1029.36013
-1 1495933433.066508 1341.476024 -913.622649 -1071.878699
-1 1495933433.101122 1349.774216 -897.292361 -1081.567383
-1 1495933433.142355 1356.525907 -869.466035 -1104.384729
-1 1495933433.164974 1353.526815 -839.426986 -1105.863444
-1 1495933433.198989 1355.509671 -831.346528 -1101.214045
-1 1495933433.232047 1381.561649 -842.689282 -1151.257694
-1 1495933433.271771 1374.0952 -831.232187 -1159.185976
-1 1495933433.296467 1372.767223 -822.349051 -1174.010121
-1 1495933433.332695 1365.980946 -807.078022 -1181.62028
-1 1495933433.362921 1373.996804 -812.939619 -1209.915808
-1 1495933433.394157 1378.052636 -810.705765 -1231.666889
-1 1495933433.427732 1401.015865 -846.851581 -1280.868993
-1 1495933433.459878 1393.828791 -842.780636 -1302.83795
-1 1495933433.492586 1386.349025 -849.37837 -1316.296757
-1 1495933433.524912 1376.044487 -846.649269 -1304.429118
-1 1495933433.561015 1356.940298 -834.757763 -1277.777654
-1 1495933433.595290 1357.060843 -852.215543 -1301.588394
-1 1495933433.623552 1371.825108 -879.117352 -1349.308268
-1 1495933433.657081 1353.815483 -871.353746 -1336.647912
-1 1495933433.693295 1351.115417 -889.964162 -1367.339163
-1 1495933433.721905 1342.279099 -902.768508 -1376.9731
-1 1495933433.759461 1329.360222 -908.602043 -1369.317072
-1 1495933433.787864 1322.912135 -927.508379 -1389.534875
-1 1495933433.819978 1309.746251 -942.076044 -1385.42462
-1 1495933433.857486 1292.844599 -957.173853 -1391.524991
-1 1495933433.884962 1255.94094 -940.923641 -1354.330537
-1 1495933433.920347 1229.563118 -937.178537 -1334.811679
-1 1495933433.949859 1212.358509 -949.468563 -1327.223344
-1 1495933433.983602 1189.231641 -946.167224 -1327.741403
-1 1495933434.015968 1173.663284 -962.213533 -1344.746723
-1 1495933434.050789 1158.061496 -988.95947 -1369.112882
-1 1495933434.081655 1158.76955 -1020.623016 -1415.506999
-1 1495933434.117629 1136.899174 -1029.683188 -1442.625104
-1 1495933434.155347 1111.508826 -1055.553171 -1438.071511
-1 1495933434.184647 1076.614426 -1049.423848 -1456.829649
-1 1495933434.223225 1047.095374 -1057.49787 -1467.550012
-1 1495933434.249029 996.910511 -1085.268568 -1461.170173
-1 1495933434.278337 960.348927 -1096.053182 -1489.673221
-1 1495933434.310959 911.112329 -1087.964696 -1489.714281
-1 1495933434.343018 863.241253 -1086.991451 -1497.76038
-1 1495933434.375335 808.731264 -1087.179864 -1519.536244
-1 1495933434.408227 758.339622 -1092.27066 -1506.574781
-1 1495933434.441270 711.21588 -1102.054098 -1519.904859
-1 1495933434.473731 661.694567 -1096.222654 -1508.825314
-1 1495933434.508558 615.78783 -1095.81813 -1494.375888
-1 1495933434.544240 579.673605 -1125.336888 -1491.837565
-1 1495933434.571900 543.532065 -1119.753133 -1479.889656
-1 1495933434.607675 500.433465 -1202.557539 -1512.349817
-1 1495933434.643835 451.081305 -1219.89902 -1515.664026
-1 1495933434.670235 397.776378 -1239.691991 -1500.718365
-1 1495933434.703777 326.716232 -1257.045613 -1491.375732
-1 1495933434.740139 298.437789 -1237.247102 -1434.95169
-1 1495933434.771855 259.776653 -1221.862329 -1421.988192
-1 1495933434.803762 219.116026 -1223.499165 -1384.517415
-1 1495933434.833021 187.83033 -1208.339194 -1339.695231
-1 1495933434.869017 150.493922 -1227.322421 -1323.727879
-1 1495933434.900208 126.052764 -1237.758968 -1297.148733
-1 1495933434.931862 85.790021 -1265.093596 -1296.401515
-1 1495933434.964712 54.186272 -1249.749059 -1297.208659
-1 1495933434.998689 21.366882 -1275.262849 -1267.595326
-1 1495933435.030409 -11.022857 -1238.569409 -1234.968151
-1 1495933435.063236 -43.813347 -1208.9383 -1221.085982
-1 1495933435.096243 -59.051699 -1213.242838 -1202.81853
-1 1495933435.128745 -74.259348 -1214.776744 -1184.505948
-1 1495933435.162471 -78.965806 -1221.738898 -1172.90335
-1 1495933435.195314 -92.195823 -1233.904963 -1178.156627
-1 1495933435.230992 -89.674932 -1218.644913 -1173.351126
-1 1495933435.260993 -98.944415 -1226.256793 -1182.695793
-1 1495933435.293323 -96.805457 -1212.661378 -1175.456099
-1 1495933435.325883 -91.469736 -1207.168281 -1174.282375
-1 1495933435.361401 -83.946367 -1204.764524 -1160.929917
-1 1495933435.397664 -71.051534 -1258.512912 -1162.115479
-1 1495933435.425519 -62.225989 -1260.329072 -1165.742631
-1 1495933435.458294 -53.509938 -1266.279602 -1157.706706
-1 1495933435.487269 -45.955959 -1260.415251 -1159.051514
-1 1495933435.520189 -37.654807 -1250.990627 -1164.937337
-1 1495933435.553468 -27.017674 -1243.291308 -1157.431493
-1 1495933435.585819 -23.968043 -1251.570295 -1152.419951
-1 1495933435.621858 -22.532376 -1250.331912 -1144.821075
-1 1495933435.654546 -23.327082 -1258.042875 -1138.583282
-1 1495933435.683542 -11.793795 -1267.686927 -1122.999896
-1 1495933435.716500 11.315964 -1275.684324 -1104.56358
-1 1495933435.749819 20.198198 -1265.61747 -1089.251709
-1 1495933435.785797 36.332102 -1279.002911 -1072.033137
-1 1495933435.814804 50.892963 -1272.472713 -1046.196215
-1 1495933435.848869 73.727001 -1285.019319 -1026.290246
-1 1495933435.886838 98.125712 -1264.983103 -971.014959
-1 1495933435.912683 140.799413 -1275.887763 -945.80596
-1 1495933435.944736 187.470916 -1295.06219 -915.979744
-1 1495933435.980078 231.33686 -1337.305749 -900.018865
-1 1495933436.013625 283.9644 -1338.448002 -864.869274
-1 1495933436.046681 334.688083 -1343.160845 -815.91353
-1 1495933436.075214 381.915029 -1369.771974 -770.80559
-1 1495933436.108261 425.136023 -1402.000494 -746.743682
-1 1495933436.142836 470.475434 -1436.643352 -698.840332
-1 1495933436.181453 530.270397 -1457.425424 -638.763613
-1 1495933436.207234 590.216631 -1473.004648 -573.007665
-1 1495933436.241647 640.147492 -1446.794261 -486.285215
-1 1495933436.276159 684.210991 -1454.622783 -416.031531
-1 1495933436.305275 719.572125 -1446.382174 -338.130697
-1 1495933436.338213 769.342619 -1464.35862 -252.614524
-1 1495933436.369437 826.939577 -1448.978524 -176.389382
-1 1495933436.403195 904.277362 -1454.66428 -117.634351
-1 1495933436.438962 979.544484 -1454.97881 -86.190888
-1 1495933436.467699 1045.100911 -1452.875386 -76.800352
-1 1495933436.503521 1139.554665 -1475.829315 -65.652743
-1 1495933436.533424 1246.209832 -1475.700312 -55.957771
-1 1495933436.570044 1327.68987 -1429.966039 -58.889678
-1 1495933436.601364 1459.795218 -1375.523708 -46.531354
-1 1495933436.633590 1530.058242 -1411.419877 -55.381081
-1 1495933436.674005 1575.862422 -1413.813682 -58.341841
-1 1495933436.700607 1596.197995 -1399.495929 -58.385861
-1 1495933436.735832 1758.385861 -1589.290984 -82.974891
-1 1495933436.771246 1721.835477 -1793.976095 -72.388805
-1 1495933436.803270 1693.556768 -1584.061233 -59.86772
-1 1495933436.834759 1741.740845 -1659.700012 -52.093321
-1 1495933436.868169 1745.719887 -1652.172155 -46.277965
-1 1495933436.900385 1719.914107 -1696.308833 -41.055945
-1 1495933436.932665 1690.292384 -1675.741544 -26.655717
-1 1495933436.964237 1683.388068 -1675.991556 -16.424376
-1 1495933436.994658 1666.878267 -1652.749999 2.276426
-1 1495933437.023700 1671.940474 -1638.298831 23.80704
-1 1495933437.057239 1652.745975 -1631.047058 23.259203
-1 1495933437.088911 1635.287711 -1635.865817 33.664033
-1 1495933437.125858 1641.458149 -1616.724827 40.065696
-1 1495933437.162617 1641.077955 -1623.920706 52.040794
-1 1495933437.187088 1633.992805 -1631.586191 54.559511
-1 1495933437.226816 1638.472297 -1621.389737 52.523526
-1 1495933437.260253 1619.446402 -1605.666285 40.118593
-1 1495933437.287031 1607.279072 -1613.480245 42.866285
-1 1495933437.320896 1604.879784 -1604.510564 46.810266
-1 1495933437.358893 1607.422274 -1595.181473 47.789788
-1 1495933437.391005 1575.309412 -1541.068135 54.336455
-1 1495933437.428930 1568.454846 -1566.418192 60.149962
-1 1495933437.453029 1549.505893 -1544.722383 70.840732
-1 1495933437.486732 1539.253374 -1536.846061 66.189113
-1 1495933437.520376 1524.509268 -1505.385192 71.121123
-1 1495933437.553920 1520.839402 -1499.471515 70.072058
-1 1495933437.590724 1533.667362 -1531.946597 67.161236
-1 1495933437.628912 1557.675726 -1554.303211 43.779593
-1 1495933437.654226 1580.635163 -1581.363943 24.707031
-1 1495933437.687145 1575.377921 -1587.330694 37.976074
-1 1495933437.721022 1530.966129 -1550.782577 86.129113
-1 1495933437.757411 1526.95442 -1539.259272 88.614539
-1 1495933437.787476 1520.00989 -1569.58313 75.356593
-1 1495933437.818280 1531.901597 -1620.111117 57.741847
-1 1495933437.850879 1534.924675 -1635.41283 45.207076
-1 1495933437.892171 1383.195704 -1295.974765 109.241832
-1 1495933437.919919 1578.117613 -1679.479317 -12.240693
-1 1495933437.948013 1587.198419 -1691.943525 -24.448094
-1 1495933437.983494 1609.6098 -1713.722063 -45.72199
-1 1495933438.016957 1596.638419 -1725.047601 -59.905451
-1 1495933438.048115 1573.778014 -1691.225898 -47.935902
-1 1495933438.085481 1573.351981 -1693.897878 -60.492128
-1 1495933438.110746 1412.826885 -1348.78477 7.001657
-1 1495933438.145636 1553.998936 -1687.69183 -99.571274
-1 1495933438.176424 1591.357572 -1776.789259 -127.596399
-1 1495933438.209255 1591.415163 -1777.512559 -130.108458
-1 1495933438.242201 1592.080527 -1793.691021 -149.798399
-1 1495933438.274654 1579.594676 -1792.125238 -146.960819
-1 1495933438.311169 1584.585872 -1822.578861 -165.168531
-1 1495933438.340167 1561.862414 -1813.772384 -171.502131
-1 1495933438.375697 1573.333544 -1817.849134 -168.889826
-1 1495933438.412793 1571.392776 -1820.755901 -169.710286
-1 1495933438.438897 1571.620513 -1824.716319 -180.895626
-1 1495933438.472969 1566.920945 -1836.98082 -178.707608
-1 1495933438.505628 1569.70164 -1811.439017 -171.938255
-1 1495933438.536957 1568.68537 -1823.717996 -176.731549
-1 1495933438.573434 1575.322943 -1827.630748 -161.558209
-1 1495933438.605752 1567.920211 -1838.455399 -163.722553
-1 1495933438.634802 1564.761653 -1846.872844 -173.688669
-1 1495933438.669791 1552.503251 -1850.127991 -220.762311
-1 1495933438.706544 1550.391966 -1842.893584 -202.34412
-1 1495933438.733204 1545.900021 -1853.982776 -199.38225
-1 1495933438.775158 1583.812043 -1874.019059 -171.889426
