-1 1510327049.349622 163.084827769886 467.003731105639 -481.820031368371
-1 1510327049.382851 89.419648141572 918.738124681556 -1287.20629142992
-1 1510327049.416693 286.438358191288 638.992840310802 -789.664343631629
-1 1510327049.449764 77.1136659564394 879.281019127887 -1285.35008285985
-1 1510327049.483165 76.6851251775568 398.698690663213 -1001.03056936553
-1 1510327049.516536 11.0662286931818 659.751029636549 -208.235677083333
-1 1510327049.549850 16.8749260179924 718.410856827446 -213.297526041667
-1 1510327049.583462 51.5809955018939 754.519255264946 -233.306329900568
-1 1510327049.616761 69.9120723839962 795.221079950747 -273.229240648674
-1 1510327049.650551 85.7288707386364 833.197552224864 -297.910378196023
-1 1510327049.683764 60.2061878551136 703.577721637228 -282.2265625
-1 1510327049.717045 70.4996744791667 633.693794582201 -250.394324100379
-1 1510327049.750526 85.7564290364583 548.522882876189 -232.194750236742
-1 1510327049.783798 103.596450343277 484.250076957371 -222.709147135417
-1 1510327049.817410 163.104433001894 573.515253481658 -266.092566287879
-1 1510327049.850792 186.678244850852 642.248933211617 -323.134543678977
-1 1510327049.884085 338.186553030303 974.369480298913 -550.851532907197
-1 1510327049.917814 352.642267400568 914.969270125679 -568.619791666667
-1 1510327049.951686 372.172222715436 1003.35726530656 -581.35986328125
-1 1510327049.984655 322.391024502841 1044.59692913553 -710.89385061553
-1 1510327050.017827 294.064978397254 1032.87632154382 -714.720939867424
-1 1510327050.051308 41.5512547348485 1019.56694229789 -1256.9365530303
-1 1510327050.085349 176.438580137311 1047.0435101053 -663.140684185606
-1 1510327050.118233 -32.2350704308712 1004.9271956734 -1093.00426136364
-1 1510327050.151726 -74.117949514678 1107.85077965778 -1119.74616773201
-1 1510327050.185140 -126.930745442708 1345.56566321332 -1102.93856534091
-1 1510327050.218878 -126.930745442708 1345.56566321332 -1102.93856534091
-1 1510327050.252628 -126.930745442708 1345.56566321332 -1102.93856534091
-1 1510327050.286255 -126.930745442708 1345.56566321332 -1102.93856534091
-1 1510327050.319874 -126.930745442708 1345.56566321332 -1102.93856534091
-1 1510327050.353635 -126.930745442708 1345.56566321332 -1102.93856534091
-1 1510327050.387329 -126.930745442708 1345.56566321332 -1102.93856534091
-1 1510327050.420910 -126.930745442708 1345.56566321332 -1102.93856534091
-1 1510327050.454609 -126.930745442708 1345.56566321332 -1102.93856534091
-1 1510327050.487303 -187.391338926373 1197.61491858441 -914.657315340909
-1 1510327050.521068 -189.810920484138 1327.75852369226 -907.74443655303
-1 1510327050.554629 -224.728855942235 1279.74336043648 -910.457726680871
-1 1510327050.588341 -233.194062204072 1288.14378821332 -908.599298650568
-1 1510327050.621980 -223.333647756866 1237.7125615659 -947.718764796402
-1 1510327050.655582 -224.958292643229 1233.0846371858 -919.878965435606
-1 1510327050.689101 -198.108187588778 1075.02653702446 -936.3525390625
-1 1510327050.724741 -124.027414032907 540.873983631963 -866.342255563447
-1 1510327050.758247 -172.212265477036 560.257555090863 -739.829323508523
-1 1510327050.789945 195.243326822917 -6.90546450407609 -754.700076941288
-1 1510327050.823586 301.664225260417 642.885092030401 -543.194395123106
-1 1510327050.857504 326.894586736506 -296.897490128227 -597.425426136364
-1 1510327050.890900 366.958618164062 -380.389072584069 -575.000739820076
-1 1510327050.925078 391.16913766572 -479.371245011039 -538.587165601326
-1 1510327050.958118 494.100212328362 -1176.58339790676 -239.926609848485
-1 1510327050.991825 471.206295129025 -1225.96661111583 -194.218306107955
-1 1510327051.025228 432.878343986742 -1269.27928095279 -175.052527225379
-1 1510327051.058683 467.623808889678 -1384.33904233186 -197.960316051136
-1 1510327051.092576 443.250806403883 -1419.15833846382 -263.463245738636
-1 1510327051.126154 496.974875710227 -1427.53926152768 -334.376109730114
-1 1510327051.160015 403.678662849195 -1435.45897110649 -249.928607362689
-1 1510327051.193249 393.77607865767 -1404.42412003227 -221.973026160038
-1 1510327051.226831 394.137573242188 -1352.26314378821 -233.910023082386
-1 1510327051.260520 375.616547555634 -1380.89765465778 -316.884913589015
-1 1510327051.293997 355.211200136127 -1361.40707264776 -367.868874289773
-1 1510327051.327559 333.279049035275 -1374.55344822096 -404.473691998106
-1 1510327051.361077 314.960179184422 -1394.15183689283 -437.669788707386
-1 1510327051.396355 350.329959753788 -1395.76104205588 -420.193388967803
-1 1510327051.428080 320.042743104877 -1492.86213750425 -485.932691169508
-1 1510327051.461206 351.393173680161 -1459.06179676885 -467.138301964962
-1 1510327051.494792 351.662745620265 -1491.59665315048 -473.683860085227
-1 1510327051.528413 327.369181315104 -1447.49795664912 -506.252959280303
-1 1510327051.561423 311.360122218277 -1446.7752871306 -507.367128314394
-1 1510327051.594951 308.824943773674 -1416.0832280698 -508.172792376894
-1 1510327051.628460 314.179853959517 -1412.32691225798 -526.725630326705
-1 1510327051.661793 358.009384617661 -1440.02659009851 -545.483028527462
-1 1510327051.695255 363.3388634884 -1411.76645030146 -557.43926077178
-1 1510327051.728876 357.157759232955 -1400.77295717986 -553.751257694129
-1 1510327051.762754 344.54345703125 -1401.84140412704 -544.239021070076
-1 1510327051.795629 343.96630489465 -1438.27454940132 -541.644841974432
-1 1510327051.828900 344.713708126184 -1491.40810759171 -515.165941642992
-1 1510327051.862297 351.762713808002 -1486.42020847486 -513.260535037879
-1 1510327051.895899 354.596594608191 -1490.73685355808 -517.507102272727
-1 1510327051.931372 328.038071141098 -1486.29030974015 -501.543634588068
-1 1510327051.962777 367.663389263731 -1511.17819081182 -477.259410511364
-1 1510327051.996212 347.151692708333 -1480.50046174423 -449.701482599432
-1 1510327052.029335 347.667162346117 -1516.46018650221 -467.803770123106
-1 1510327052.063172 373.891934481534 -1484.03399923573 -400.023674242424
-1 1510327052.097057 370.72060324929 -1411.16631549338 -412.818122632576
-1 1510327052.130011 401.98271780303 -1473.52248482082 -391.735469933712
-1 1510327052.163347 410.896809895833 -1489.52590278957 -407.20732717803
-1 1510327052.196995 425.708470200047 -1539.1697095788 -404.335345643939
-1 1510327052.230367 415.810232451468 -1530.30833368716 -396.590539180871
-1 1510327052.264011 391.388031930634 -1510.25158426036 -445.02470999053
-1 1510327052.297100 410.171323834044 -1560.39282757303 -436.58965139678
-1 1510327052.332523 405.985514322917 -1565.78508460003 -446.195845170455
-1 1510327052.363851 411.166104403409 -1569.51658829399 -457.425944010417
-1 1510327052.397518 402.012680516098 -1593.02958612857 -468.177009351326
-1 1510327052.430950 414.519708806818 -1575.23856784986 -452.843868371212
-1 1510327052.464594 405.09736032197 -1597.10507600204 -449.108516808712
-1 1510327052.497885 406.413130326705 -1560.21502950917 -452.890477035985
-1 1510327052.531305 412.603482333097 -1560.82962699558 -451.039077296402
-1 1510327052.564955 332.167654326468 -1495.18631644871 -528.906619910038
-1 1510327052.598633 389.62578051018 -1545.90414296026 -487.480024857955
-1 1510327052.632162 375.589821555398 -1518.389759893 -508.485736268939
-1 1510327052.665926 368.25644753196 -1506.41187584918 -530.037064985795
-1 1510327052.701997 333.328524502841 -1430.67958665931 -580.524236505682
-1 1510327052.732743 336.177571614583 -1447.76505180027 -597.514574455492
-1 1510327052.766478 323.42177882339 -1442.4604996391 -636.162775213068
-1 1510327052.800095 324.964673591383 -1406.29186215608 -637.884706439394
-1 1510327052.833692 292.489808978456 -1400.76499607252 -666.239790482955
-1 1510327052.867096 278.560014204545 -1390.7190737517 -683.255282315341
-1 1510327052.900703 265.424971147017 -1373.81571894107 -715.658291903409
-1 1510327052.934392 256.623701615767 -1319.91802713145 -716.154711174242
-1 1510327052.967855 247.139023289536 -1317.28867240574 -750.481622869318
-1 1510327053.001759 253.117786754261 -1294.59454080333 -759.178947679924
-1 1510327053.035240 239.156919537169 -1326.18255615234 -788.252027107008
-1 1510327053.069334 246.881658380682 -1265.34410559613 -767.635830965909
-1 1510327053.102444 232.91709206321 -1272.88267716118 -803.40576171875
-1 1510327053.135885 224.768991181345 -1270.17039423404 -840.828450520833
-1 1510327053.169549 226.523659446023 -1259.32703432829 -874.669670336174
-1 1510327053.202607 239.592211174242 -1242.3116269319 -883.779074928977
-1 1510327053.236311 231.351447827888 -1237.23880933679 -907.461455374053
-1 1510327053.270083 240.31815962358 -1194.6616794752 -900.692471590909
-1 1510327053.303710 231.34765625 -1175.43421206267 -942.991314512311
-1 1510327053.340660 244.877485795455 -1149.18378747028 -945.388701467803
-1 1510327053.371057 241.624959309896 -1152.17650040336 -986.928858901515
-1 1510327053.404023 244.243737423059 -1144.7221175484 -1018.34235913826
-1 1510327053.437677 244.117135712595 -1143.73202116593 -1054.78996508049
-1 1510327053.471107 250.658347389915 -1143.47706670346 -1080.52423650568
-1 1510327053.504631 252.341623017282 -1099.60585884426 -1086.24933416193
-1 1510327053.538334 250.276184082031 -1095.64421280571 -1104.95013612689
-1 1510327053.574255 247.056163441051 -1074.47695524796 -1129.05199455492
-1 1510327053.606636 240.668695623224 -1018.95168138587 -1116.14953243371
-1 1510327053.639345 236.407378225616 -1020.3592715056 -1157.18291311553
-1 1510327053.672855 231.473980527936 -998.280002759851 -1174.59531841856
-1 1510327053.705909 227.6279333866 -975.257077424423 -1188.03636955492
-1 1510327053.742177 249.2719708067 -901.23927904212 -1146.23801491477
-1 1510327053.773161 242.898698286577 -856.318863578465 -1152.64152758049
-1 1510327053.806655 241.659499659683 -821.798440684443 -1136.51529947917
-1 1510327053.840162 238.913241299716 -842.260543159817 -1181.34987571023
-1 1510327053.873779 230.697631835938 -820.412345554518 -1193.08638139205
-1 1510327053.907399 227.047498298414 -790.446870223336 -1198.74304569129
-1 1510327053.940974 205.352783203125 -782.639478600543 -1224.18730764678
-1 1510327053.974647 190.4140588009 -803.045256241508 -1288.21614583333
-1 1510327054.010700 200.60341574929 -779.657977560292 -1261.66881214489
-1 1510327054.041821 196.474341190223 -782.251639988111 -1291.90266927083
-1 1510327054.075259 181.852398496686 -794.817186438519 -1352.35040838068
-1 1510327054.108660 170.160790645715 -796.398527725883 -1383.85564630682
-1 1510327054.142279 288.637149695194 -948.94787332286 -1103.06396484375
-1 1510327054.175957 148.955882679332 -787.138101328974 -1413.3818655303
-1 1510327054.209324 132.098897298177 -807.654472019361 -1479.36012961648
-1 1510327054.242920 161.519830877131 -737.299977178159 -1415.68344578598
-1 1510327054.276899 399.263231682055 -940.413168202276 -883.743193655303
-1 1510327054.310555 372.640852494673 -1067.58781101393 -882.503625118371
-1 1510327054.343646 389.378634366122 -1051.17160962976 -901.096783262311
-1 1510327054.376975 393.271105217211 -1015.95226785411 -950.98174124053
-1 1510327054.410642 384.604205507221 -984.187316894531 -975.09247750947
-1 1510327054.444388 389.923974239465 -982.398257048234 -958.007072679924
-1 1510327054.477484 392.265689734257 -989.840698242188 -955.556418678977
-1 1510327054.511037 379.846468838778 -989.708477517833 -973.359818892045
-1 1510327054.544568 329.510266853101 -899.636774477751 -1133.9980616714
-1 1510327054.578458 299.481940991951 -863.063779084579 -1233.18758877841
-1 1510327054.611844 153.207674893466 -651.973691193954 -1553.65804036458
-1 1510327054.644825 148.092050263376 -670.700073242188 -1597.5859670928
-1 1510327054.678241 120.884103486032 -652.028291121773 -1617.31141986269
-1 1510327054.712184 125.327555338542 -648.195548679518 -1636.91332267992
-1 1510327054.747048 136.643010919744 -669.772736922554 -1633.82679332386
-1 1510327054.778908 124.106528542259 -655.91171928074 -1641.76506273674
-1 1510327054.812168 128.818766276042 -638.269441024117 -1676.57137784091
-1 1510327054.845653 103.804894649621 -627.382825768512 -1685.54280598958
-1 1510327054.880964 135.805303400213 -636.834053371264 -1705.09847005208
-1 1510327054.912645 128.007969711766 -631.552190365999 -1738.24351917614
-1 1510327054.946153 124.152952252012 -615.447201936141 -1722.2822709517
-1 1510327054.981692 148.957362319484 -629.673767089844 -1600.19198330966
-1 1510327055.016011 140.345486727628 -602.095297108526 -1672.14540423769
-1 1510327055.047962 319.669642592921 -703.464342200238 -1268.41782078598
-1 1510327055.080035 321.547398422704 -712.968577509341 -1267.47418027936
-1 1510327055.113549 351.302823153409 -620.643615722656 -1171.46698922822
-1 1510327055.146652 332.770330255682 -711.08458145805 -1267.11240826231
-1 1510327055.180156 352.7875958067 -629.572461998981 -1233.7861032197
-1 1510327055.213670 121.683756510417 -617.219742484715 -1796.60496567235
-1 1510327055.247189 109.578589237098 -594.997571862262 -1797.59336529356
-1 1510327055.283353 108.928980971828 -578.789619777514 -1799.60678562973
-1 1510327055.314218 223.884674997041 -619.023331351902 -1434.48708274148
-1 1510327055.350415 202.536334413471 -581.85862665591 -1450.64475319602
-1 1510327055.381334 93.3106393525095 -483.803392493207 -1839.34215198864
-1 1510327055.414578 100.834609522964 -475.04942520805 -1849.11517518939
-1 1510327055.448075 197.698234789299 -559.597778320312 -1478.51414535985
-1 1510327055.481444 198.672670306581 -557.24460767663 -1476.11083984375
-1 1510327055.515058 191.355433608546 -591.554127568784 -1502.36446496212
-1 1510327055.552253 196.929515491832 -599.826447860054 -1498.30100319602
-1 1510327055.581845 197.994578968395 -592.768660835598 -1483.80311908144
-1 1510327055.615488 200.77080004143 -539.979685907779 -1452.87568063447
-1 1510327055.648741 192.148751923532 -532.622693932575 -1528.98947975852
-1 1510327055.682145 83.7743123372396 -457.592043669327 -1934.77098869555
-1 1510327055.715614 86.7143573183002 -440.848574431046 -1923.3231977983
-1 1510327055.749212 75.2852006392045 -397.302644149117 -1957.4072635535
-1 1510327055.782691 76.248261422822 -376.071432362432 -1934.00897401752
-1 1510327055.815846 63.5695948745265 -369.05517578125 -1966.8701171875
-1 1510327055.849416 61.1121437766335 -384.122765582541 -1959.43603515625
-1 1510327055.882918 66.7252511689157 -401.94907810377 -1962.72490530303
-1 1510327055.916551 65.8847230853456 -395.569909137228 -1971.34491891572
-1 1510327055.951829 64.2019098455256 -383.943972380265 -2023.26900597775
-1 1510327055.984728 54.6297015565814 -372.267084536345 -2020.25738340436
-1 1510327056.016929 47.7019801284328 -365.323008661685 -2061.75629586884
-1 1510327056.050798 38.8388431433475 -376.373357358186 -2017.03583688447
-1 1510327056.087959 49.3585297555634 -347.305695906929 -2045.44455788352
-1 1510327056.118086 55.0426598751184 -314.92687722911 -2053.52357806581
-1 1510327056.151384 66.4602106267756 -269.968115765115 -2055.05907463305
-1 1510327056.185014 64.3517234108665 -303.047909943954 -2063.91157670455
-1 1510327056.218615 60.8722571170691 -356.185714058254 -2112.09124940814
-1 1510327056.252545 49.7410167347301 -342.782990828804 -2063.83093631629
-1 1510327056.285723 49.8866688121449 -334.167745838995 -2109.93467388731
-1 1510327056.319391 70.6850456468987 -351.744411302649 -2121.47290778883
-1 1510327056.353162 60.1749304569129 -346.791076660156 -2151.4374704072
-1 1510327056.386750 66.2939823035038 -376.258253014606 -2164.16015625
-1 1510327056.420387 49.1594719164299 -434.527521548064 -2204.86209753788
-1 1510327056.454296 41.5259158972538 -404.554615850034 -2130.10882753314
-1 1510327056.488137 49.9990289861506 -391.275555154552 -2138.74733664773
-1 1510327056.521733 -2.31424967447917 -277.019732931386 -2297.08270448627
-1 1510327056.554782 43.6864679509943 -267.838652237602 -2128.84447502367
-1 1510327056.588811 137.864870013613 -131.143719217052 -2014.82266512784
-1 1510327056.622477 123.916024872751 -146.006177819293 -2016.20779326468
-1 1510327056.655926 37.6787590258049 -255.089336892833 -2104.66197620739
-1 1510327056.689364 54.3726603190104 -269.89978292714 -2084.54959753788
-1 1510327056.722891 47.5327462861032 -272.257265837296 -2157.98506303267
-1 1510327056.756464 53.4806685014205 -265.757685122283 -2169.48279178504
-1 1510327056.790187 51.8208821614583 -254.768371582031 -2153.03178267045
-1 1510327056.823287 46.9866665926847 -258.423979386039 -2125.99487304688
-1 1510327056.857037 46.5845281427557 -267.128322435462 -2143.94864169034
-1 1510327056.890226 54.9606785629735 -301.096974248471 -2145.43549508759
-1 1510327056.924288 50.7194750236742 -318.541020932405 -2140.27987393466
-1 1510327056.957574 29.5477202444366 -304.262443210768 -2134.4941110322
-1 1510327056.991132 36.0223018761837 -311.346236519192 -2160.09798916903
-1 1510327057.024980 38.484238133286 -320.135896102242 -2157.08562677557
-1 1510327057.058299 27.9115156693892 -315.042047915251 -2144.3085641572
-1 1510327057.091905 23.6819642962831 -320.213782269022 -2140.12858072917
-1 1510327057.125481 31.1043479225852 -312.621274201766 -2183.6747602983
-1 1510327057.159012 26.9957571318655 -303.151537024457 -2190.68862452652
-1 1510327057.192180 15.0542750503078 -300.574791949728 -2178.31032492898
-1 1510327057.225960 32.6183434688684 -328.305916164232 -2206.06319543087
-1 1510327057.259477 39.8038921934186 -362.015367590863 -2210.40353486032
-1 1510327057.293268 28.590254350142 -340.776327381963 -2201.32187352036
-1 1510327057.326297 30.9879649769176 -365.575243079144 -2215.5868992661
-1 1510327057.360145 22.2082889441288 -396.271282693614 -2162.65943122633
-1 1510327057.393098 22.1238107392282 -418.755108377208 -2222.5068063447
-1 1510327057.426445 11.1071962298769 -412.790182362432 -2210.80137310606
-1 1510327057.460248 13.8511888908617 -424.024764351223 -2205.39624763258
-1 1510327057.494028 12.9339507131866 -388.957347040591 -2186.53971354167
-1 1510327057.527033 10.9708843809186 -424.874745244565 -2209.4648881392
-1 1510327057.560151 12.6709446762547 -433.673427415931 -2222.49940814394
-1 1510327057.594001 -7.49784527402936 -420.625039805537 -2223.80334102746
-1 1510327057.627449 -4.76758552320076 -406.016739555027 -2125.61479048295
-1 1510327057.660685 -6.97044603752367 -392.896436608356 -2124.30752840909
-1 1510327057.694264 -11.3189234878078 -424.302275284477 -2128.4209280303
-1 1510327057.727398 -41.6730938535748 -402.132249915082 -2206.55924479167
-1 1510327057.760791 -26.7817179361979 -407.939015264096 -2154.26284327652
-1 1510327057.794370 -33.644150242661 -383.751578952955 -2122.61297052557
-1 1510327057.827688 -60.0963708126184 -341.231702721637 -2192.30476148201
-1 1510327057.861268 -41.435889041785 -362.24889340608 -2147.60890151515
-1 1510327057.894929 -47.3788637103456 -351.936804729959 -2154.03738310843
-1 1510327057.928430 -81.0069691051136 -343.444558848505 -2174.5468602036
-1 1510327057.961515 -71.3491728811553 -348.050590183424 -2104.68768495502
-1 1510327057.995085 -67.3276034268466 -299.791618015455 -2082.28167909564
-1 1510327058.028148 -75.4220673532197 -294.302766219429 -2093.20882161458
-1 1510327058.061789 -94.9490633877841 -325.918711786685 -2170.37612452652
-1 1510327058.095686 -104.77040608724 -340.126103940217 -2159.24849076705
-1 1510327058.128291 -176.039539683949 -317.63100002123 -2213.00178296638
-1 1510327058.161878 -150.195821126302 -294.331359863281 -2126.85472892992
-1 1510327058.195678 -164.566733620384 -256.901152237602 -2142.87479285038
-1 1510327058.229153 -221.123573996804 -253.530817446501 -2198.98515181108
-1 1510327058.262513 -196.02305094401 -294.277887759001 -2163.39758670691
-1 1510327058.296190 -194.032796223958 -260.868968134341 -2161.84581409801
-1 1510327058.329531 -207.363937840317 -257.844410771909 -2157.68562085701
-1 1510327058.363125 -216.3906213009 -236.546524711277 -2128.46309777462
-1 1510327058.396923 -232.350713556463 -245.736627993376 -2138.70849609375
-1 1510327058.430257 -244.08652565696 -269.91490903108 -2122.49866832386
-1 1510327058.464227 -262.798471161813 -241.960873811141 -2156.48304332386
-1 1510327058.497422 -257.133067737926 -248.051253609035 -2155.54236209754
-1 1510327058.531060 -248.870109789299 -259.226658033288 -2131.67687618371
-1 1510327058.564567 -243.618080832741 -232.258738642154 -2098.31801905777
-1 1510327058.597882 -227.699927127723 -243.49769923998 -2050.68803267045
-1 1510327058.631709 -264.259800766454 -255.653248662534 -2087.91836825284
-1 1510327058.667759 -285.314016631155 -272.775732952615 -2084.94503136837
-1 1510327058.699059 -278.730681448272 -280.137169879416 -2058.94664417614
-1 1510327058.732578 -281.03290904652 -295.734637716542 -2065.5136570786
-1 1510327058.765769 -292.016370368726 -291.261357846467 -2058.46206202652
-1 1510327058.799618 -349.328751997514 -285.743049953295 -2066.94576379025
-1 1510327058.832843 -329.947777950402 -289.529020889946 -2038.6445016572
-1 1510327058.866524 -332.196414831913 -341.796941342561 -2049.46732954545
-1 1510327058.899940 -317.731961337003 -418.117290994395 -2067.59329131155
-1 1510327058.933634 -353.596589059541 -426.498877483865 -2042.39612926136
-1 1510327058.967176 -361.761382131866 -427.713079037874 -2044.34074633049
-1 1510327059.000741 -378.639868533973 -400.660042140795 -2053.1660600142
-1 1510327059.034550 -380.662629098603 -412.523617951766 -2052.89787523674
-1 1510327059.067912 -382.48818137429 -419.032287597656 -2035.63879764441
-1 1510327059.101463 -369.947814941406 -409.041694972826 -2007.34012488163
-1 1510327059.135454 -364.790945342093 -385.237785007643 -1957.32310901989
-1 1510327059.168650 -343.040373831084 -338.181603473166 -1908.90909830729
-1 1510327059.201781 -341.373420484138 -343.889982804008 -1861.84618400805
-1 1510327059.235495 -351.840533632221 -325.992551057235 -1860.63343394886
-1 1510327059.269023 -378.518769235322 -281.230893342391 -1870.67926580256
-1 1510327059.302985 -349.98524983724 -267.087853473166 -1804.31980942235
-1 1510327059.336397 -357.504272460938 -221.890988557235 -1819.13729580966
-1 1510327059.369896 -399.501777417732 -226.481827445652 -1881.08021129261
-1 1510327059.404130 -415.264753861861 -219.114087975543 -1917.08632960464
-1 1510327059.437276 -428.402016379616 -206.476161790931 -1880.18595377604
-1 1510327059.470883 -439.949035644531 -201.552084217901 -1873.65093809186
-1 1510327059.504747 -428.601305412524 -225.365746539572 -1852.33135801373
-1 1510327059.538398 -442.531146425189 -284.588689389436 -1781.11516779119
-1 1510327059.571955 -474.137878417969 -257.522052267323 -1829.77849786932
-1 1510327059.605465 -390.813607880563 -303.524514903193 -1752.28456439394
-1 1510327059.638939 -418.383234197443 -275.360240106997 -1772.2090287642
-1 1510327059.672055 -441.052939675071 -272.910939092221 -1807.43352716619
-1 1510327059.705327 -451.632967862216 -312.685294773268 -1794.58636659564
-1 1510327059.738938 -471.559235543916 -280.055767556895 -1823.27215021307
-1 1510327059.772910 -477.684113473603 -282.474484650985 -1793.8095555161
-1 1510327059.806643 -477.081206350616 -275.219328507133 -1796.97043678977
-1 1510327059.839688 -475.846724076705 -224.161894425102 -1768.83729876894
-1 1510327059.874022 -466.320384632457 -212.627178689708 -1748.36277817235
-1 1510327059.907036 -465.50380822384 -153.229555876359 -1700.67064689867
-1 1510327059.941245 -450.673652417732 -190.007616126019 -1657.90682705966
-1 1510327059.974789 -449.388353752367 -160.827437691067 -1617.61733546402
-1 1510327060.008126 -451.612576571378 -158.472343113111 -1593.00426136364
-1 1510327060.041362 -455.817297733191 -164.121146824049 -1574.16659268466
-1 1510327060.075306 -461.922154282079 -165.593686311141 -1552.3026899858
-1 1510327060.108081 -456.229377515388 -171.965026855469 -1515.39972478693
-1 1510327060.141502 -456.689314408736 -173.389136272928 -1514.33697324811
-1 1510327060.175525 -415.480365175189 -231.086996327276 -1482.81693892045
-1 1510327060.208895 -398.33642208215 -116.741877016814 -1499.68298709754
-1 1510327060.242234 -440.658060709635 -159.267724078635 -1540.35126657197
-1 1510327060.275621 -458.348499644886 -191.493755838145 -1559.30767637311
-1 1510327060.309141 -468.074544270833 -184.814519467561 -1552.9326467803
-1 1510327060.342977 -465.12529777758 -194.488525390625 -1522.08473899148
-1 1510327060.376166 -471.870376124527 -185.694155485734 -1531.20043205492
-1 1510327060.409567 -522.345756761955 -166.859436035156 -1603.50415778883
-1 1510327060.442848 -525.131965406013 -182.482976498811 -1630.73841441761
-1 1510327060.476576 -535.748707164418 -226.996645720109 -1621.06304746686
-1 1510327060.509983 -568.729932380445 -216.478231678838 -1623.9150538589
-1 1510327060.543465 -567.765438195431 -212.844914975374 -1612.59099786932
-1 1510327060.576930 -572.848372025923 -203.044858186141 -1614.63992956913
-1 1510327060.610274 -565.137689763849 -205.885381283967 -1574.31788589015
-1 1510327060.643287 -594.318829160748 -157.635033648947 -1564.21046401515
-1 1510327060.679047 -595.415612423059 -130.843320100204 -1542.97614820076
-1 1510327060.710262 -592.030935576468 -134.548751167629 -1512.03132398201
-1 1510327060.743721 -621.723198168205 -121.09666907269 -1527.75619969223
-1 1510327060.777334 -619.913921934186 -95.3398994777514 -1496.49954131155
-1 1510327060.810699 -629.341680353338 -81.6469938858696 -1498.68829900568
-1 1510327060.843915 -652.083148378314 -91.1388894786005 -1560.7743696733
-1 1510327060.877206 -669.637414180871 -131.823995838995 -1576.0224313447
-1 1510327060.910625 -691.825635505445 -148.286902386209 -1604.17517459754
-1 1510327060.944145 -689.037993459991 -164.652816109035 -1597.7568655303
-1 1510327060.977743 -688.103831898082 -165.601249363111 -1578.14756451231
-1 1510327061.011003 -690.288243149266 -144.600378948709 -1559.53665068655
-1 1510327061.044564 -687.767167524858 -132.203077233356 -1546.76587653883
-1 1510327061.078153 -697.626009854403 -122.871000870414 -1549.6659712358
-1 1510327061.111440 -706.724363384825 -116.569519042969 -1553.48677201705
-1 1510327061.144927 -708.871644915956 -68.4326835300611 -1566.7891068892
-1 1510327061.178257 -749.464046593868 -18.6473017153533 -1583.09437144886
-1 1510327061.211853 -737.740210330848 -16.3180143936821 -1571.2372750947
-1 1510327061.245038 -760.807152950402 -31.9511081861413 -1583.54344223485
-1 1510327061.278790 -765.142221161813 -32.8004919964334 -1571.23912464489
-1 1510327061.312617 -800.248348351681 -6.84456203294837 -1596.44849372633
-1 1510327061.346162 -799.500482732599 -21.2682309358016 -1582.84209280303
-1 1510327061.379182 -805.329016483191 -23.4341828719429 -1576.57433712121
-1 1510327061.413167 -802.253260756984 -48.5424539317255 -1566.25162760417
-1 1510327061.446816 -804.391340775923 -73.7536223038383 -1546.28203420928
-1 1510327061.480234 -800.815512917259 -90.7347305961277 -1529.69859730114
-1 1510327061.513414 -801.720913973722 -80.1656971807065 -1521.59053918087
-1 1510327061.547890 -815.146752559777 -68.3266017747962 -1534.01988636364
-1 1510327061.581376 -822.396110765862 -16.3248476774796 -1539.49233546402
-1 1510327061.614490 -821.118580211293 -4.7515869140625 -1495.05356297348
-1 1510327061.648068 -826.047400272254 -31.7664104959239 -1491.6289358428
-1 1510327061.681811 -831.30585641572 -32.0288616677989 -1498.74489524148
-1 1510327061.714959 -866.089144620028 10.6080428413723 -1527.49134410511
-1 1510327061.749293 -868.360530968868 -12.4710746433424 -1522.48683120265
-1 1510327061.782784 -885.399327133641 -28.8060727326766 -1529.15741891572
-1 1510327061.816397 -851.654191450639 14.5467343537704 -1466.19355172822
-1 1510327061.850981 -859.731731992779 -17.8892716117527 -1477.02673709754
-1 1510327061.883475 -868.062845865885 -33.3370706309443 -1483.10657848011
-1 1510327061.916672 -859.286683978456 -57.8137605086617 -1461.55635949337
-1 1510327061.950466 -869.987765225497 -65.9334929093071 -1466.88824277936
-1 1510327061.984338 -866.055297851562 -67.9562775985054 -1447.03036221591
-1 1510327062.017704 -863.757694128788 -66.1322552224864 -1443.99303089489
-1 1510327062.051210 -865.570854418205 -77.3361869480299 -1443.79845821496
-1 1510327062.084410 -861.87480579723 -81.2870191491168 -1431.34580669981
-1 1510327062.118634 -884.473488547585 -77.5467582370924 -1431.3798384233
-1 1510327062.151921 -890.845928770123 -91.7371003524117 -1429.92683179451
-1 1510327062.185588 -899.705597848603 -83.2213692043139 -1431.9014115767
-1 1510327062.219063 -898.401156338778 -81.1756963315217 -1419.68772194602
-1 1510327062.252633 -901.33935176965 -86.9970570439878 -1421.71889796402
-1 1510327062.286895 -900.769551595052 -116.935530952785 -1419.73470052083
-1 1510327062.320380 -902.857185132576 -103.414386251698 -1416.84385357481
-1 1510327062.353598 -894.731371330492 -86.8120939835258 -1406.21448863636
-1 1510327062.387618 -923.846158114347 -60.4336945906929 -1420.44196851326
-1 1510327062.420747 -920.730637059067 -66.4507658585258 -1430.44544566761
-1 1510327062.454346 -914.516657049006 -67.2955720320992 -1425.06399443655
-1 1510327062.487996 -914.161173502604 -49.6884553328804 -1433.34147135417
-1 1510327062.521251 -909.922050707268 -47.1530416737432 -1443.85801373106
-1 1510327062.555025 -913.209718646425 -40.3725665548573 -1471.59127900095
-1 1510327062.588522 -908.971335671165 -30.6259818699049 -1468.25801964962
-1 1510327062.621904 -914.589436848958 -26.2751040251359 -1472.48276219223
-1 1510327062.655342 -911.108028527462 -32.025146484375 -1470.84702000473
-1 1510327062.689294 -897.761027018229 -25.3839244013247 -1489.09875118371
-1 1510327062.721963 -895.241061123935 -37.7209870711617 -1480.66480232008
-1 1510327062.755416 -887.556133848248 -39.6398793096128 -1465.99084102746
-1 1510327062.788904 -891.677763967803 -48.8940695057745 -1460.23984966856
-1 1510327062.822352 -899.704673073509 -43.6976557192595 -1474.42885890152
-1 1510327062.856002 -899.040545839252 -60.2704918902853 -1476.29431522254
-1 1510327062.890016 -897.608485366359 -64.7020422894022 -1462.39679509943
-1 1510327062.922683 -898.173569187973 -66.4113583772079 -1452.39997632576
-1 1510327062.956558 -911.200182365649 -84.1451893682065 -1454.30871212121
-1 1510327062.990108 -914.11396373402 -103.291718856148 -1451.63500236742
-1 1510327063.023400 -897.13046911991 -130.152229640795 -1448.80297111742
-1 1510327063.056185 -897.343583540483 -145.878800101902 -1441.43288352273
-1 1510327063.089816 -883.80820534446 -181.019658627717 -1418.89500473485
-1 1510327063.123292 -860.591726592093 -203.457707944124 -1379.70858487216
-1 1510327063.157527 -864.601736357718 -207.754118546196 -1382.76885061553
-1 1510327063.190411 -863.812394575639 -218.918244735054 -1385.63454367898
-1 1510327063.223331 -869.019294507576 -233.291825004246 -1380.15247691761
-1 1510327063.257225 -864.432872425426 -249.541639245075 -1373.75007398201
-1 1510327063.291110 -860.255755800189 -265.708458941916 -1364.05658143939
-1 1510327063.323746 -867.478203051018 -275.693876846977 -1375.85634173769
-1 1510327063.357206 -852.109689423532 -292.652627696162 -1380.89266690341
-1 1510327063.390535 -832.407818418561 -330.738697881284 -1367.93212890625
-1 1510327063.424279 -815.672995827415 -332.880169412364 -1350.66139914773
-1 1510327063.457344 -805.983664772727 -369.904625934103 -1343.12115293561
-1 1510327063.490886 -788.232190681226 -398.019210152004 -1349.60049715909
-1 1510327063.524199 -766.012064615885 -426.804849375849 -1334.22481652462
-1 1510327063.557636 -753.768643465909 -471.40761665676 -1316.34003610322
-1 1510327063.590909 -751.933658484257 -560.505808954654 -1330.63594933712
-1 1510327063.624879 -730.149147727273 -586.159681237262 -1318.28798236269
-1 1510327063.658413 -705.905752470999 -589.826235563859 -1301.19776870265
-1 1510327063.691729 -650.894488710346 -602.237734587296 -1277.70404237689
-1 1510327063.725264 -632.039804169626 -611.749267578125 -1267.75235262784
-1 1510327063.758698 -598.273028749408 -633.475925611413 -1255.66369258996
-1 1510327063.796170 -577.649203213778 -655.360943338145 -1268.84210759943
-1 1510327063.826094 -530.267426461884 -666.922527810802 -1258.75799005682
-1 1510327063.860016 -507.019181685014 -734.946939219599 -1256.11165364583
-1 1510327063.893279 -492.607116699219 -732.014664359715 -1262.32651219223
-1 1510327063.929673 -457.411563757694 -763.655687415082 -1239.26521070076
-1 1510327063.961179 -431.21513597893 -799.106365701427 -1220.54998224432
-1 1510327063.994155 -401.188243519176 -818.080072817595 -1212.18816583807
-1 1510327064.029682 -383.98603959517 -838.330741550611 -1189.59443063447
-1 1510327064.061975 -365.487485943419 -864.041071352751 -1170.5673680161
-1 1510327064.095520 -334.683227539062 -929.267750615659 -1127.76248816288
-1 1510327064.128769 -306.854479240649 -992.295572032099 -1104.21105587121
-1 1510327064.163790 -270.467954693419 -1050.3962641177 -1068.79623875473
-1 1510327064.201690 -258.924773245147 -1081.45659073539 -1043.60203598485
-1 1510327064.229589 -243.651788884943 -1107.28209122368 -1022.3114938447
-1 1510327064.263419 -222.931370590672 -1171.28932787024 -1005.22978811553
-1 1510327064.296597 -212.925211588542 -1206.21948242188 -1001.76336115057
-1 1510327064.330798 -205.415482954545 -1195.98050324813 -1007.87279533617
-1 1510327064.364254 -187.881007339015 -1254.31637971298 -993.712269176136
-1 1510327064.397721 -144.558762059067 -1262.79555610988 -957.208066998106
-1 1510327064.431000 -88.2851802941525 -1313.66975203804 -930.609315814394
-1 1510327064.464663 -43.7784830729167 -1333.89819601308 -891.416607481061
-1 1510327064.498461 19.6469856031013 -1358.46431566321 -846.835419625947
-1 1510327064.531523 106.706422747988 -1395.97824760105 -790.240293560606
-1 1510327064.565151 182.890366062973 -1440.22170357082 -750.074721827652
-1 1510327064.598654 227.220477479877 -1462.71793531335 -724.261659564394
-1 1510327064.632763 293.362704190341 -1494.01928445567 -688.452888257576
-1 1510327064.666515 322.768933845289 -1519.570856509 -686.020359848485
-1 1510327064.700040 369.43525834517 -1502.74253513502 -667.415364583333
-1 1510327064.732980 411.993685635653 -1513.86592699134 -658.920380563447
-1 1510327064.767158 435.118704131155 -1594.86813752548 -680.73027639678
-1 1510327064.800558 532.405136570786 -1575.36355723505 -553.004039417614
-1 1510327064.834298 570.260990027225 -1601.62559177565 -513.70849609375
-1 1510327064.867646 587.542354699337 -1617.42832349694 -461.810857599432
-1 1510327064.900858 601.784538500237 -1641.45660400391 -440.344978101326
-1 1510327064.934695 612.11464621804 -1674.65422257133 -392.225970643939
-1 1510327064.968503 628.006998697917 -1659.91144594939 -379.902787642045
-1 1510327065.001650 619.108442826705 -1636.29316247028 -373.323197798295
-1 1510327065.035476 623.72695460464 -1630.73485001274 -379.131525213068
-1 1510327065.068689 649.976510712595 -1643.6928127123 -394.376997514205
-1 1510327065.102388 714.684873638731 -1576.14533797554 -346.664891098485
-1 1510327065.135986 728.837539210464 -1561.2156080163 -305.070726799242
-1 1510327065.169223 814.891930782434 -1428.97551163383 -158.954042376894
-1 1510327065.202506 856.960967092803 -1314.84467879586 -97.4391128077651
-1 1510327065.235814 809.132246537642 -1531.77682627802 -200.683223839962
-1 1510327065.269280 884.45166385535 -1488.79328188689 -225.378048058712
-1 1510327065.302858 928.398271040483 -1403.05965257728 -197.157981178977
-1 1510327065.338896 976.432384144176 -1340.88041886039 -212.844386245265
-1 1510327065.369532 1022.65541770241 -1316.26235298488 -226.604669744318
-1 1510327065.403116 1058.15716367779 -1147.55580736243 -194.644072561553
-1 1510327065.436547 1067.86785703717 -1330.07892111073 -310.432202888258
-1 1510327065.469936 137.561959931345 522.877369756284 -1236.98286576705
-1 1510327065.503268 112.312455610795 490.077541185462 -1178.50156841856
-1 1510327065.536913 225.568181818182 523.850747813349 -1275.52564216383
-1 1510327065.570385 138.029433741714 853.892981487772 -1300.81824100379
-1 1510327065.603633 7.25430575284091 863.199515964674 -1299.72922585227
-1 1510327065.636925 55.3316983309659 963.625103494395 -1300.65326112689
-1 1510327065.670421 63.2387103456439 1039.29556141729 -1215.23770419034
-1 1510327065.703511 452.355217211174 755.933545983356 -911.595569957386
-1 1510327065.737237 388.638028231534 730.738631538723 -882.768480705492
-1 1510327065.770422 139.885179924242 820.986938476562 -1243.65789240057
-1 1510327065.804380 81.4490116003788 979.294818380605 -1191.26790364583
-1 1510327065.837449 89.9804317589962 887.550752059273 -1230.65814393939
-1 1510327065.871008 61.0355261600379 756.51682978091 -691.908957741477
-1 1510327065.904274 28.0203154592803 703.341276749321 -704.697857481061
-1 1510327065.937981 31.5026485558712 690.37269923998 -730.936316287879
-1 1510327065.971184 -118.29131155303 581.39940344769 -673.001745975379
-1 1510327066.004466 -377.49374852036 -830.216780952785 -417.81005859375
-1 1510327066.037157 -554.782844312263 -656.754070779552 -12.8425366950758
-1 1510327066.070881 -608.691961115057 -639.052150560462 80.3115382339015
-1 1510327066.104573 -387.487053148674 -534.935329271399 -345.995353929924
-1 1510327066.137778 -313.224283854167 -586.797299592391 -429.9072265625
-1 1510327066.171880 -268.384158972538 -382.989634638247 -540.880607836174
-1 1510327066.204714 -277.702007871686 -442.601610266644 -548.336514559659
-1 1510327066.238820 -280.21240234375 -423.445726477582 -533.718779592803
-1 1510327066.272747 -303.661554509943 -477.753614342731 -604.268761837121
-1 1510327066.305895 -334.779126716383 -533.733069378397 -607.336795691288
-1 1510327066.338461 -524.589769767992 -565.807043987772 -655.428059895833
-1 1510327066.372052 -442.622329249527 -548.556385869565 -653.684303977273
-1 1510327066.406006 -423.817767518939 -566.716733186141 -643.471827651515
-1 1510327066.439775 -421.143687855114 -581.417713994565 -620.35429983428
-1 1510327066.472988 -424.773060191761 -688.57713782269 -576.794063683712
-1 1510327066.507647 -430.239035866477 -640.771219004755 -538.611209753788
-1 1510327066.540513 -460.702792080966 -690.738047724185 -520.56884765625
-1 1510327066.573647 -442.662834398674 -615.30589228091 -506.748638731061
-1 1510327066.606544 -442.474920099432 -522.037141219429 -475.726873224432
-1 1510327066.640412 -450.098950935133 -566.075465990149 -443.343838778409
-1 1510327066.674275 -441.515188506155 -622.413170855978 -431.089828953598
-1 1510327066.707402 -390.099727746212 -746.499368418818 -557.479950875947
-1 1510327066.741009 -377.805582682292 -727.987538213315 -565.927216500947
-1 1510327066.774507 -413.034704959754 -711.120207413383 -560.596812855114
-1 1510327066.808182 -410.68633108428 -741.59983759341 -583.267489346591
-1 1510327066.841886 -347.034431226326 -1095.34965183424 -512.649073745265
-1 1510327066.875173 -335.488799124053 -1012.42689049762 -467.581454190341
-1 1510327066.908433 -335.488799124053 -1012.42689049762 -467.581454190341
-1 1510327066.942379 -434.536095821496 -750.756039826766 -505.636689157197
-1 1510327066.975995 -595.698131214489 -693.866497537364 -549.852035984848
-1 1510327067.010104 -539.349920099432 -829.560387652853 -488.015284682765
-1 1510327067.043023 -541.347989169034 -875.660639223845 -462.14081735322
-1 1510327067.076800 -545.62636866714 -905.530846637228 -439.690977154356
-1 1510327067.110398 -543.060302734375 -908.416349991508 -433.29560250947
-1 1510327067.143795 -546.147941820549 -908.270263671875 -420.843320904356
-1 1510327067.177561 -551.688454367898 -909.197334621264 -407.558741714015
-1 1510327067.210838 -563.458806818182 -869.263358738111 -405.295632102273
-1 1510327067.244576 -601.461144649621 -742.292188561481 -436.341071851326
-1 1510327067.277774 -601.461144649621 -742.292188561481 -436.341071851326
-1 1510327067.311496 -659.507427793561 -609.219094981318 -397.698789654356
-1 1510327067.345186 -667.407411517519 -620.412677267323 -403.438683712121
-1 1510327067.378416 -668.770530007102 -637.946352751359 -404.553962476326
-1 1510327067.411639 -669.952577533144 -656.332928201427 -399.45586233428
-1 1510327067.445537 -663.881244081439 -675.437197477921 -385.647120620265
-1 1510327067.480869 -681.14882960464 -677.742601477582 -386.486446496212
-1 1510327067.512598 -681.14882960464 -677.742601477582 -386.486446496212
-1 1510327067.546339 -658.403801195549 -803.854900857677 -575.499008641098
-1 1510327067.579963 -631.687233664773 -839.031982421875 -594.976991595644
-1 1510327067.613495 -642.12128610322 -819.706261676291 -480.709931344697
-1 1510327067.647211 -622.568396366004 -835.544486667799 -469.968853574811
-1 1510327067.680705 -419.803503787879 -946.969604492188 -587.571392637311
-1 1510327067.714092 -414.93271336411 -878.430308466372 -561.252663352273
-1 1510327067.747732 -405.807957504735 -834.675929857337 -574.991861979167
-1 1510327067.781255 -492.207660097064 -1162.00004245924 -494.894501657197
-1 1510327067.814990 -465.972900390625 -1135.72666334069 -505.367394649621
-1 1510327067.848501 -443.268377130682 -1112.81353494395 -512.04131155303
-1 1510327067.881515 -443.268377130682 -1112.81353494395 -512.04131155303
-1 1510327067.915516 -281.392600319602 -1095.92378035836 -517.129424124053
-1 1510327067.949093 -310.292746803977 -1114.71172830333 -513.526870265152
-1 1510327067.982635 -323.328191583807 -1136.65890900985 -517.153098366477
-1 1510327068.016204 -411.329049775095 -1241.41474184783 -487.510357481061
-1 1510327068.050216 -415.768710049716 -1212.55320673404 -487.191864938447
-1 1510327068.082577 -415.768710049716 -1212.55320673404 -487.191864938447
-1 1510327068.116739 -444.706772312973 -525.52198327106 -483.829382694129
-1 1510327068.149891 -444.706772312973 -525.52198327106 -483.829382694129
-1 1510327068.183527 -290.123586943655 -1343.39752197266 -517.302172111742
-1 1510327068.216552 -290.123586943655 -1343.39752197266 -517.302172111742
-1 1510327068.251113 -290.123586943655 -1343.39752197266 -517.302172111742
-1 1510327068.283789 -290.123586943655 -1343.39752197266 -517.302172111742
-1 1510327068.317538 -290.123586943655 -1343.39752197266 -517.302172111742
-1 1510327068.350954 -290.123586943655 -1343.39752197266 -517.302172111742
-1 1510327068.384195 -489.41816850142 -841.750700577446 -413.530199455492
-1 1510327068.417754 -436.113762133049 -1013.37253736413 -387.92206735322
-1 1510327068.450793 -436.113762133049 -1013.37253736413 -387.92206735322
-1 1510327068.484747 -494.921135179924 -1147.84386676291 -560.695208925189
-1 1510327068.518329 -480.135276100852 -1159.77133046026 -551.701586174242
-1 1510327068.551553 -468.379350142045 -1178.71836786685 -537.524044152462
-1 1510327068.585303 -341.374067826705 -1226.58850628397 -576.545854048295
-1 1510327068.618515 -305.474113695549 -1124.98182213825 -613.144013375947
-1 1510327068.652065 -379.059392755682 -903.061709196671 -652.243874289773
-1 1510327068.685555 -380.380896366004 -912.679124915082 -669.699189157197
-1 1510327068.719018 -357.909416429924 -946.106753141984 -642.545203006629
-1 1510327068.752193 -329.391941879735 -957.514489215353 -668.776633522727
-1 1510327068.785851 -311.407100793087 -959.85744310462 -659.256998697917
-1 1510327068.819308 -327.91396632339 -946.200296153193 -635.296445904356
-1 1510327068.852921 -319.207023851799 -962.559973675272 -633.539003314394
-1 1510327068.886137 -315.26748194839 -981.520943019701 -625.506776751894
-1 1510327068.919616 -312.905421401515 -940.004962423573 -647.440222537879
-1 1510327068.953253 -492.300137606534 -839.029328719429 -620.477109966856
-1 1510327068.986651 -511.985455137311 -811.522243333899 -597.549715909091
-1 1510327069.020225 -497.986209753788 -817.999400263247 -581.310295336174
-1 1510327069.053658 -447.09306196733 -931.582110861073 -517.151618726326
-1 1510327069.087162 -441.183564157197 -924.846085258152 -542.152728456439
-1 1510327069.120090 -441.183564157197 -924.846085258152 -542.152728456439
-1 1510327069.153788 -516.353167909564 -588.480941109035 -378.869258996212
-1 1510327069.187505 -536.026278409091 -631.087195354959 -362.087550307765
-1 1510327069.221204 -530.737859552557 -634.406711744226 -362.460419625947
-1 1510327069.254477 -526.640181107955 -673.812335470448 -354.70488577178
-1 1510327069.287274 -526.640181107955 -673.812335470448 -354.70488577178
-1 1510327069.321025 -422.973077947443 -809.862087083899 -684.700150923295
