-1 1510331484.800258 288.70331735322 1072.34334531038 -806.613251657197
-1 1510331484.834057 211.365485913826 1135.73435907779 -1347.9384913589
-1 1510331484.867913 218.766830906723 712.983172872792 -975.088408499053
-1 1510331484.900513 181.887909860322 723.362400220788 -971.211751302083
-1 1510331484.934286 168.159623579545 1115.83407858144 -1292.58293383049
-1 1510331484.967371 173.875843394886 970.184293000594 -1305.14766808712
-1 1510331485.000825 163.301225142045 899.765512217646 -1242.78379498106
-1 1510331485.034478 162.831439393939 955.750175144361 -1266.6914506392
-1 1510331485.067821 120.328591086648 752.714273203974 -764.244865648674
-1 1510331485.101363 138.591974431818 415.390479046365 -1091.06852213542
-1 1510331485.134771 206.928599964489 739.934042225713 -589.818966027462
-1 1510331485.168412 184.192449396307 769.239807128906 -660.983738754735
-1 1510331485.202459 166.578628077652 761.032867431641 -730.801299124053
-1 1510331485.235804 -41.4425011837121 1246.25376825747 -1242.96838008996
-1 1510331485.268845 2.13308623342803 559.352974269701 -1274.58237156723
-1 1510331485.303053 -94.302460641572 930.291416334069 -1037.42601799242
-1 1510331485.336563 -110.60273141572 1031.59803307575 -1051.95793383049
-1 1510331485.369775 -113.653564453125 1048.07905114215 -1032.90534741951
-1 1510331485.403726 -85.2773955374053 1134.08534837806 -1032.80991062973
-1 1510331485.437287 -93.6549331202651 1226.25885009766 -1030.4443359375
-1 1510331485.471050 -53.1107584635417 883.88088060462 -1027.62414180871
-1 1510331485.504395 -88.0580092921401 760.129381262738 -989.231918797348
-1 1510331485.538306 -78.1640255089962 736.072639797045 -941.60859079072
-1 1510331485.572363 -86.6671475497159 724.453536323879 -882.668974905303
-1 1510331485.605091 267.94082179214 791.186191724694 -440.759647253788
-1 1510331485.639718 385.149591619318 -1260.70775571077 -531.483783143939
-1 1510331485.672948 418.463412198153 -1292.49280846637 -444.512384588068
-1 1510331485.706823 357.092100201231 -1419.53469981318 -438.755844578598
-1 1510331485.740022 314.867979107481 -1424.81437351393 -414.485307173295
-1 1510331485.773904 270.187285452178 -1449.27421238111 -391.642622514205
-1 1510331485.807866 275.789110588305 -1481.82625148607 -350.003329190341
-1 1510331485.840928 245.05615234375 -1477.15971573539 -344.846783262311
-1 1510331485.874838 225.564297762784 -1511.30085820737 -359.011378432765
-1 1510331485.908264 184.710323449337 -1577.33446204144 -347.876346472538
-1 1510331485.941266 223.342340642756 -1529.37356700068 -352.49726266572
-1 1510331485.975275 248.844216086648 -1383.20133375085 -316.752485795455
-1 1510331486.009872 278.019390684186 -1337.41362198539 -291.184303977273
-1 1510331486.042459 294.635472153172 -1344.25115170686 -309.56513375947
-1 1510331486.076759 303.884147875237 -1297.24061385445 -269.758374763258
-1 1510331486.109707 271.756536310369 -1346.33729354195 -304.738177675189
-1 1510331486.143169 237.570560339725 -1420.22937277089 -348.342063210227
-1 1510331486.176794 236.215302438447 -1467.49035379161 -339.344371448864
-1 1510331486.210499 263.389078776042 -1406.26937202785 -279.889470880682
-1 1510331486.243659 274.920746774384 -1304.74495265795 -248.231830018939
-1 1510331486.278601 303.545680190578 -1243.95937712296 -226.461144649621
-1 1510331486.311361 328.432672674006 -1183.21274467137 -222.838985558712
-1 1510331486.344201 316.970177852746 -1189.05354375425 -235.628995028409
-1 1510331486.378224 303.843180338542 -1223.91390593156 -243.761467211174
-1 1510331486.410822 285.885620117188 -1344.35889202615 -315.12969045928
-1 1510331486.444293 331.112578420928 -1318.81667427395 -254.932380445076
-1 1510331486.477684 352.122728752367 -1367.27819028108 -269.886363636364
-1 1510331486.511478 334.590934984612 -1441.37785538383 -321.193255800189
-1 1510331486.546585 333.72802734375 -1467.24024233611 -329.221413352273
-1 1510331486.578115 336.484134558475 -1450.1837025518 -348.009144176136
-1 1510331486.611695 331.456502278646 -1450.78589397928 -368.824351917614
-1 1510331486.645121 336.284753048059 -1425.27081033458 -373.8037109375
-1 1510331486.678309 344.273052793561 -1455.03546673319 -391.518702651515
-1 1510331486.712102 327.224546490294 -1518.37927776834 -433.510150331439
-1 1510331486.745755 361.768132990057 -1527.78008502463 -422.905939275568
-1 1510331486.778756 337.30293042732 -1605.27529509171 -493.882797703598
-1 1510331486.812095 328.706591057055 -1745.42853313944 -531.981682054924
-1 1510331486.845533 358.054698597301 -1758.16006867782 -590.353855942235
-1 1510331486.878841 366.416884913589 -1752.03101116678 -610.977080374053
-1 1510331486.912707 354.79218454072 -1699.25762674083 -633.722108783144
-1 1510331486.945605 370.200232303504 -1748.59864608101 -674.681877367424
-1 1510331486.979582 353.709735292377 -1702.24649180537 -723.225171638258
-1 1510331487.012815 375.99579782197 -1679.54181173573 -760.751065340909
-1 1510331487.046295 363.474250562263 -1639.1681836999 -814.460523200758
-1 1510331487.079583 374.820131244081 -1602.7447907821 -851.999363754735
-1 1510331487.112990 375.73584354285 -1556.08600118886 -884.252189867424
-1 1510331487.146520 374.852035984848 -1516.3365903108 -947.518273555871
-1 1510331487.179623 382.179676402699 -1503.09089992357 -980.972567471591
-1 1510331487.213554 372.515776663116 -1464.77243174677 -1045.5107717803
-1 1510331487.247259 374.555738044508 -1430.05769149117 -1082.14000355114
-1 1510331487.280259 370.027484315814 -1375.99255105724 -1106.28921046402
-1 1510331487.313469 373.18993770715 -1285.69402280061 -1129.89723899148
-1 1510331487.347285 380.835515802557 -1275.25800622028 -1139.21083392519
-1 1510331487.380327 377.213634144176 -1228.27493418818 -1203.41057054924
-1 1510331487.413820 369.036680279356 -1161.76591956097 -1224.61603338068
-1 1510331487.447686 354.911942915483 -1104.78727921196 -1244.0400094697
-1 1510331487.481371 347.878288500237 -1063.29916249151 -1278.94546046402
-1 1510331487.514794 325.769505356297 -1001.68072244395 -1259.72530480587
-1 1510331487.549377 327.14677290483 -1006.25291907269 -1329.8310250947
-1 1510331487.581905 318.847933682528 -1005.38071342137 -1315.31945430871
-1 1510331487.615346 327.356141986269 -884.862418796705 -1306.29771839489
-1 1510331487.649247 316.640495531487 -916.542517620584 -1376.80072206439
-1 1510331487.683091 321.755519057765 -879.702559761379 -1382.51916133996
-1 1510331487.716208 309.044207948627 -845.246290123981 -1402.70811138731
-1 1510331487.750209 293.836466471354 -803.282629925272 -1422.31963186553
-1 1510331487.783791 288.564416133996 -791.49985935377 -1427.43178858902
-1 1510331487.817807 290.328887014678 -743.811234183933 -1504.13411458333
-1 1510331487.851586 300.601473721591 -724.417777683424 -1455.27084812973
-1 1510331487.884663 315.602065577652 -684.184530506963 -1516.72326290246
-1 1510331487.918086 278.167817086884 -686.182171365489 -1583.75872987689
-1 1510331487.951813 291.631525213068 -677.541583517323 -1648.38534268466
-1 1510331487.985335 288.612134528883 -674.64891516644 -1682.60387073864
-1 1510331488.018782 298.361945874763 -610.373986285666 -1707.15406013258
-1 1510331488.052768 312.767814867424 -563.696687117867 -1701.16373697917
-1 1510331488.086187 305.419921875 -577.653039020041 -1735.38855350379
-1 1510331488.119693 300.338652639678 -552.1368275518 -1763.09444543087
-1 1510331488.154064 307.196692264441 -536.734075131624 -1782.99153645833
-1 1510331488.187028 297.335815429688 -511.544534434443 -1811.98323567708
-1 1510331488.221084 310.982259114583 -504.546323029891 -1830.99032315341
-1 1510331488.254942 307.326253255208 -473.450105086617 -1839.5781545928
-1 1510331488.288205 309.163688890862 -447.553485372792 -1870.5107717803
-1 1510331488.321826 313.078261866714 -415.970246688179 -1907.40781841856
-1 1510331488.355495 313.306958747633 -400.668268618376 -1907.58426550663
-1 1510331488.389173 324.742450136127 -383.044698963995 -1929.01500355114
-1 1510331488.424676 283.375040690104 -364.773161514946 -1965.22290778883
-1 1510331488.456974 312.71454782197 -337.302630880605 -1977.16434363163
-1 1510331488.489588 312.819509795218 -299.319258980129 -1974.64414654356
-1 1510331488.524724 325.208536783854 -299.645664380944 -1975.03588127367
-1 1510331488.556695 341.605723987926 -309.51796821926 -1971.78881096117
-1 1510331488.590336 321.166899709991 -296.731235670007 -1972.8545217803
-1 1510331488.623818 300.263838334517 -269.926917034647 -1982.32051964962
-1 1510331488.657348 293.755548650568 -289.606840714164 -1958.68992660985
-1 1510331488.690545 300.217877012311 -309.511798361073 -1964.1083688447
-1 1510331488.724177 298.701523289536 -283.632029657779 -1949.52725497159
-1 1510331488.757642 303.70400168679 -354.772617505944 -1938.80134351326
-1 1510331488.792576 304.951985677083 -354.606960130774 -1975.02552379261
-1 1510331488.824158 293.768587979403 -362.097366996433 -1988.03599964489
-1 1510331488.857704 290.547781279593 -392.529296875 -1965.7119288589
-1 1510331488.891413 291.137140447443 -377.001289699389 -1970.87846235795
-1 1510331488.924289 275.295003255208 -377.368097719939 -1991.61007043087
-1 1510331488.957900 264.066661487926 -378.209653108016 -1996.13665956439
-1 1510331488.991356 243.691461736506 -369.563293457031 -1988.48359079072
-1 1510331489.024858 227.642822265625 -375.530342433764 -1978.96802497633
-1 1510331489.058336 207.935032700047 -385.027744459069 -1990.4052734375
-1 1510331489.091827 196.35536887429 -376.134059740149 -2018.2968602036
-1 1510331489.125143 173.558183149858 -352.454011336617 -2003.80785392992
-1 1510331489.158378 184.979617956913 -371.051688816236 -2007.82063802083
-1 1510331489.192149 159.069176876184 -325.095732315727 -2009.42974668561
-1 1510331489.225579 143.264862985322 -330.56700333305 -2001.01614287405
-1 1510331489.258613 141.617931019176 -273.365385636039 -2020.36058830492
-1 1510331489.292242 117.19970703125 -328.893843941067 -2042.42202296402
-1 1510331489.325636 112.920495235559 -364.693683126698 -2055.62448212595
-1 1510331489.359040 116.935313831676 -378.994750976562 -2032.99190636837
-1 1510331489.392629 117.552416252367 -378.938293457031 -2034.4208688447
-1 1510331489.425618 84.4020034327651 -374.806014351223 -2020.1981977983
-1 1510331489.459445 99.8011733546401 -377.822544263757 -2035.9541459517
-1 1510331489.492694 84.1609145655776 -385.982413913893 -2006.21337890625
-1 1510331489.526417 60.4949951171875 -382.125788149626 -1918.39377663352
-1 1510331489.560035 32.8779740767045 -398.758996051291 -1967.43422999527
-1 1510331489.593080 31.6965738932292 -461.193084716797 -1990.07457386364
-1 1510331489.626282 42.6229765920928 -446.333445673404 -2003.3613725142
-1 1510331489.660067 29.8179857658617 -424.734231700068 -1979.74594578598
-1 1510331489.693198 79.9952651515151 -314.486594822096 -1939.55300071023
-1 1510331489.726981 76.5972715435606 -359.743201214334 -1943.39969519413
-1 1510331489.760712 9.88658558238636 -487.706657077955 -1971.84392755682
-1 1510331489.793992 -24.3470163056345 -483.251488727072 -1993.54174064867
-1 1510331489.827708 -36.628769383286 -470.175436268682 -1990.79552852746
-1 1510331489.860873 -35.5600068063447 -438.073000700577 -1936.4882960464
-1 1510331489.894561 -55.0612940932765 -468.371747887653 -1924.55240885417
-1 1510331489.927748 -77.3228500828598 -486.119311788808 -1923.14342151989
-1 1510331489.961643 -96.7386881510417 -477.011771824049 -1910.84687204072
-1 1510331489.994933 -103.53661739465 -467.813806948454 -1901.31798946496
-1 1510331490.029422 -15.2869947028883 -380.166924518088 -1802.73326526989
-1 1510331490.062172 -158.243445194129 -424.288310175357 -2008.65441524621
-1 1510331490.096070 -114.582593513258 -446.506035846213 -2004.67011422822
-1 1510331490.129215 -119.477797999527 -450.746187956437 -2017.00143525095
-1 1510331490.162915 -114.139533765388 -444.815793244735 -1954.46851325758
-1 1510331490.196423 -114.902750651042 -444.416809082031 -1891.52499112216
-1 1510331490.229731 -114.946492513021 -439.229948624321 -1946.78733132102
-1 1510331490.263566 -189.091537937973 -316.161578634511 -1948.33540482955
-1 1510331490.297427 -186.771554657907 -293.313565461532 -1907.29869495739
-1 1510331490.330729 -173.576401219223 -352.272730288298 -1959.44676254735
-1 1510331490.363847 -207.847132827296 -386.388861614725 -1985.30347419508
-1 1510331490.398023 -211.368953820431 -348.106715990149 -1944.70029888731
-1 1510331490.431387 -203.440070874763 -322.231591266135 -1893.08490175189
-1 1510331490.464782 -234.689700964725 -330.492102581522 -1915.24621212121
-1 1510331490.498420 -224.158362186316 -310.088514245075 -1890.78147194602
-1 1510331490.532171 -252.889783454664 -367.884329090948 -1891.23091264205
-1 1510331490.565541 -276.047076600971 -392.873316225798 -1887.07756273674
-1 1510331490.599532 -306.431903261127 -394.872781504755 -1945.22446141098
-1 1510331490.632866 -295.764113917495 -370.427405315897 -1916.01044625947
-1 1510331490.666127 -301.56162146366 -381.293421206267 -1878.73387192235
-1 1510331490.699790 -310.120137532552 -369.334909190302 -1883.99584221117
-1 1510331490.733535 -314.228173458215 -385.159069558849 -1878.68245442708
-1 1510331490.766600 -325.591902299361 -364.808090873387 -1852.03524502841
-1 1510331490.800844 -341.444489450166 -351.435984735904 -1858.59522964015
-1 1510331490.834369 -339.502970377604 -354.309878141984 -1837.02096650095
-1 1510331490.867430 -364.192939527107 -361.754375955333 -1824.97410629735
-1 1510331490.901380 -370.229501435251 -381.130185334579 -1814.88037109375
-1 1510331490.934884 -381.050757205848 -378.367017663043 -1777.81797466856
-1 1510331490.968222 -395.632888331558 -364.673846700917 -1787.4237985322
-1 1510331491.001853 -407.366943359375 -303.319450046705 -1749.02713660038
-1 1510331491.035607 -416.246217669863 -332.040073560632 -1745.10904947917
-1 1510331491.069022 -430.106885505445 -340.960726530656 -1731.72496448864
-1 1510331491.102416 -445.421947132457 -349.039591913638 -1728.66099964489
-1 1510331491.136122 -447.550317012902 -327.791263746179 -1719.20683889678
-1 1510331491.169274 -460.90878573331 -302.749932330588 -1729.50180516098
-1 1510331491.203117 -453.587248831084 -352.106774371603 -1709.02913411458
-1 1510331491.236748 -454.788300485322 -355.66754548446 -1713.91046697443
-1 1510331491.270181 -464.25429835464 -319.690704345703 -1710.25279651989
-1 1510331491.303979 -442.064319957386 -291.928896696671 -1683.6592240767
-1 1510331491.337626 -480.293782552083 -232.048830778702 -1653.95544803504
-1 1510331491.370420 -401.181770093513 -125.073772927989 -1392.33620383523
-1 1510331491.404906 -431.676598751184 -118.331842837126 -1405.19908558239
-1 1510331491.438166 -433.095434940223 -120.632702371349 -1386.30630030777
-1 1510331491.471699 -449.682755903764 -123.010685132897 -1380.75025153883
-1 1510331491.505544 -470.431241122159 -96.9546774159307 -1379.40710819129
-1 1510331491.539023 -486.320356889205 -83.4176105001698 -1391.99181758996
-1 1510331491.575565 -498.721868341619 -62.5865106997283 -1372.69361091383
-1 1510331491.606502 -512.832549124053 -56.0323963994565 -1367.12424538352
-1 1510331491.639945 -520.935104832505 -57.4449622112772 -1402.17618075284
-1 1510331491.673660 -537.807210286458 -68.8170723293139 -1416.19836055871
-1 1510331491.707289 -556.804726340554 -90.2943155039912 -1427.31822620739
-1 1510331491.740662 -579.482847271544 -106.370411748471 -1466.45692767519
-1 1510331491.774056 -581.387883966619 -119.080584982167 -1466.20094992898
-1 1510331491.807658 -583.044341116241 -148.794091266135 -1455.88933771307
-1 1510331491.840743 -609.959827769886 -164.411329186481 -1449.06523733428
-1 1510331491.874388 -608.747678814512 -183.848173721977 -1434.44010416667
-1 1510331491.907782 -609.837433786103 -191.726817255435 -1426.77001953125
-1 1510331491.941140 -598.691443241004 -229.941392981488 -1406.63396661932
-1 1510331491.974562 -583.688631924716 -242.493803604789 -1393.82287227746
-1 1510331492.008471 -566.652656323982 -266.861890709918 -1393.39673591383
-1 1510331492.041968 -563.581339518229 -301.516856317935 -1385.96709280303
-1 1510331492.075195 -554.092222271544 -323.619543987772 -1390.24843158144
-1 1510331492.108772 -516.85966722893 -323.118923021399 -1400.10912346117
-1 1510331492.141886 -495.198521469579 -392.110078231148 -1394.79240648674
-1 1510331492.174831 -475.983359596946 -447.279822308084 -1386.82010535038
-1 1510331492.208204 -457.266189112808 -460.512973951257 -1375.57040127841
-1 1510331492.241619 -454.501157818419 -498.070426609205 -1367.37726384943
-1 1510331492.274920 -450.628939541903 -566.791302224864 -1353.59700520833
-1 1510331492.308734 -439.020052823153 -593.956391707711 -1352.50059185606
-1 1510331492.341914 -463.330401796283 -661.631111476732 -1406.31658380682
-1 1510331492.375190 -460.656784520005 -740.547976286515 -1414.28481593277
-1 1510331492.409060 -447.357408928149 -805.019843060037 -1415.43523615057
-1 1510331492.442234 -442.433860085227 -860.276927118716 -1414.22710996686
-1 1510331492.476697 -418.058545661695 -916.084422235904 -1392.22412109375
-1 1510331492.509296 -404.941073330966 -983.243162735649 -1377.70885120739
-1 1510331492.543017 -404.261733546402 -1051.22936082923 -1380.88748816288
-1 1510331492.577148 -388.92822265625 -1072.1484972083 -1375.81787109375
-1 1510331492.609481 -347.076832164418 -1060.43515412704 -1343.12152284564
-1 1510331492.643034 -310.568098588423 -1135.14417565387 -1312.33391039299
-1 1510331492.676854 -275.785087816643 -1203.5224582838 -1288.5605320786
-1 1510331492.709914 -246.797041459517 -1269.30442478346 -1262.54032019413
-1 1510331492.743898 -210.572861180161 -1311.54831596043 -1244.44691051136
-1 1510331492.777286 -178.105117335464 -1354.92905326512 -1232.3974609375
-1 1510331492.810234 -132.459143436316 -1458.11296545941 -1204.14780125473
-1 1510331492.843907 -71.2276574337121 -1489.02703990107 -1139.33845288826
-1 1510331492.878087 6.34488192471591 -1515.39286737857 -1078.40095288826
-1 1510331492.911062 53.8368918678977 -1549.40719604492 -1045.52704782197
-1 1510331492.944350 100.552368164062 -1563.93064415973 -1012.32984138258
-1 1510331492.977566 137.751816258286 -1557.85482655401 -989.321067116477
-1 1510331493.012944 185.663859049479 -1502.25000796111 -923.045025449811
-1 1510331493.045332 203.773359818892 -1512.39385190217 -891.189112807765
-1 1510331493.079298 237.513779148911 -1530.85529493249 -862.607643821023
-1 1510331493.112713 246.269642223011 -1604.84635726265 -860.747736150568
-1 1510331493.145994 259.308231238163 -1616.44678530486 -841.830166903409
-1 1510331493.179652 283.321958599669 -1603.63378110139 -822.078080610795
-1 1510331493.213354 294.154866536458 -1590.71741518767 -813.307513612689
-1 1510331493.247001 319.537076083097 -1617.68778925357 -787.233664772727
-1 1510331493.280961 334.404777758049 -1634.26089079484 -757.82470703125
-1 1510331493.314480 360.038433652936 -1642.01593813689 -728.241151751894
-1 1510331493.347770 377.237863251657 -1676.0009765625 -686.957341974432
-1 1510331493.381224 387.694387724905 -1729.47832190472 -655.918560606061
-1 1510331493.414727 407.684973514441 -1738.50256878397 -611.5966796875
-1 1510331493.448972 415.443466648911 -1759.05542788298 -573.815178148674
-1 1510331493.482230 425.086651426373 -1792.92284094769 -531.929524739583
-1 1510331493.515721 414.043727065578 -1892.38321055537 -488.978530421402
-1 1510331493.549520 411.902780243845 -1854.44611259129 -445.420883641098
-1 1510331493.583216 410.524402965199 -1927.46094413426 -413.120339133523
-1 1510331493.617494 405.10771780303 -1973.77418849779 -390.160023082386
-1 1510331493.650210 382.924582741477 -1952.28729248047 -365.299109256629
-1 1510331493.683780 468.249049331203 -1794.4067913553 -360.128136837121
-1 1510331493.717150 486.145851828835 -1745.73563285496 -348.933919270833
-1 1510331493.751201 495.112193714489 -1725.61088230299 -352.689615885417
-1 1510331493.784652 487.202684807055 -1867.14232071586 -366.117350260417
-1 1510331493.818350 482.567989464962 -1821.1777396824 -362.516276041667
-1 1510331493.852432 463.395552201705 -1738.19394318954 -348.539965080492
-1 1510331493.885234 471.226455226089 -1688.92417576002 -349.263509114583
-1 1510331493.918913 471.679040157434 -1711.56788701596 -345.537035392992
-1 1510331493.952398 468.044581557765 -1761.4525836447 -341.822028882576
-1 1510331493.985888 431.831776012074 -1796.55483079993 -393.074544270833
-1 1510331494.020082 464.458858605587 -1762.4499777089 -346.226917613636
-1 1510331494.052835 485.079401189631 -1619.02512260105 -302.124763257576
-1 1510331494.088086 496.423802231297 -1605.28259277344 -289.766808712121
-1 1510331494.120225 512.36747972893 -1680.74898097826 -297.235292376894
-1 1510331494.153411 505.532744436553 -1702.40160071332 -289.756451231061
-1 1510331494.186864 519.675052527225 -1682.25601859715 -295.5322265625
-1 1510331494.220285 530.928085789536 -1737.96924093495 -305.428799715909
-1 1510331494.253674 539.169588955966 -1781.66450832201 -292.165305397727
-1 1510331494.287169 544.945271809896 -1752.51637334409 -300.749067826705
-1 1510331494.320682 561.852934866241 -1743.20950715438 -288.107392282197
-1 1510331494.354140 573.389411695076 -1743.53803551715 -346.718528053977
-1 1510331494.387484 603.418708570076 -1858.61517864725 -340.878758285985
-1 1510331494.421428 649.075872247869 -1438.32151993461 -239.187899502841
-1 1510331494.454721 750.182180693655 -1136.56330937925 -176.200727982955
-1 1510331494.488184 754.463334517045 -1548.15335481063 -443.624230587121
-1 1510331494.521692 827.215853604403 -1532.50360903533 -501.971990411932
-1 1510331494.554937 885.029648289536 -1455.27270773183 -551.10566110322
-1 1510331494.588472 925.51611698035 -1456.23288361923 -556.606223366477
-1 1510331494.622350 131.563221324574 351.459204632303 -983.058860085227
-1 1510331494.655384 195.711355498343 359.537904158882 -954.24101858428
-1 1510331494.688824 173.133803858902 276.790486211362 -994.701778527462
-1 1510331494.722238 153.7265661991 249.284130594005 -1158.53234493371
-1 1510331494.755960 185.973288796165 193.970257302989 -1171.09522964015
-1 1510331494.789420 149.749570904356 742.568969726562 -1219.67884410511
-1 1510331494.823242 166.990985292377 733.767368482507 -1261.6836085464
-1 1510331494.856593 250.114024769176 696.057659646739 -1342.68983783144
-1 1510331494.890141 296.294981060606 754.44568136464 -1394.83605587121
-1 1510331494.923897 315.866921164773 731.803429645041 -1410.1455226089
-1 1510331494.959512 475.888986298532 229.214145826257 -1474.51541785038
-1 1510331494.990642 300.835904208097 857.476342242697 -1396.17697975852
-1 1510331495.024597 329.89335493608 772.336910081946 -1417.48009883996
-1 1510331495.057338 375.159801136364 1172.95094365659 501.769279711174
-1 1510331495.090905 635.094844933712 1422.21533733865 325.282981178977
-1 1510331495.123892 604.214570016572 1473.85204149329 312.558445785985
-1 1510331495.156939 620.803000710227 1496.9899053159 243.682676373106
-1 1510331495.190526 304.413396661932 1290.68656589674 -160.330107717803
-1 1510331495.224429 223.269190932765 1084.32438062585 -263.102953361742
-1 1510331495.258756 102.922104344223 931.474105171535 -305.139899976326
-1 1510331495.291268 -348.81591796875 -1057.25230341372 -630.631880326705
-1 1510331495.324479 -354.855994022254 -1109.91900900136 -669.524591619318
-1 1510331495.357540 -369.116025982481 -1164.48974609375 -760.310502485795
-1 1510331495.390659 -491.62246241714 -1062.90800675102 -350.223425662879
-1 1510331495.425896 -361.443721886837 -1014.84998620075 -801.50664358428
-1 1510331495.457436 -499.736439098011 -974.20189898947 -421.041962594697
-1 1510331495.490948 -523.868630149148 -1027.44989809783 -468.515477035985
-1 1510331495.524474 -354.73114938447 -1029.39970596977 -899.048591382576
-1 1510331495.557654 -364.797511245265 -1045.3148883322 -882.131865530303
-1 1510331495.591024 -338.762318004261 -1102.78997006624 -911.632560961174
-1 1510331495.624537 -240.500895182292 -1481.50117293648 -768.602775804924
-1 1510331495.658164 -279.064201586174 -1440.72584069293 -815.128210819129
-1 1510331495.691674 -309.171179569129 -1427.26400624151 -837.945741595644
-1 1510331495.725134 -534.396639737216 -1183.01086425781 -1001.87544389205
-1 1510331495.758783 -530.987363873106 -1176.11787215523 -1017.82004616477
-1 1510331495.792205 -547.228449041193 -1223.4690790591 -1020.654296875
-1 1510331495.825410 -535.449403705019 -1108.29215671705 -1002.96075994318
-1 1510331495.859389 -537.34130859375 -1057.66057553499 -1044.49795809659
-1 1510331495.892773 -546.050655480587 -1054.3320365574 -1040.58763908617
-1 1510331495.926250 -419.658314098011 -1379.8423435377 -869.853441642992
-1 1510331495.960574 -598.726214784564 -1079.59594726562 -991.657049005682
-1 1510331495.993425 -601.258064038826 -1142.10523522418 -991.829057173295
-1 1510331496.026544 -591.219445430871 -1198.4803572945 -971.400035511364
-1 1510331496.060637 -583.61649946733 -1221.21767790421 -967.819306344697
-1 1510331496.093736 -587.242727568655 -1238.51291822351 -939.547821969697
-1 1510331496.127476 -578.157552083333 -1247.22197159477 -932.023851799242
-1 1510331496.161229 -582.304058652936 -1274.91906207541 -919.067012902462
-1 1510331496.194776 -553.66044477983 -1231.29922618037 -922.654400449811
-1 1510331496.228109 -550.410045276989 -1245.38123089334 -923.98163766572
-1 1510331496.262117 -546.307373046875 -1272.17380689538 -931.536310369318
-1 1510331496.295202 -542.922511245265 -1282.65301248302 -932.612748579545
-1 1510331496.329344 -540.82734079072 -1298.22281547215 -929.784046519886
-1 1510331496.362535 -536.598159327652 -1302.53614342731 -932.880193536932
-1 1510331496.396269 -533.879320549242 -1311.78283691406 -932.315340909091
-1 1510331496.430245 -534.703850023674 -1318.29276706861 -934.622099905303
-1 1510331496.463226 -534.09072413589 -1333.78176481827 -935.497676964962
-1 1510331496.497578 -534.192449396307 -1344.66207753057 -936.448715672348
-1 1510331496.530830 -532.733339251894 -1348.68323284647 -936.295942826705
-1 1510331496.564239 -543.947901870265 -1311.39791737432 -928.701689749053
-1 1510331496.597637 -544.529400449811 -1303.81496263587 -924.493223248106
-1 1510331496.631312 -546.662856593277 -1307.59701936141 -920.966870857008
-1 1510331496.664750 -540.775183475379 -1334.42674719769 -927.145478219697
-1 1510331496.698108 -541.683127663352 -1350.45497728431 -930.212772253788
-1 1510331496.731786 -540.084561434659 -1363.85736880095 -931.211899266098
-1 1510331496.765111 -542.709812973485 -1362.73551609205 -929.097863399621
-1 1510331496.798776 -536.042924360795 -1351.48381772249 -928.508966619318
-1 1510331496.832291 -540.284682765152 -1369.49807871943 -929.268761837121
-1 1510331496.865710 -512.075158321496 -1373.02803371264 -938.09111624053
-1 1510331496.899256 -526.721376361269 -1377.75334897249 -933.408425071023
-1 1510331496.933182 -531.895677971117 -1384.0992803159 -930.835700757576
-1 1510331496.966248 -531.90400094697 -1379.52442998471 -929.949396306818
-1 1510331497.000415 -533.266934481534 -1379.3117357337 -929.513272372159
-1 1510331497.033872 -538.639877781723 -1357.33735457711 -937.457090435606
-1 1510331497.066916 -552.230002663352 -1392.06848144531 -929.914994673295
-1 1510331497.100742 -549.443100437973 -1395.3285548998 -928.406501538826
-1 1510331497.134439 -542.939527107008 -1390.59076723845 -929.361979166667
-1 1510331497.167765 -544.413803562973 -1401.66904615319 -929.191450639205
-1 1510331497.201748 -540.17851858428 -1398.56872558594 -934.347626657197
-1 1510331497.234709 -517.479913884943 -1366.07082201087 -924.146247632576
-1 1510331497.268625 -511.609071673769 -1352.68833326257 -918.564305160985
-1 1510331497.302121 -511.221220999053 -1356.09595257303 -919.854921283144
-1 1510331497.335607 -515.186656605114 -1367.8651229195 -921.830240885417
-1 1510331497.369451 -520.513546105587 -1376.01291822351 -939.656205610795
-1 1510331497.402848 -521.07636422822 -1368.80267599355 -922.216426964962
-1 1510331497.436754 -530.802778764205 -1376.76391601562 -926.47002249053
-1 1510331497.469604 -530.802778764205 -1376.76391601562 -926.47002249053
-1 1510331497.502965 -530.802778764205 -1376.76391601562 -926.47002249053
-1 1510331497.536625 -530.802778764205 -1376.76391601562 -926.47002249053
-1 1510331497.570171 -530.802778764205 -1376.76391601562 -926.47002249053
-1 1510331497.603585 -530.802778764205 -1376.76391601562 -926.47002249053
-1 1510331497.637124 -530.802778764205 -1376.76391601562 -926.47002249053
